02/10/2015 0:23:59 Saurus paso a nivel 2 gano HP: 10
02/10/2015 0:24:02 Saurus paso a nivel 3 gano HP: 9
02/10/2015 0:24:06 Saurus paso a nivel 4 gano HP: 11
02/10/2015 0:24:10 Saurus paso a nivel 5 gano HP: 11
02/10/2015 0:24:13 Saurus paso a nivel 6 gano HP: 8
02/10/2015 0:24:17 Saurus paso a nivel 7 gano HP: 8
02/10/2015 0:24:20 Saurus paso a nivel 8 gano HP: 11
02/10/2015 0:24:23 Saurus paso a nivel 9 gano HP: 9
02/10/2015 0:24:27 Saurus paso a nivel 10 gano HP: 8
02/10/2015 0:24:30 Saurus paso a nivel 11 gano HP: 10
02/10/2015 0:26:07 Saurus paso a nivel 12 gano HP: 11
02/10/2015 0:27:21 Saurus paso a nivel 13 gano HP: 9
02/10/2015 0:27:34 Saurus paso a nivel 14 gano HP: 11
02/10/2015 0:27:55 Saurus paso a nivel 15 gano HP: 11
02/10/2015 0:28:53 Saurus paso a nivel 16 gano HP: 9
02/10/2015 0:29:20 Saurus paso a nivel 17 gano HP: 11
02/10/2015 0:29:53 Saurus paso a nivel 18 gano HP: 7
02/10/2015 0:30:40 Saurus paso a nivel 19 gano HP: 8
02/10/2015 0:30:57 Saurus paso a nivel 20 gano HP: 9
02/10/2015 0:31:12 Saurus paso a nivel 21 gano HP: 10
02/10/2015 0:31:12 Saurus paso a nivel 22 gano HP: 11
02/10/2015 0:31:12 Saurus paso a nivel 23 gano HP: 8
02/10/2015 0:31:12 Saurus paso a nivel 24 gano HP: 11
02/10/2015 0:31:12 Saurus paso a nivel 25 gano HP: 7
02/10/2015 0:31:12 Saurus paso a nivel 26 gano HP: 10
02/10/2015 0:31:22 Saurus paso a nivel 27 gano HP: 9
02/10/2015 0:31:22 Saurus paso a nivel 28 gano HP: 7
02/10/2015 0:31:22 Saurus paso a nivel 29 gano HP: 8
02/10/2015 0:31:22 Saurus paso a nivel 30 gano HP: 9
02/10/2015 0:31:22 Saurus paso a nivel 31 gano HP: 8
02/10/2015 0:31:22 Saurus paso a nivel 32 gano HP: 8
02/10/2015 0:31:22 Saurus paso a nivel 33 gano HP: 8
02/10/2015 0:31:22 Saurus paso a nivel 34 gano HP: 7
02/10/2015 0:31:22 Saurus paso a nivel 35 gano HP: 7
02/10/2015 0:31:33 Saurus paso a nivel 36 gano HP: 11
02/10/2015 0:31:33 Saurus paso a nivel 37 gano HP: 7
02/10/2015 0:31:33 Saurus paso a nivel 38 gano HP: 9
02/10/2015 0:31:34 Saurus paso a nivel 39 gano HP: 9
02/10/2015 0:31:34 Saurus paso a nivel 40 gano HP: 9
02/10/2015 0:31:36 Saurus paso a nivel 41 gano HP: 8
02/10/2015 0:31:37 Saurus paso a nivel 42 gano HP: 10
02/10/2015 0:31:38 Saurus paso a nivel 43 gano HP: 8
02/10/2015 0:31:39 Saurus paso a nivel 44 gano HP: 11
02/10/2015 0:31:41 Saurus paso a nivel 45 gano HP: 11
02/10/2015 0:31:45 Saurus paso a nivel 46 gano HP: 8
02/10/2015 0:31:50 Saurus paso a nivel 47 gano HP: 11
02/10/2015 0:31:54 Saurus paso a nivel 48 gano HP: 9
02/10/2015 0:31:59 Saurus paso a nivel 49 gano HP: 10
02/10/2015 0:32:19 Saurus paso a nivel 50 gano HP: 11
02/10/2015 22:25:43 Zenitram paso a nivel 2 gano HP: 9
02/10/2015 22:25:43 Zenitram paso a nivel 3 gano HP: 7
02/10/2015 22:25:43 Zenitram paso a nivel 4 gano HP: 7
02/10/2015 22:25:43 Zenitram paso a nivel 5 gano HP: 8
02/10/2015 22:25:43 Zenitram paso a nivel 6 gano HP: 10
02/10/2015 22:25:43 Zenitram paso a nivel 7 gano HP: 9
02/10/2015 22:25:43 Zenitram paso a nivel 8 gano HP: 11
02/10/2015 22:25:43 Zenitram paso a nivel 9 gano HP: 8
02/10/2015 22:25:43 Zenitram paso a nivel 10 gano HP: 11
02/10/2015 22:25:43 Zenitram paso a nivel 11 gano HP: 10
02/10/2015 22:25:43 Zenitram paso a nivel 12 gano HP: 10
02/10/2015 22:25:43 Zenitram paso a nivel 13 gano HP: 10
02/10/2015 22:25:43 Zenitram paso a nivel 14 gano HP: 7
02/10/2015 22:25:43 Zenitram paso a nivel 15 gano HP: 10
02/10/2015 22:25:43 Zenitram paso a nivel 16 gano HP: 10
02/10/2015 22:25:43 Zenitram paso a nivel 17 gano HP: 10
02/10/2015 22:25:43 Zenitram paso a nivel 18 gano HP: 11
02/10/2015 22:25:43 Zenitram paso a nivel 19 gano HP: 10
02/10/2015 22:25:43 Zenitram paso a nivel 20 gano HP: 7
02/10/2015 22:25:43 Zenitram paso a nivel 21 gano HP: 10
02/10/2015 22:25:43 Zenitram paso a nivel 22 gano HP: 7
02/10/2015 22:25:43 Zenitram paso a nivel 23 gano HP: 10
02/10/2015 22:25:43 Zenitram paso a nivel 24 gano HP: 8
02/10/2015 22:25:43 Zenitram paso a nivel 25 gano HP: 9
02/10/2015 22:25:43 Zenitram paso a nivel 26 gano HP: 8
02/10/2015 22:25:43 Zenitram paso a nivel 27 gano HP: 7
02/10/2015 22:25:43 Zenitram paso a nivel 28 gano HP: 10
02/10/2015 22:25:43 Zenitram paso a nivel 29 gano HP: 9
02/10/2015 22:25:43 Zenitram paso a nivel 30 gano HP: 8
02/10/2015 22:25:43 Zenitram paso a nivel 31 gano HP: 8
02/10/2015 22:25:43 Zenitram paso a nivel 32 gano HP: 8
02/10/2015 22:25:43 Zenitram paso a nivel 33 gano HP: 8
02/10/2015 22:25:43 Zenitram paso a nivel 34 gano HP: 10
02/10/2015 22:25:43 Zenitram paso a nivel 35 gano HP: 11
02/10/2015 22:25:43 Zenitram paso a nivel 36 gano HP: 8
02/10/2015 22:25:43 Zenitram paso a nivel 37 gano HP: 10
02/10/2015 22:25:43 Zenitram paso a nivel 38 gano HP: 11
02/10/2015 22:25:43 Zenitram paso a nivel 39 gano HP: 11
02/10/2015 22:25:43 Zenitram paso a nivel 40 gano HP: 10
02/10/2015 22:25:43 Zenitram paso a nivel 41 gano HP: 8
02/10/2015 22:25:43 Zenitram paso a nivel 42 gano HP: 9
02/10/2015 22:25:43 Zenitram paso a nivel 43 gano HP: 7
02/10/2015 22:25:43 Zenitram paso a nivel 44 gano HP: 8
02/10/2015 22:25:43 Zenitram paso a nivel 45 gano HP: 8
02/10/2015 22:25:43 Zenitram paso a nivel 46 gano HP: 9
02/10/2015 22:26:08 Zenitram paso a nivel 47 gano HP: 8
02/10/2015 22:26:08 Zenitram paso a nivel 48 gano HP: 8
02/10/2015 22:26:08 Zenitram paso a nivel 49 gano HP: 8
02/10/2015 22:26:08 Zenitram paso a nivel 50 gano HP: 11
02/10/2015 22:26:19 NheraQ paso a nivel 2 gano HP: 10
02/10/2015 22:26:19 NheraQ paso a nivel 3 gano HP: 10
02/10/2015 22:26:19 NheraQ paso a nivel 4 gano HP: 8
02/10/2015 22:26:19 NheraQ paso a nivel 5 gano HP: 10
02/10/2015 22:26:19 NheraQ paso a nivel 6 gano HP: 6
02/10/2015 22:26:19 NheraQ paso a nivel 7 gano HP: 10
02/10/2015 22:26:19 NheraQ paso a nivel 8 gano HP: 10
02/10/2015 22:26:19 NheraQ paso a nivel 9 gano HP: 7
02/10/2015 22:26:19 NheraQ paso a nivel 10 gano HP: 6
02/10/2015 22:26:19 NheraQ paso a nivel 11 gano HP: 7
02/10/2015 22:26:19 NheraQ paso a nivel 12 gano HP: 9
02/10/2015 22:26:19 NheraQ paso a nivel 13 gano HP: 7
02/10/2015 22:26:19 NheraQ paso a nivel 14 gano HP: 8
02/10/2015 22:26:19 NheraQ paso a nivel 15 gano HP: 8
02/10/2015 22:26:19 NheraQ paso a nivel 16 gano HP: 8
02/10/2015 22:26:19 NheraQ paso a nivel 17 gano HP: 6
02/10/2015 22:26:19 NheraQ paso a nivel 18 gano HP: 9
02/10/2015 22:26:19 NheraQ paso a nivel 19 gano HP: 10
02/10/2015 22:26:19 NheraQ paso a nivel 20 gano HP: 10
02/10/2015 22:26:19 NheraQ paso a nivel 21 gano HP: 7
02/10/2015 22:26:19 NheraQ paso a nivel 22 gano HP: 7
02/10/2015 22:26:19 NheraQ paso a nivel 23 gano HP: 8
02/10/2015 22:26:19 NheraQ paso a nivel 24 gano HP: 8
02/10/2015 22:26:19 NheraQ paso a nivel 25 gano HP: 7
02/10/2015 22:26:19 NheraQ paso a nivel 26 gano HP: 6
02/10/2015 22:26:19 NheraQ paso a nivel 27 gano HP: 7
02/10/2015 22:26:19 NheraQ paso a nivel 28 gano HP: 10
02/10/2015 22:26:19 NheraQ paso a nivel 29 gano HP: 7
02/10/2015 22:26:19 NheraQ paso a nivel 30 gano HP: 10
02/10/2015 22:26:19 NheraQ paso a nivel 31 gano HP: 10
02/10/2015 22:26:19 NheraQ paso a nivel 32 gano HP: 7
02/10/2015 22:26:19 NheraQ paso a nivel 33 gano HP: 9
02/10/2015 22:26:19 NheraQ paso a nivel 34 gano HP: 8
02/10/2015 22:26:19 NheraQ paso a nivel 35 gano HP: 6
02/10/2015 22:26:19 NheraQ paso a nivel 36 gano HP: 9
02/10/2015 22:26:19 NheraQ paso a nivel 37 gano HP: 10
02/10/2015 22:26:19 NheraQ paso a nivel 38 gano HP: 10
02/10/2015 22:26:19 NheraQ paso a nivel 39 gano HP: 10
02/10/2015 22:26:19 NheraQ paso a nivel 40 gano HP: 7
02/10/2015 22:26:19 NheraQ paso a nivel 41 gano HP: 9
02/10/2015 22:26:19 NheraQ paso a nivel 42 gano HP: 8
02/10/2015 22:26:19 NheraQ paso a nivel 43 gano HP: 9
02/10/2015 22:26:19 NheraQ paso a nivel 44 gano HP: 10
02/10/2015 22:26:19 NheraQ paso a nivel 45 gano HP: 6
02/10/2015 22:26:19 NheraQ paso a nivel 46 gano HP: 8
02/10/2015 22:26:19 NheraQ paso a nivel 47 gano HP: 8
02/10/2015 22:26:19 NheraQ paso a nivel 48 gano HP: 8
02/10/2015 22:26:19 NheraQ paso a nivel 49 gano HP: 10
02/10/2015 22:26:19 NheraQ paso a nivel 50 gano HP: 7
02/10/2015 22:31:00 NheraQ compró del NPC 1000 Poción Roja
02/10/2015 22:31:01 NheraQ compró del NPC 1000 Poción Roja
02/10/2015 22:31:01 NheraQ compró del NPC 1000 Poción Roja
02/10/2015 22:31:01 NheraQ compró del NPC 1000 Poción Roja
02/10/2015 22:31:02 NheraQ compró del NPC 1000 Poción Roja
02/10/2015 22:31:02 NheraQ compró del NPC 1000 Poción Roja
02/10/2015 22:31:02 NheraQ compró del NPC 1000 Poción Roja
02/10/2015 22:31:02 NheraQ compró del NPC 1000 Poción Roja
02/10/2015 22:31:02 NheraQ compró del NPC 1000 Poción Roja
02/10/2015 22:31:02 NheraQ compró del NPC 1000 Poción Roja
02/10/2015 22:31:03 NheraQ compró del NPC 1000 Poción Roja
02/10/2015 22:31:03 NheraQ compró del NPC 1000 Poción Roja
02/10/2015 22:31:03 NheraQ compró del NPC 1000 Poción Roja
02/10/2015 22:31:03 NheraQ compró del NPC 1000 Poción Roja
02/10/2015 22:31:03 NheraQ compró del NPC 1000 Poción Roja
02/10/2015 22:31:03 NheraQ compró del NPC 1000 Poción Roja
02/10/2015 22:31:03 NheraQ compró del NPC 1000 Poción Roja
02/10/2015 22:31:03 NheraQ compró del NPC 1000 Poción Roja
02/10/2015 22:31:05 NheraQ compró del NPC 1000 Poción Azul
02/10/2015 22:31:05 NheraQ compró del NPC 1000 Poción Azul
02/10/2015 22:31:05 NheraQ compró del NPC 1000 Poción Azul
02/10/2015 22:31:05 NheraQ compró del NPC 1000 Poción Azul
02/10/2015 22:31:05 NheraQ compró del NPC 1000 Poción Azul
02/10/2015 22:31:05 NheraQ compró del NPC 1000 Poción Azul
02/10/2015 22:31:05 NheraQ compró del NPC 1000 Poción Azul
02/10/2015 22:31:05 NheraQ compró del NPC 1000 Poción Azul
02/10/2015 22:31:05 NheraQ compró del NPC 1000 Poción Azul
02/10/2015 22:31:05 NheraQ compró del NPC 1000 Poción Azul
02/10/2015 22:31:06 NheraQ compró del NPC 1000 Poción Azul
02/10/2015 22:31:06 NheraQ compró del NPC 1000 Poción Azul
02/10/2015 22:31:06 NheraQ compró del NPC 1000 Poción Azul
02/10/2015 22:31:06 NheraQ compró del NPC 1000 Poción Azul
02/10/2015 22:31:06 NheraQ compró del NPC 1000 Poción Azul
02/10/2015 22:31:06 NheraQ compró del NPC 1000 Poción Azul
02/10/2015 22:31:08 NheraQ compró del NPC 1000 Poción Amarilla
02/10/2015 22:33:17 Liast paso a nivel 2 gano HP: 8
02/10/2015 22:33:17 Liast paso a nivel 3 gano HP: 7
02/10/2015 22:33:17 Liast paso a nivel 4 gano HP: 7
02/10/2015 22:33:17 Liast paso a nivel 5 gano HP: 6
02/10/2015 22:33:17 Liast paso a nivel 6 gano HP: 5
02/10/2015 22:33:17 Liast paso a nivel 7 gano HP: 5
02/10/2015 22:33:17 Liast paso a nivel 8 gano HP: 6
02/10/2015 22:33:17 Liast paso a nivel 9 gano HP: 5
02/10/2015 22:33:17 Liast paso a nivel 10 gano HP: 5
02/10/2015 22:33:17 Liast paso a nivel 11 gano HP: 5
02/10/2015 22:33:17 Liast paso a nivel 12 gano HP: 5
02/10/2015 22:33:17 Liast paso a nivel 13 gano HP: 5
02/10/2015 22:33:17 Liast paso a nivel 14 gano HP: 5
02/10/2015 22:33:17 Liast paso a nivel 15 gano HP: 6
02/10/2015 22:33:17 Liast paso a nivel 16 gano HP: 8
02/10/2015 22:33:17 Liast paso a nivel 17 gano HP: 7
02/10/2015 22:33:17 Liast paso a nivel 18 gano HP: 8
02/10/2015 22:33:17 Liast paso a nivel 19 gano HP: 8
02/10/2015 22:33:17 Liast paso a nivel 20 gano HP: 8
02/10/2015 22:33:17 Liast paso a nivel 21 gano HP: 6
02/10/2015 22:33:17 Liast paso a nivel 22 gano HP: 5
02/10/2015 22:33:17 Liast paso a nivel 23 gano HP: 7
02/10/2015 22:33:17 Liast paso a nivel 24 gano HP: 8
02/10/2015 22:33:17 Liast paso a nivel 25 gano HP: 5
02/10/2015 22:33:17 Liast paso a nivel 26 gano HP: 7
02/10/2015 22:33:17 Liast paso a nivel 27 gano HP: 8
02/10/2015 22:33:17 Liast paso a nivel 28 gano HP: 5
02/10/2015 22:33:17 Liast paso a nivel 29 gano HP: 7
02/10/2015 22:33:17 Liast paso a nivel 30 gano HP: 5
02/10/2015 22:33:17 Liast paso a nivel 31 gano HP: 6
02/10/2015 22:33:17 Liast paso a nivel 32 gano HP: 7
02/10/2015 22:33:17 Liast paso a nivel 33 gano HP: 5
02/10/2015 22:33:17 Liast paso a nivel 34 gano HP: 8
02/10/2015 22:33:17 Liast paso a nivel 35 gano HP: 7
02/10/2015 22:33:28 Liast paso a nivel 36 gano HP: 8
02/10/2015 22:33:28 Liast paso a nivel 37 gano HP: 8
02/10/2015 22:33:28 Liast paso a nivel 38 gano HP: 5
02/10/2015 22:33:28 Liast paso a nivel 39 gano HP: 5
02/10/2015 22:33:30 Liast paso a nivel 40 gano HP: 8
02/10/2015 22:33:32 Liast paso a nivel 41 gano HP: 6
02/10/2015 22:33:32 Liast paso a nivel 42 gano HP: 7
02/10/2015 22:33:34 Liast paso a nivel 43 gano HP: 6
02/10/2015 22:33:36 Liast paso a nivel 44 gano HP: 7
02/10/2015 22:33:39 Liast paso a nivel 45 gano HP: 6
02/10/2015 22:33:41 Liast paso a nivel 46 gano HP: 7
02/10/2015 22:41:25 Sr WorfooD paso a nivel 2 gano HP: 7
02/10/2015 22:41:25 Sr WorfooD paso a nivel 3 gano HP: 8
02/10/2015 22:41:25 Sr WorfooD paso a nivel 4 gano HP: 9
02/10/2015 22:41:25 Sr WorfooD paso a nivel 5 gano HP: 8
02/10/2015 22:41:25 Sr WorfooD paso a nivel 6 gano HP: 8
02/10/2015 22:41:25 Sr WorfooD paso a nivel 7 gano HP: 10
02/10/2015 22:41:25 Sr WorfooD paso a nivel 8 gano HP: 7
02/10/2015 22:41:25 Sr WorfooD paso a nivel 9 gano HP: 9
02/10/2015 22:41:25 Sr WorfooD paso a nivel 10 gano HP: 8
02/10/2015 22:41:25 Sr WorfooD paso a nivel 11 gano HP: 10
02/10/2015 22:41:25 Sr WorfooD paso a nivel 12 gano HP: 10
02/10/2015 22:41:25 Sr WorfooD paso a nivel 13 gano HP: 7
02/10/2015 22:41:25 Sr WorfooD paso a nivel 14 gano HP: 9
02/10/2015 22:41:25 Sr WorfooD paso a nivel 15 gano HP: 7
02/10/2015 22:41:25 Sr WorfooD paso a nivel 16 gano HP: 9
02/10/2015 22:41:25 Sr WorfooD paso a nivel 17 gano HP: 10
02/10/2015 22:41:25 Sr WorfooD paso a nivel 18 gano HP: 10
02/10/2015 22:41:25 Sr WorfooD paso a nivel 19 gano HP: 10
02/10/2015 22:41:25 Sr WorfooD paso a nivel 20 gano HP: 9
02/10/2015 22:41:25 Sr WorfooD paso a nivel 21 gano HP: 9
02/10/2015 22:41:25 Sr WorfooD paso a nivel 22 gano HP: 8
02/10/2015 22:41:25 Sr WorfooD paso a nivel 23 gano HP: 7
02/10/2015 22:41:25 Sr WorfooD paso a nivel 24 gano HP: 10
02/10/2015 22:41:25 Sr WorfooD paso a nivel 25 gano HP: 8
02/10/2015 22:41:25 Sr WorfooD paso a nivel 26 gano HP: 8
02/10/2015 22:41:25 Sr WorfooD paso a nivel 27 gano HP: 10
02/10/2015 22:41:25 Sr WorfooD paso a nivel 28 gano HP: 9
02/10/2015 22:41:25 Sr WorfooD paso a nivel 29 gano HP: 7
02/10/2015 22:41:25 Sr WorfooD paso a nivel 30 gano HP: 7
02/10/2015 22:41:25 Sr WorfooD paso a nivel 31 gano HP: 7
02/10/2015 22:41:25 Sr WorfooD paso a nivel 32 gano HP: 9
02/10/2015 22:41:25 Sr WorfooD paso a nivel 33 gano HP: 10
02/10/2015 22:41:25 Sr WorfooD paso a nivel 34 gano HP: 9
02/10/2015 22:41:25 Sr WorfooD paso a nivel 35 gano HP: 7
02/10/2015 22:41:25 Sr WorfooD paso a nivel 36 gano HP: 7
02/10/2015 22:41:25 Sr WorfooD paso a nivel 37 gano HP: 10
02/10/2015 22:41:25 Sr WorfooD paso a nivel 38 gano HP: 9
02/10/2015 22:41:25 Sr WorfooD paso a nivel 39 gano HP: 9
02/10/2015 22:41:25 Sr WorfooD paso a nivel 40 gano HP: 10
02/10/2015 22:41:25 Sr WorfooD paso a nivel 41 gano HP: 8
02/10/2015 22:41:25 Sr WorfooD paso a nivel 42 gano HP: 10
02/10/2015 22:41:25 Sr WorfooD paso a nivel 43 gano HP: 7
02/10/2015 22:41:25 Sr WorfooD paso a nivel 44 gano HP: 8
02/10/2015 22:41:25 Sr WorfooD paso a nivel 45 gano HP: 7
02/10/2015 22:41:25 Sr WorfooD paso a nivel 46 gano HP: 7
02/10/2015 22:41:25 Sr WorfooD paso a nivel 47 gano HP: 8
02/10/2015 22:41:25 Sr WorfooD paso a nivel 48 gano HP: 7
02/10/2015 22:41:25 Sr WorfooD paso a nivel 49 gano HP: 10
03/10/2015 1:40:19 Test jaja paso a nivel 2 gano HP: 9
03/10/2015 1:40:19 Test jaja paso a nivel 3 gano HP: 9
03/10/2015 2:27:42 Tolkien paso a nivel 2 gano HP: 10
03/10/2015 2:27:54 Tolkien paso a nivel 3 gano HP: 10
03/10/2015 2:28:01 Tolkien paso a nivel 4 gano HP: 10
03/10/2015 2:28:13 Tolkien paso a nivel 5 gano HP: 7
03/10/2015 2:28:13 Tolkien paso a nivel 6 gano HP: 7
03/10/2015 2:28:13 Tolkien paso a nivel 7 gano HP: 6
03/10/2015 2:28:13 Tolkien paso a nivel 8 gano HP: 10
03/10/2015 2:28:13 Tolkien paso a nivel 9 gano HP: 8
03/10/2015 2:28:13 Tolkien paso a nivel 10 gano HP: 6
03/10/2015 2:28:13 Tolkien paso a nivel 11 gano HP: 6
03/10/2015 2:28:13 Tolkien paso a nivel 12 gano HP: 7
03/10/2015 2:28:13 Tolkien paso a nivel 13 gano HP: 9
03/10/2015 2:28:13 Tolkien paso a nivel 14 gano HP: 10
03/10/2015 2:28:13 Tolkien paso a nivel 15 gano HP: 9
03/10/2015 2:28:13 Tolkien paso a nivel 16 gano HP: 9
03/10/2015 2:28:13 Tolkien paso a nivel 17 gano HP: 9
03/10/2015 2:28:13 Tolkien paso a nivel 18 gano HP: 9
03/10/2015 2:28:13 Tolkien paso a nivel 19 gano HP: 10
03/10/2015 2:28:13 Tolkien paso a nivel 20 gano HP: 10
03/10/2015 2:28:13 Tolkien paso a nivel 21 gano HP: 8
03/10/2015 2:28:13 Tolkien paso a nivel 22 gano HP: 10
03/10/2015 2:28:13 Tolkien paso a nivel 23 gano HP: 9
03/10/2015 2:28:14 Tolkien paso a nivel 24 gano HP: 10
03/10/2015 2:28:14 Tolkien paso a nivel 25 gano HP: 8
03/10/2015 2:28:14 Tolkien paso a nivel 26 gano HP: 7
03/10/2015 2:28:14 Tolkien paso a nivel 27 gano HP: 8
03/10/2015 2:28:14 Tolkien paso a nivel 28 gano HP: 6
03/10/2015 2:28:14 Tolkien paso a nivel 29 gano HP: 9
03/10/2015 2:28:14 Tolkien paso a nivel 30 gano HP: 8
03/10/2015 2:28:14 Tolkien paso a nivel 31 gano HP: 7
03/10/2015 2:28:14 Tolkien paso a nivel 32 gano HP: 10
03/10/2015 2:28:14 Tolkien paso a nivel 33 gano HP: 6
03/10/2015 2:28:14 Tolkien paso a nivel 34 gano HP: 10
03/10/2015 2:28:14 Tolkien paso a nivel 35 gano HP: 10
03/10/2015 2:28:18 Tolkien paso a nivel 36 gano HP: 8
03/10/2015 2:28:18 Tolkien paso a nivel 37 gano HP: 10
03/10/2015 2:28:18 Tolkien paso a nivel 38 gano HP: 8
03/10/2015 2:28:18 Tolkien paso a nivel 39 gano HP: 6
03/10/2015 2:28:18 Tolkien paso a nivel 40 gano HP: 8
03/10/2015 2:28:18 Tolkien paso a nivel 41 gano HP: 9
03/10/2015 2:28:18 Tolkien paso a nivel 42 gano HP: 6
03/10/2015 2:28:18 Tolkien paso a nivel 43 gano HP: 6
03/10/2015 2:28:18 Tolkien paso a nivel 44 gano HP: 9
03/10/2015 2:28:18 Tolkien paso a nivel 45 gano HP: 9
03/10/2015 2:28:18 Tolkien paso a nivel 46 gano HP: 9
03/10/2015 2:28:18 Tolkien paso a nivel 47 gano HP: 6
03/10/2015 2:28:18 Tolkien paso a nivel 48 gano HP: 7
03/10/2015 2:28:18 Tolkien paso a nivel 49 gano HP: 8
03/10/2015 2:28:18 Tolkien paso a nivel 50 gano HP: 7
10/10/2015 15:57:08 Krixnhar paso a nivel 41 gano HP: 6
10/10/2015 16:01:42 League Of Legends paso a nivel 2 gano HP: 9
10/10/2015 16:01:42 League Of Legends paso a nivel 3 gano HP: 8
10/10/2015 16:01:42 League Of Legends paso a nivel 4 gano HP: 10
10/10/2015 16:01:42 League Of Legends paso a nivel 5 gano HP: 7
10/10/2015 16:01:42 League Of Legends paso a nivel 6 gano HP: 7
10/10/2015 16:01:42 League Of Legends paso a nivel 7 gano HP: 9
10/10/2015 16:01:42 League Of Legends paso a nivel 8 gano HP: 6
10/10/2015 16:01:42 League Of Legends paso a nivel 9 gano HP: 8
10/10/2015 16:01:42 League Of Legends paso a nivel 10 gano HP: 7
10/10/2015 16:01:42 League Of Legends paso a nivel 11 gano HP: 10
10/10/2015 16:01:42 League Of Legends paso a nivel 12 gano HP: 6
10/10/2015 16:01:42 League Of Legends paso a nivel 13 gano HP: 8
10/10/2015 16:01:42 League Of Legends paso a nivel 14 gano HP: 10
10/10/2015 16:01:42 League Of Legends paso a nivel 15 gano HP: 9
10/10/2015 16:01:42 League Of Legends paso a nivel 16 gano HP: 9
10/10/2015 16:01:42 League Of Legends paso a nivel 17 gano HP: 10
10/10/2015 16:01:42 League Of Legends paso a nivel 18 gano HP: 10
10/10/2015 16:01:42 League Of Legends paso a nivel 19 gano HP: 6
10/10/2015 16:01:42 League Of Legends paso a nivel 20 gano HP: 9
10/10/2015 16:01:42 League Of Legends paso a nivel 21 gano HP: 9
10/10/2015 16:01:42 League Of Legends paso a nivel 22 gano HP: 10
10/10/2015 16:01:42 League Of Legends paso a nivel 23 gano HP: 7
10/10/2015 16:01:42 League Of Legends paso a nivel 24 gano HP: 10
10/10/2015 16:01:42 League Of Legends paso a nivel 25 gano HP: 9
10/10/2015 16:01:42 League Of Legends paso a nivel 26 gano HP: 8
10/10/2015 16:01:42 League Of Legends paso a nivel 27 gano HP: 9
10/10/2015 16:01:42 League Of Legends paso a nivel 28 gano HP: 7
10/10/2015 16:01:42 League Of Legends paso a nivel 29 gano HP: 10
10/10/2015 16:01:42 League Of Legends paso a nivel 30 gano HP: 9
10/10/2015 16:01:42 League Of Legends paso a nivel 31 gano HP: 8
10/10/2015 16:01:42 League Of Legends paso a nivel 32 gano HP: 10
10/10/2015 16:01:42 League Of Legends paso a nivel 33 gano HP: 7
10/10/2015 16:01:42 League Of Legends paso a nivel 34 gano HP: 8
10/10/2015 16:01:42 League Of Legends paso a nivel 35 gano HP: 8
10/10/2015 16:01:42 League Of Legends paso a nivel 36 gano HP: 10
10/10/2015 16:01:42 League Of Legends paso a nivel 37 gano HP: 10
10/10/2015 16:01:42 League Of Legends paso a nivel 38 gano HP: 10
10/10/2015 16:01:42 League Of Legends paso a nivel 39 gano HP: 8
10/10/2015 16:01:42 League Of Legends paso a nivel 40 gano HP: 10
10/10/2015 16:01:42 League Of Legends paso a nivel 41 gano HP: 9
10/10/2015 16:01:42 League Of Legends paso a nivel 42 gano HP: 6
10/10/2015 16:01:42 League Of Legends paso a nivel 43 gano HP: 9
10/10/2015 16:01:42 League Of Legends paso a nivel 44 gano HP: 10
10/10/2015 16:01:42 League Of Legends paso a nivel 45 gano HP: 10
10/10/2015 16:01:42 League Of Legends paso a nivel 46 gano HP: 10
10/10/2015 16:01:42 League Of Legends paso a nivel 47 gano HP: 10
10/10/2015 16:01:42 League Of Legends paso a nivel 48 gano HP: 6
10/10/2015 16:01:42 League Of Legends paso a nivel 49 gano HP: 8
10/10/2015 16:08:13 League Of Legends paso a nivel 2 gano HP: 10
10/10/2015 16:08:13 League Of Legends paso a nivel 3 gano HP: 10
10/10/2015 16:08:19 League Of Legends paso a nivel 4 gano HP: 10
10/10/2015 16:39:57 cacaII paso a nivel 2 gano HP: 6
10/10/2015 16:39:57 cacaII paso a nivel 3 gano HP: 7
10/10/2015 22:12:54 cacaII paso a nivel 4 gano HP: 7
