
07/12/2015 16:33:21 SexoPuedeUsarItem
07/12/2015 16:33:21 SexoPuedeUsarItem
07/12/2015 16:33:21 SexoPuedeUsarItem
07/12/2015 16:33:21 SexoPuedeUsarItem
07/12/2015 16:33:21 SexoPuedeUsarItem
07/12/2015 16:33:21 SexoPuedeUsarItem
07/12/2015 16:33:21 SexoPuedeUsarItem
07/12/2015 16:33:21 SexoPuedeUsarItem
07/12/2015 16:33:21 SexoPuedeUsarItem
07/12/2015 16:33:21 SexoPuedeUsarItem
07/12/2015 16:33:21 SexoPuedeUsarItem
07/12/2015 16:33:21 SexoPuedeUsarItem
07/12/2015 16:33:21 SexoPuedeUsarItem
07/12/2015 16:33:21 SexoPuedeUsarItem
07/12/2015 16:33:21 SexoPuedeUsarItem
07/12/2015 16:33:21 SexoPuedeUsarItem
07/12/2015 16:33:21 SexoPuedeUsarItem
07/12/2015 16:33:21 SexoPuedeUsarItem
07/12/2015 16:35:11 SexoPuedeUsarItem
07/12/2015 16:35:11 SexoPuedeUsarItem
07/12/2015 16:35:11 SexoPuedeUsarItem
07/12/2015 16:35:11 SexoPuedeUsarItem
07/12/2015 16:35:11 SexoPuedeUsarItem
07/12/2015 16:35:11 SexoPuedeUsarItem
07/12/2015 16:35:11 SexoPuedeUsarItem
07/12/2015 16:35:11 SexoPuedeUsarItem
07/12/2015 16:35:11 SexoPuedeUsarItem
07/12/2015 16:35:11 SexoPuedeUsarItem
07/12/2015 16:35:11 SexoPuedeUsarItem
07/12/2015 16:35:11 SexoPuedeUsarItem
07/12/2015 16:35:11 SexoPuedeUsarItem
07/12/2015 16:35:11 SexoPuedeUsarItem
07/12/2015 16:35:11 SexoPuedeUsarItem
07/12/2015 16:35:11 SexoPuedeUsarItem
07/12/2015 16:35:11 SexoPuedeUsarItem
07/12/2015 16:35:11 SexoPuedeUsarItem
07/12/2015 16:36:36 SexoPuedeUsarItem
07/12/2015 16:36:36 SexoPuedeUsarItem
07/12/2015 16:36:36 SexoPuedeUsarItem
07/12/2015 16:36:36 SexoPuedeUsarItem
07/12/2015 16:36:36 SexoPuedeUsarItem
07/12/2015 16:36:36 SexoPuedeUsarItem
07/12/2015 16:36:36 SexoPuedeUsarItem
07/12/2015 16:36:36 SexoPuedeUsarItem
07/12/2015 16:36:36 SexoPuedeUsarItem
07/12/2015 16:36:36 SexoPuedeUsarItem
07/12/2015 16:36:36 SexoPuedeUsarItem
07/12/2015 16:36:36 SexoPuedeUsarItem
07/12/2015 16:36:36 SexoPuedeUsarItem
07/12/2015 16:36:36 SexoPuedeUsarItem
07/12/2015 16:36:36 SexoPuedeUsarItem
07/12/2015 16:36:36 SexoPuedeUsarItem
07/12/2015 16:36:36 SexoPuedeUsarItem
07/12/2015 16:36:36 SexoPuedeUsarItem
07/12/2015 16:43:57 SexoPuedeUsarItem
07/12/2015 16:43:57 SexoPuedeUsarItem
07/12/2015 16:43:57 SexoPuedeUsarItem
07/12/2015 16:43:57 SexoPuedeUsarItem
07/12/2015 16:43:57 SexoPuedeUsarItem
07/12/2015 16:43:57 SexoPuedeUsarItem
07/12/2015 16:43:57 SexoPuedeUsarItem
07/12/2015 16:43:57 SexoPuedeUsarItem
07/12/2015 16:43:57 SexoPuedeUsarItem
07/12/2015 16:43:57 SexoPuedeUsarItem
07/12/2015 16:43:57 SexoPuedeUsarItem
07/12/2015 16:43:57 SexoPuedeUsarItem
07/12/2015 16:43:57 SexoPuedeUsarItem
07/12/2015 16:43:57 SexoPuedeUsarItem
07/12/2015 16:43:57 SexoPuedeUsarItem
07/12/2015 16:43:57 SexoPuedeUsarItem
07/12/2015 16:43:57 SexoPuedeUsarItem
07/12/2015 16:43:57 SexoPuedeUsarItem
07/12/2015 16:44:34 SexoPuedeUsarItem
07/12/2015 16:44:35 SexoPuedeUsarItem
07/12/2015 16:44:36 SexoPuedeUsarItem
07/12/2015 17:00:10 Error cargando mapa: 1 .El subíndice está fuera del intervalo
07/12/2015 17:00:11 Error cargando mapa: 20 .El subíndice está fuera del intervalo
07/12/2015 17:00:13 Error cargando mapa: 59 .El subíndice está fuera del intervalo
07/12/2015 17:00:13 Error cargando mapa: 60 .El subíndice está fuera del intervalo
07/12/2015 17:00:13 Error cargando mapa: 61 .El subíndice está fuera del intervalo
07/12/2015 17:00:13 Error cargando mapa: 62 .El subíndice está fuera del intervalo
07/12/2015 17:00:13 Error cargando mapa: 63 .El subíndice está fuera del intervalo
07/12/2015 17:00:14 Error cargando mapa: 113 .El subíndice está fuera del intervalo
07/12/2015 17:00:14 Error cargando mapa: 114 .El subíndice está fuera del intervalo
07/12/2015 17:00:15 Error cargando mapa: 151 .El subíndice está fuera del intervalo
07/12/2015 17:00:15 Error cargando mapa: 156 .El subíndice está fuera del intervalo
07/12/2015 17:00:15 Error cargando mapa: 158 .El subíndice está fuera del intervalo
07/12/2015 17:00:15 Error cargando mapa: 179 .El subíndice está fuera del intervalo
07/12/2015 17:00:15 Error cargando mapa: 180 .El subíndice está fuera del intervalo
07/12/2015 17:00:15 Error cargando mapa: 183 .El subíndice está fuera del intervalo
07/12/2015 17:00:15 Error cargando mapa: 184 .El subíndice está fuera del intervalo
07/12/2015 17:00:22 Error cargando mapa: 746 .El subíndice está fuera del intervalo
07/12/2015 17:00:23 Error cargando mapa: 754 .El subíndice está fuera del intervalo
07/12/2015 17:00:23 Error cargando mapa: 755 .El subíndice está fuera del intervalo
07/12/2015 17:00:23 Error cargando mapa: 756 .El subíndice está fuera del intervalo
07/12/2015 17:00:23 Error cargando mapa: 757 .El subíndice está fuera del intervalo
07/12/2015 17:00:23 Error cargando mapa: 762 .El subíndice está fuera del intervalo
07/12/2015 17:00:23 Error cargando mapa: 763 .El subíndice está fuera del intervalo
07/12/2015 17:00:23 Error cargando mapa: 769 .El subíndice está fuera del intervalo
07/12/2015 17:00:23 Error cargando mapa: 770 .El subíndice está fuera del intervalo
07/12/2015 17:00:23 Error cargando mapa: 771 .El subíndice está fuera del intervalo
07/12/2015 17:00:23 Error cargando mapa: 772 .El subíndice está fuera del intervalo
07/12/2015 17:00:23 Error cargando mapa: 773 .El subíndice está fuera del intervalo
07/12/2015 17:00:24 Error cargando mapa: 777 .El subíndice está fuera del intervalo
07/12/2015 17:00:24 Error cargando mapa: 778 .El subíndice está fuera del intervalo
07/12/2015 17:00:24 Error cargando mapa: 779 .El subíndice está fuera del intervalo
07/12/2015 17:00:24 Error cargando mapa: 787 .El subíndice está fuera del intervalo
07/12/2015 17:00:24 Error cargando mapa: 793 .El subíndice está fuera del intervalo
07/12/2015 17:00:24 Error cargando mapa: 796 .El subíndice está fuera del intervalo
07/12/2015 17:00:25 Error cargando mapa: 797 .El subíndice está fuera del intervalo
07/12/2015 17:00:25 Error cargando mapa: 798 .El subíndice está fuera del intervalo
07/12/2015 17:00:25 Error cargando mapa: 801 .El subíndice está fuera del intervalo
07/12/2015 17:00:25 Error cargando mapa: 806 .El subíndice está fuera del intervalo
07/12/2015 17:00:25 Error cargando mapa: 808 .El subíndice está fuera del intervalo
07/12/2015 17:00:25 Error cargando mapa: 809 .El subíndice está fuera del intervalo
07/12/2015 17:00:25 Error cargando mapa: 813 .El subíndice está fuera del intervalo
07/12/2015 17:00:25 Error cargando mapa: 815 .El subíndice está fuera del intervalo
07/12/2015 17:00:26 Error cargando mapa: 816 .El subíndice está fuera del intervalo
07/12/2015 17:00:26 Error cargando mapa: 817 .El subíndice está fuera del intervalo
07/12/2015 17:00:26 Error cargando mapa: 820 .El subíndice está fuera del intervalo
07/12/2015 17:00:26 Error cargando mapa: 821 .El subíndice está fuera del intervalo
07/12/2015 17:00:26 Error cargando mapa: 822 .El subíndice está fuera del intervalo
07/12/2015 17:00:26 Error cargando mapa: 823 .El subíndice está fuera del intervalo
07/12/2015 17:00:26 Error cargando mapa: 824 .El subíndice está fuera del intervalo
07/12/2015 17:00:26 Error cargando mapa: 825 .El subíndice está fuera del intervalo
07/12/2015 17:00:26 Error cargando mapa: 828 .El subíndice está fuera del intervalo
07/12/2015 17:00:26 Error cargando mapa: 829 .El subíndice está fuera del intervalo
07/12/2015 17:00:26 Error cargando mapa: 838 .El subíndice está fuera del intervalo
07/12/2015 17:00:26 Error cargando mapa: 850 .El subíndice está fuera del intervalo
07/12/2015 17:00:26 Error cargando mapa: 851 .El subíndice está fuera del intervalo
07/12/2015 17:00:35 SexoPuedeUsarItem
07/12/2015 17:00:35 SexoPuedeUsarItem
07/12/2015 17:00:35 SexoPuedeUsarItem
07/12/2015 17:00:35 SexoPuedeUsarItem
07/12/2015 17:00:35 SexoPuedeUsarItem
07/12/2015 17:00:35 SexoPuedeUsarItem
07/12/2015 17:00:35 SexoPuedeUsarItem
07/12/2015 17:00:35 SexoPuedeUsarItem
07/12/2015 17:00:35 SexoPuedeUsarItem
07/12/2015 17:00:35 SexoPuedeUsarItem
07/12/2015 17:00:35 SexoPuedeUsarItem
07/12/2015 17:00:35 SexoPuedeUsarItem
07/12/2015 17:00:35 SexoPuedeUsarItem
07/12/2015 17:00:35 SexoPuedeUsarItem
07/12/2015 17:00:35 SexoPuedeUsarItem
07/12/2015 17:00:35 SexoPuedeUsarItem
07/12/2015 17:00:35 SexoPuedeUsarItem
07/12/2015 17:00:35 SexoPuedeUsarItem
07/12/2015 17:05:26 Error cargando mapa: 1 .El subíndice está fuera del intervalo
07/12/2015 17:05:27 Error cargando mapa: 20 .El subíndice está fuera del intervalo
07/12/2015 17:05:29 Error cargando mapa: 59 .El subíndice está fuera del intervalo
07/12/2015 17:05:29 Error cargando mapa: 60 .El subíndice está fuera del intervalo
07/12/2015 17:05:29 Error cargando mapa: 61 .El subíndice está fuera del intervalo
07/12/2015 17:05:29 Error cargando mapa: 62 .El subíndice está fuera del intervalo
07/12/2015 17:05:29 Error cargando mapa: 63 .El subíndice está fuera del intervalo
07/12/2015 17:05:30 Error cargando mapa: 113 .El subíndice está fuera del intervalo
07/12/2015 17:05:30 Error cargando mapa: 114 .El subíndice está fuera del intervalo
07/12/2015 17:05:30 Error cargando mapa: 151 .El subíndice está fuera del intervalo
07/12/2015 17:05:30 Error cargando mapa: 156 .El subíndice está fuera del intervalo
07/12/2015 17:05:31 Error cargando mapa: 158 .El subíndice está fuera del intervalo
07/12/2015 17:05:31 Error cargando mapa: 179 .El subíndice está fuera del intervalo
07/12/2015 17:05:31 Error cargando mapa: 180 .El subíndice está fuera del intervalo
07/12/2015 17:05:31 Error cargando mapa: 183 .El subíndice está fuera del intervalo
07/12/2015 17:05:31 Error cargando mapa: 184 .El subíndice está fuera del intervalo
07/12/2015 17:05:38 Error cargando mapa: 746 .El subíndice está fuera del intervalo
07/12/2015 17:05:38 Error cargando mapa: 754 .El subíndice está fuera del intervalo
07/12/2015 17:05:38 Error cargando mapa: 755 .El subíndice está fuera del intervalo
07/12/2015 17:05:38 Error cargando mapa: 756 .El subíndice está fuera del intervalo
07/12/2015 17:05:38 Error cargando mapa: 757 .El subíndice está fuera del intervalo
07/12/2015 17:05:38 Error cargando mapa: 762 .El subíndice está fuera del intervalo
07/12/2015 17:05:38 Error cargando mapa: 763 .El subíndice está fuera del intervalo
07/12/2015 17:05:39 Error cargando mapa: 769 .El subíndice está fuera del intervalo
07/12/2015 17:05:39 Error cargando mapa: 770 .El subíndice está fuera del intervalo
07/12/2015 17:05:39 Error cargando mapa: 771 .El subíndice está fuera del intervalo
07/12/2015 17:05:39 Error cargando mapa: 772 .El subíndice está fuera del intervalo
07/12/2015 17:05:39 Error cargando mapa: 773 .El subíndice está fuera del intervalo
07/12/2015 17:05:39 Error cargando mapa: 777 .El subíndice está fuera del intervalo
07/12/2015 17:05:39 Error cargando mapa: 778 .El subíndice está fuera del intervalo
07/12/2015 17:05:39 Error cargando mapa: 779 .El subíndice está fuera del intervalo
07/12/2015 17:05:40 Error cargando mapa: 787 .El subíndice está fuera del intervalo
07/12/2015 17:05:40 Error cargando mapa: 793 .El subíndice está fuera del intervalo
07/12/2015 17:05:40 Error cargando mapa: 796 .El subíndice está fuera del intervalo
07/12/2015 17:05:40 Error cargando mapa: 797 .El subíndice está fuera del intervalo
07/12/2015 17:05:40 Error cargando mapa: 798 .El subíndice está fuera del intervalo
07/12/2015 17:05:40 Error cargando mapa: 801 .El subíndice está fuera del intervalo
07/12/2015 17:05:41 Error cargando mapa: 806 .El subíndice está fuera del intervalo
07/12/2015 17:05:41 Error cargando mapa: 808 .El subíndice está fuera del intervalo
07/12/2015 17:05:41 Error cargando mapa: 809 .El subíndice está fuera del intervalo
07/12/2015 17:05:41 Error cargando mapa: 813 .El subíndice está fuera del intervalo
07/12/2015 17:05:41 Error cargando mapa: 815 .El subíndice está fuera del intervalo
07/12/2015 17:05:41 Error cargando mapa: 816 .El subíndice está fuera del intervalo
07/12/2015 17:05:41 Error cargando mapa: 817 .El subíndice está fuera del intervalo
07/12/2015 17:05:41 Error cargando mapa: 820 .El subíndice está fuera del intervalo
07/12/2015 17:05:41 Error cargando mapa: 821 .El subíndice está fuera del intervalo
07/12/2015 17:05:41 Error cargando mapa: 822 .El subíndice está fuera del intervalo
07/12/2015 17:05:41 Error cargando mapa: 823 .El subíndice está fuera del intervalo
07/12/2015 17:05:41 Error cargando mapa: 824 .El subíndice está fuera del intervalo
07/12/2015 17:05:41 Error cargando mapa: 825 .El subíndice está fuera del intervalo
07/12/2015 17:05:41 Error cargando mapa: 828 .El subíndice está fuera del intervalo
07/12/2015 17:05:42 Error cargando mapa: 829 .El subíndice está fuera del intervalo
07/12/2015 17:05:42 Error cargando mapa: 838 .El subíndice está fuera del intervalo
07/12/2015 17:05:42 Error cargando mapa: 850 .El subíndice está fuera del intervalo
07/12/2015 17:05:42 Error cargando mapa: 851 .El subíndice está fuera del intervalo
07/12/2015 17:07:45 Error cargando mapa: 1 .El subíndice está fuera del intervalo
07/12/2015 17:07:46 Error cargando mapa: 20 .El subíndice está fuera del intervalo
07/12/2015 17:07:48 Error cargando mapa: 59 .El subíndice está fuera del intervalo
07/12/2015 17:07:48 Error cargando mapa: 60 .El subíndice está fuera del intervalo
07/12/2015 17:07:48 Error cargando mapa: 61 .El subíndice está fuera del intervalo
07/12/2015 17:07:48 Error cargando mapa: 62 .El subíndice está fuera del intervalo
07/12/2015 17:07:48 Error cargando mapa: 63 .El subíndice está fuera del intervalo
07/12/2015 17:07:49 Error cargando mapa: 113 .El subíndice está fuera del intervalo
07/12/2015 17:07:49 Error cargando mapa: 114 .El subíndice está fuera del intervalo
07/12/2015 17:07:50 Error cargando mapa: 151 .El subíndice está fuera del intervalo
07/12/2015 17:07:50 Error cargando mapa: 156 .El subíndice está fuera del intervalo
07/12/2015 17:07:50 Error cargando mapa: 158 .El subíndice está fuera del intervalo
07/12/2015 17:07:50 Error cargando mapa: 179 .El subíndice está fuera del intervalo
07/12/2015 17:07:50 Error cargando mapa: 180 .El subíndice está fuera del intervalo
07/12/2015 17:07:50 Error cargando mapa: 183 .El subíndice está fuera del intervalo
07/12/2015 17:07:50 Error cargando mapa: 184 .El subíndice está fuera del intervalo
07/12/2015 17:07:58 Error cargando mapa: 746 .El subíndice está fuera del intervalo
07/12/2015 17:07:58 Error cargando mapa: 754 .El subíndice está fuera del intervalo
07/12/2015 17:07:58 Error cargando mapa: 755 .El subíndice está fuera del intervalo
07/12/2015 17:07:58 Error cargando mapa: 756 .El subíndice está fuera del intervalo
07/12/2015 17:07:58 Error cargando mapa: 757 .El subíndice está fuera del intervalo
07/12/2015 17:07:58 Error cargando mapa: 762 .El subíndice está fuera del intervalo
07/12/2015 17:07:58 Error cargando mapa: 763 .El subíndice está fuera del intervalo
07/12/2015 17:07:58 Error cargando mapa: 769 .El subíndice está fuera del intervalo
07/12/2015 17:07:58 Error cargando mapa: 770 .El subíndice está fuera del intervalo
07/12/2015 17:07:58 Error cargando mapa: 771 .El subíndice está fuera del intervalo
07/12/2015 17:07:58 Error cargando mapa: 772 .El subíndice está fuera del intervalo
07/12/2015 17:07:59 Error cargando mapa: 773 .El subíndice está fuera del intervalo
07/12/2015 17:07:59 Error cargando mapa: 777 .El subíndice está fuera del intervalo
07/12/2015 17:07:59 Error cargando mapa: 778 .El subíndice está fuera del intervalo
07/12/2015 17:07:59 Error cargando mapa: 779 .El subíndice está fuera del intervalo
07/12/2015 17:07:59 Error cargando mapa: 787 .El subíndice está fuera del intervalo
07/12/2015 17:07:59 Error cargando mapa: 793 .El subíndice está fuera del intervalo
07/12/2015 17:08:00 Error cargando mapa: 796 .El subíndice está fuera del intervalo
07/12/2015 17:08:00 Error cargando mapa: 797 .El subíndice está fuera del intervalo
07/12/2015 17:08:00 Error cargando mapa: 798 .El subíndice está fuera del intervalo
07/12/2015 17:08:00 Error cargando mapa: 801 .El subíndice está fuera del intervalo
07/12/2015 17:08:00 Error cargando mapa: 806 .El subíndice está fuera del intervalo
07/12/2015 17:08:00 Error cargando mapa: 808 .El subíndice está fuera del intervalo
07/12/2015 17:08:00 Error cargando mapa: 809 .El subíndice está fuera del intervalo
07/12/2015 17:08:00 Error cargando mapa: 813 .El subíndice está fuera del intervalo
07/12/2015 17:08:01 Error cargando mapa: 815 .El subíndice está fuera del intervalo
07/12/2015 17:08:01 Error cargando mapa: 816 .El subíndice está fuera del intervalo
07/12/2015 17:08:01 Error cargando mapa: 817 .El subíndice está fuera del intervalo
07/12/2015 17:08:01 Error cargando mapa: 820 .El subíndice está fuera del intervalo
07/12/2015 17:08:01 Error cargando mapa: 821 .El subíndice está fuera del intervalo
07/12/2015 17:08:01 Error cargando mapa: 822 .El subíndice está fuera del intervalo
07/12/2015 17:08:01 Error cargando mapa: 823 .El subíndice está fuera del intervalo
07/12/2015 17:08:01 Error cargando mapa: 824 .El subíndice está fuera del intervalo
07/12/2015 17:08:01 Error cargando mapa: 825 .El subíndice está fuera del intervalo
07/12/2015 17:08:01 Error cargando mapa: 828 .El subíndice está fuera del intervalo
07/12/2015 17:08:01 Error cargando mapa: 829 .El subíndice está fuera del intervalo
07/12/2015 17:08:01 Error cargando mapa: 838 .El subíndice está fuera del intervalo
07/12/2015 17:08:01 Error cargando mapa: 850 .El subíndice está fuera del intervalo
07/12/2015 17:08:01 Error cargando mapa: 851 .El subíndice está fuera del intervalo
07/12/2015 17:08:28 SexoPuedeUsarItem
07/12/2015 17:08:28 SexoPuedeUsarItem
07/12/2015 17:08:28 SexoPuedeUsarItem
07/12/2015 17:08:28 SexoPuedeUsarItem
07/12/2015 17:08:28 SexoPuedeUsarItem
07/12/2015 17:08:28 SexoPuedeUsarItem
07/12/2015 17:08:28 SexoPuedeUsarItem
07/12/2015 17:08:28 SexoPuedeUsarItem
07/12/2015 17:08:28 SexoPuedeUsarItem
07/12/2015 17:08:28 SexoPuedeUsarItem
07/12/2015 17:08:28 SexoPuedeUsarItem
07/12/2015 17:08:28 SexoPuedeUsarItem
07/12/2015 17:08:28 SexoPuedeUsarItem
07/12/2015 17:08:28 SexoPuedeUsarItem
07/12/2015 17:08:28 SexoPuedeUsarItem
07/12/2015 17:08:28 SexoPuedeUsarItem
07/12/2015 17:08:28 SexoPuedeUsarItem
07/12/2015 17:08:28 SexoPuedeUsarItem
07/12/2015 17:09:58 Error: 9 [El subíndice está fuera del intervalo]  Source: ImperiumAOSV	 HelpFile: C:\Windows\Help\VBENLR98.CHM	 HelpContext: 1000009	 LastDllError: 0	 - UserIndex: 1 - producido al manejar el paquete: 7
07/12/2015 17:10:06 SexoPuedeUsarItem
07/12/2015 17:10:06 SexoPuedeUsarItem
07/12/2015 17:10:06 SexoPuedeUsarItem
07/12/2015 17:10:06 SexoPuedeUsarItem
07/12/2015 17:10:06 SexoPuedeUsarItem
07/12/2015 17:10:06 SexoPuedeUsarItem
07/12/2015 17:10:06 SexoPuedeUsarItem
07/12/2015 17:10:06 SexoPuedeUsarItem
07/12/2015 17:10:06 SexoPuedeUsarItem
07/12/2015 17:10:06 SexoPuedeUsarItem
07/12/2015 17:10:06 SexoPuedeUsarItem
07/12/2015 17:10:06 SexoPuedeUsarItem
07/12/2015 17:10:06 SexoPuedeUsarItem
07/12/2015 17:10:06 SexoPuedeUsarItem
07/12/2015 17:10:06 SexoPuedeUsarItem
07/12/2015 17:10:06 SexoPuedeUsarItem
07/12/2015 17:10:06 SexoPuedeUsarItem
07/12/2015 17:10:06 SexoPuedeUsarItem
07/12/2015 17:10:06 MakeUserChar: num: 9 desc: El subíndice está fuera del intervalo
07/12/2015 17:10:06 Error: 9 [El subíndice está fuera del intervalo]  Source: ImperiumAOSV	 HelpFile: C:\Windows\Help\VBENLR98.CHM	 HelpContext: 1000009	 LastDllError: 0	 - UserIndex: 1 - producido al manejar el paquete: 2
07/12/2015 17:10:06 Error en CloseUser. Número 9 Descripción: El subíndice está fuera del intervalo
07/12/2015 17:10:33 SexoPuedeUsarItem
07/12/2015 17:10:33 SexoPuedeUsarItem
07/12/2015 17:10:33 SexoPuedeUsarItem
07/12/2015 17:10:33 SexoPuedeUsarItem
07/12/2015 17:10:33 SexoPuedeUsarItem
07/12/2015 17:10:33 SexoPuedeUsarItem
07/12/2015 17:10:33 SexoPuedeUsarItem
07/12/2015 17:10:33 SexoPuedeUsarItem
07/12/2015 17:10:33 SexoPuedeUsarItem
07/12/2015 17:10:33 SexoPuedeUsarItem
07/12/2015 17:10:33 SexoPuedeUsarItem
07/12/2015 17:10:33 SexoPuedeUsarItem
07/12/2015 17:10:33 SexoPuedeUsarItem
07/12/2015 17:10:33 SexoPuedeUsarItem
07/12/2015 17:10:33 SexoPuedeUsarItem
07/12/2015 17:10:33 SexoPuedeUsarItem
07/12/2015 17:10:33 SexoPuedeUsarItem
07/12/2015 17:10:33 SexoPuedeUsarItem
07/12/2015 17:22:35 Error cargando mapa: 1 .El subíndice está fuera del intervalo
07/12/2015 17:22:36 Error cargando mapa: 20 .El subíndice está fuera del intervalo
07/12/2015 17:22:38 Error cargando mapa: 59 .El subíndice está fuera del intervalo
07/12/2015 17:22:38 Error cargando mapa: 60 .El subíndice está fuera del intervalo
07/12/2015 17:22:38 Error cargando mapa: 61 .El subíndice está fuera del intervalo
07/12/2015 17:22:38 Error cargando mapa: 62 .El subíndice está fuera del intervalo
07/12/2015 17:22:38 Error cargando mapa: 63 .El subíndice está fuera del intervalo
07/12/2015 17:22:39 Error cargando mapa: 113 .El subíndice está fuera del intervalo
07/12/2015 17:22:39 Error cargando mapa: 114 .El subíndice está fuera del intervalo
07/12/2015 17:22:40 Error cargando mapa: 151 .El subíndice está fuera del intervalo
07/12/2015 17:22:40 Error cargando mapa: 156 .El subíndice está fuera del intervalo
07/12/2015 17:22:40 Error cargando mapa: 158 .El subíndice está fuera del intervalo
07/12/2015 17:22:40 Error cargando mapa: 179 .El subíndice está fuera del intervalo
07/12/2015 17:22:40 Error cargando mapa: 180 .El subíndice está fuera del intervalo
07/12/2015 17:22:40 Error cargando mapa: 183 .El subíndice está fuera del intervalo
07/12/2015 17:22:40 Error cargando mapa: 184 .El subíndice está fuera del intervalo
07/12/2015 17:22:48 Error cargando mapa: 746 .El subíndice está fuera del intervalo
07/12/2015 17:22:48 Error cargando mapa: 754 .El subíndice está fuera del intervalo
07/12/2015 17:22:48 Error cargando mapa: 755 .El subíndice está fuera del intervalo
07/12/2015 17:22:48 Error cargando mapa: 756 .El subíndice está fuera del intervalo
07/12/2015 17:22:48 Error cargando mapa: 757 .El subíndice está fuera del intervalo
07/12/2015 17:22:48 Error cargando mapa: 762 .El subíndice está fuera del intervalo
07/12/2015 17:22:48 Error cargando mapa: 763 .El subíndice está fuera del intervalo
07/12/2015 17:22:48 Error cargando mapa: 769 .El subíndice está fuera del intervalo
07/12/2015 17:22:48 Error cargando mapa: 770 .El subíndice está fuera del intervalo
07/12/2015 17:22:48 Error cargando mapa: 771 .El subíndice está fuera del intervalo
07/12/2015 17:22:48 Error cargando mapa: 772 .El subíndice está fuera del intervalo
07/12/2015 17:22:48 Error cargando mapa: 773 .El subíndice está fuera del intervalo
07/12/2015 17:22:49 Error cargando mapa: 777 .El subíndice está fuera del intervalo
07/12/2015 17:22:49 Error cargando mapa: 778 .El subíndice está fuera del intervalo
07/12/2015 17:22:49 Error cargando mapa: 779 .El subíndice está fuera del intervalo
07/12/2015 17:22:49 Error cargando mapa: 787 .El subíndice está fuera del intervalo
07/12/2015 17:22:49 Error cargando mapa: 793 .El subíndice está fuera del intervalo
07/12/2015 17:22:50 Error cargando mapa: 796 .El subíndice está fuera del intervalo
07/12/2015 17:22:50 Error cargando mapa: 797 .El subíndice está fuera del intervalo
07/12/2015 17:22:50 Error cargando mapa: 798 .El subíndice está fuera del intervalo
07/12/2015 17:22:50 Error cargando mapa: 801 .El subíndice está fuera del intervalo
07/12/2015 17:22:50 Error cargando mapa: 806 .El subíndice está fuera del intervalo
07/12/2015 17:22:50 Error cargando mapa: 808 .El subíndice está fuera del intervalo
07/12/2015 17:22:50 Error cargando mapa: 809 .El subíndice está fuera del intervalo
07/12/2015 17:22:50 Error cargando mapa: 813 .El subíndice está fuera del intervalo
07/12/2015 17:22:51 Error cargando mapa: 815 .El subíndice está fuera del intervalo
07/12/2015 17:22:51 Error cargando mapa: 816 .El subíndice está fuera del intervalo
07/12/2015 17:22:51 Error cargando mapa: 817 .El subíndice está fuera del intervalo
07/12/2015 17:22:51 Error cargando mapa: 820 .El subíndice está fuera del intervalo
07/12/2015 17:22:51 Error cargando mapa: 821 .El subíndice está fuera del intervalo
07/12/2015 17:22:51 Error cargando mapa: 822 .El subíndice está fuera del intervalo
07/12/2015 17:22:51 Error cargando mapa: 823 .El subíndice está fuera del intervalo
07/12/2015 17:22:51 Error cargando mapa: 824 .El subíndice está fuera del intervalo
07/12/2015 17:22:51 Error cargando mapa: 825 .El subíndice está fuera del intervalo
07/12/2015 17:22:51 Error cargando mapa: 828 .El subíndice está fuera del intervalo
07/12/2015 17:22:51 Error cargando mapa: 829 .El subíndice está fuera del intervalo
07/12/2015 17:22:51 Error cargando mapa: 838 .El subíndice está fuera del intervalo
07/12/2015 17:22:51 Error cargando mapa: 850 .El subíndice está fuera del intervalo
07/12/2015 17:22:51 Error cargando mapa: 851 .El subíndice está fuera del intervalo
07/12/2015 17:22:59 SexoPuedeUsarItem
07/12/2015 17:22:59 SexoPuedeUsarItem
07/12/2015 17:22:59 SexoPuedeUsarItem
07/12/2015 17:22:59 SexoPuedeUsarItem
07/12/2015 17:22:59 SexoPuedeUsarItem
07/12/2015 17:22:59 SexoPuedeUsarItem
07/12/2015 17:22:59 SexoPuedeUsarItem
07/12/2015 17:22:59 SexoPuedeUsarItem
07/12/2015 17:22:59 SexoPuedeUsarItem
07/12/2015 17:22:59 SexoPuedeUsarItem
07/12/2015 17:22:59 SexoPuedeUsarItem
07/12/2015 17:22:59 SexoPuedeUsarItem
07/12/2015 17:22:59 SexoPuedeUsarItem
07/12/2015 17:22:59 SexoPuedeUsarItem
07/12/2015 17:22:59 SexoPuedeUsarItem
07/12/2015 17:22:59 SexoPuedeUsarItem
07/12/2015 17:22:59 SexoPuedeUsarItem
07/12/2015 17:22:59 SexoPuedeUsarItem
07/12/2015 17:23:27 SexoPuedeUsarItem
07/12/2015 17:23:27 SexoPuedeUsarItem
07/12/2015 17:23:27 SexoPuedeUsarItem
07/12/2015 17:23:27 SexoPuedeUsarItem
07/12/2015 17:23:27 SexoPuedeUsarItem
07/12/2015 17:23:27 SexoPuedeUsarItem
07/12/2015 17:23:27 SexoPuedeUsarItem
07/12/2015 17:23:27 SexoPuedeUsarItem
07/12/2015 17:23:27 SexoPuedeUsarItem
07/12/2015 17:23:27 SexoPuedeUsarItem
07/12/2015 17:23:27 SexoPuedeUsarItem
07/12/2015 17:23:27 SexoPuedeUsarItem
07/12/2015 17:23:27 SexoPuedeUsarItem
07/12/2015 17:23:27 SexoPuedeUsarItem
07/12/2015 17:23:27 SexoPuedeUsarItem
07/12/2015 17:23:27 SexoPuedeUsarItem
07/12/2015 17:23:27 SexoPuedeUsarItem
07/12/2015 17:23:27 SexoPuedeUsarItem
07/12/2015 17:23:27 MakeUserChar: num: 9 desc: El subíndice está fuera del intervalo
07/12/2015 17:23:27 Error: 9 [El subíndice está fuera del intervalo]  Source: ImperiumAOSV	 HelpFile: C:\Windows\Help\VBENLR98.CHM	 HelpContext: 1000009	 LastDllError: 0	 - UserIndex: 1 - producido al manejar el paquete: 2
07/12/2015 17:23:27 Error en CloseUser. Número 9 Descripción: El subíndice está fuera del intervalo
07/12/2015 17:23:57 SexoPuedeUsarItem
07/12/2015 17:23:57 SexoPuedeUsarItem
07/12/2015 17:23:57 SexoPuedeUsarItem
07/12/2015 17:23:57 SexoPuedeUsarItem
07/12/2015 17:23:57 SexoPuedeUsarItem
07/12/2015 17:23:57 SexoPuedeUsarItem
07/12/2015 17:23:57 SexoPuedeUsarItem
07/12/2015 17:23:57 SexoPuedeUsarItem
07/12/2015 17:23:57 SexoPuedeUsarItem
07/12/2015 17:23:57 SexoPuedeUsarItem
07/12/2015 17:23:57 SexoPuedeUsarItem
07/12/2015 17:23:57 SexoPuedeUsarItem
07/12/2015 17:23:57 SexoPuedeUsarItem
07/12/2015 17:23:57 SexoPuedeUsarItem
07/12/2015 17:23:57 SexoPuedeUsarItem
07/12/2015 17:23:57 SexoPuedeUsarItem
07/12/2015 17:23:57 SexoPuedeUsarItem
07/12/2015 17:23:57 SexoPuedeUsarItem
07/12/2015 17:34:01 Error cargando mapa: 1 .El subíndice está fuera del intervalo
07/12/2015 17:34:01 Error cargando mapa: 2 .El subíndice está fuera del intervalo
07/12/2015 17:34:01 Error cargando mapa: 3 .El subíndice está fuera del intervalo
07/12/2015 17:34:01 Error cargando mapa: 4 .El subíndice está fuera del intervalo
07/12/2015 17:34:01 Error cargando mapa: 5 .El subíndice está fuera del intervalo
07/12/2015 17:34:01 Error cargando mapa: 6 .El subíndice está fuera del intervalo
07/12/2015 17:34:01 Error cargando mapa: 7 .El subíndice está fuera del intervalo
07/12/2015 17:34:01 Error cargando mapa: 8 .El subíndice está fuera del intervalo
07/12/2015 17:34:01 Error cargando mapa: 9 .El subíndice está fuera del intervalo
07/12/2015 17:34:01 Error cargando mapa: 10 .El subíndice está fuera del intervalo
07/12/2015 17:34:01 Error cargando mapa: 11 .El subíndice está fuera del intervalo
07/12/2015 17:34:01 Error cargando mapa: 12 .El subíndice está fuera del intervalo
07/12/2015 17:34:01 Error cargando mapa: 13 .El subíndice está fuera del intervalo
07/12/2015 17:34:01 Error cargando mapa: 14 .El subíndice está fuera del intervalo
07/12/2015 17:34:01 Error cargando mapa: 15 .El subíndice está fuera del intervalo
07/12/2015 17:34:01 Error cargando mapa: 16 .El subíndice está fuera del intervalo
07/12/2015 17:34:01 Error cargando mapa: 17 .El subíndice está fuera del intervalo
07/12/2015 17:34:01 Error cargando mapa: 18 .El subíndice está fuera del intervalo
07/12/2015 17:34:01 Error cargando mapa: 19 .El subíndice está fuera del intervalo
07/12/2015 17:34:01 Error cargando mapa: 20 .El subíndice está fuera del intervalo
07/12/2015 17:34:01 Error cargando mapa: 21 .El subíndice está fuera del intervalo
07/12/2015 17:34:01 Error cargando mapa: 22 .El subíndice está fuera del intervalo
07/12/2015 17:34:01 Error cargando mapa: 23 .El subíndice está fuera del intervalo
07/12/2015 17:34:01 Error cargando mapa: 24 .El subíndice está fuera del intervalo
07/12/2015 17:34:01 Error cargando mapa: 25 .El subíndice está fuera del intervalo
07/12/2015 17:34:01 Error cargando mapa: 26 .El subíndice está fuera del intervalo
07/12/2015 17:34:01 Error cargando mapa: 27 .El subíndice está fuera del intervalo
07/12/2015 17:34:01 Error cargando mapa: 28 .El subíndice está fuera del intervalo
07/12/2015 17:34:01 Error cargando mapa: 29 .El subíndice está fuera del intervalo
07/12/2015 17:34:01 Error cargando mapa: 30 .El subíndice está fuera del intervalo
07/12/2015 17:34:01 Error cargando mapa: 31 .El subíndice está fuera del intervalo
07/12/2015 17:34:01 Error cargando mapa: 32 .El subíndice está fuera del intervalo
07/12/2015 17:34:01 Error cargando mapa: 33 .El subíndice está fuera del intervalo
07/12/2015 17:34:01 Error cargando mapa: 34 .El subíndice está fuera del intervalo
07/12/2015 17:34:01 Error cargando mapa: 35 .El subíndice está fuera del intervalo
07/12/2015 17:34:01 Error cargando mapa: 36 .El subíndice está fuera del intervalo
07/12/2015 17:34:01 Error cargando mapa: 37 .El subíndice está fuera del intervalo
07/12/2015 17:34:01 Error cargando mapa: 38 .El subíndice está fuera del intervalo
07/12/2015 17:34:01 Error cargando mapa: 39 .El subíndice está fuera del intervalo
07/12/2015 17:34:01 Error cargando mapa: 40 .El subíndice está fuera del intervalo
07/12/2015 17:34:01 Error cargando mapa: 41 .El subíndice está fuera del intervalo
07/12/2015 17:34:01 Error cargando mapa: 42 .El subíndice está fuera del intervalo
07/12/2015 17:34:01 Error cargando mapa: 43 .El subíndice está fuera del intervalo
07/12/2015 17:34:01 Error cargando mapa: 44 .El subíndice está fuera del intervalo
07/12/2015 17:34:01 Error cargando mapa: 45 .El subíndice está fuera del intervalo
07/12/2015 17:34:01 Error cargando mapa: 46 .El subíndice está fuera del intervalo
07/12/2015 17:34:01 Error cargando mapa: 47 .El subíndice está fuera del intervalo
07/12/2015 17:34:01 Error cargando mapa: 48 .El subíndice está fuera del intervalo
07/12/2015 17:34:01 Error cargando mapa: 49 .El subíndice está fuera del intervalo
07/12/2015 17:34:01 Error cargando mapa: 50 .El subíndice está fuera del intervalo
07/12/2015 17:34:01 Error cargando mapa: 51 .El subíndice está fuera del intervalo
07/12/2015 17:34:01 Error cargando mapa: 52 .El subíndice está fuera del intervalo
07/12/2015 17:34:01 Error cargando mapa: 53 .El subíndice está fuera del intervalo
07/12/2015 17:34:01 Error cargando mapa: 54 .El subíndice está fuera del intervalo
07/12/2015 17:34:01 Error cargando mapa: 55 .El subíndice está fuera del intervalo
07/12/2015 17:34:01 Error cargando mapa: 56 .El subíndice está fuera del intervalo
07/12/2015 17:34:01 Error cargando mapa: 57 .El subíndice está fuera del intervalo
07/12/2015 17:34:01 Error cargando mapa: 58 .El subíndice está fuera del intervalo
07/12/2015 17:34:01 Error cargando mapa: 59 .El subíndice está fuera del intervalo
07/12/2015 17:34:01 Error cargando mapa: 60 .El subíndice está fuera del intervalo
07/12/2015 17:34:01 Error cargando mapa: 61 .El subíndice está fuera del intervalo
07/12/2015 17:34:01 Error cargando mapa: 62 .El subíndice está fuera del intervalo
07/12/2015 17:34:01 Error cargando mapa: 63 .El subíndice está fuera del intervalo
07/12/2015 17:34:01 Error cargando mapa: 64 .El subíndice está fuera del intervalo
07/12/2015 17:34:01 Error cargando mapa: 65 .El subíndice está fuera del intervalo
07/12/2015 17:34:01 Error cargando mapa: 66 .El subíndice está fuera del intervalo
07/12/2015 17:34:01 Error cargando mapa: 67 .El subíndice está fuera del intervalo
07/12/2015 17:34:01 Error cargando mapa: 68 .El subíndice está fuera del intervalo
07/12/2015 17:34:01 Error cargando mapa: 69 .El subíndice está fuera del intervalo
07/12/2015 17:34:01 Error cargando mapa: 70 .El subíndice está fuera del intervalo
07/12/2015 17:34:01 Error cargando mapa: 71 .El subíndice está fuera del intervalo
07/12/2015 17:34:01 Error cargando mapa: 72 .El subíndice está fuera del intervalo
07/12/2015 17:34:01 Error cargando mapa: 73 .El subíndice está fuera del intervalo
07/12/2015 17:34:01 Error cargando mapa: 74 .El subíndice está fuera del intervalo
07/12/2015 17:34:01 Error cargando mapa: 75 .El subíndice está fuera del intervalo
07/12/2015 17:34:01 Error cargando mapa: 76 .El subíndice está fuera del intervalo
07/12/2015 17:34:01 Error cargando mapa: 77 .El subíndice está fuera del intervalo
07/12/2015 17:34:01 Error cargando mapa: 78 .El subíndice está fuera del intervalo
07/12/2015 17:34:01 Error cargando mapa: 79 .El subíndice está fuera del intervalo
07/12/2015 17:34:01 Error cargando mapa: 80 .El subíndice está fuera del intervalo
07/12/2015 17:34:01 Error cargando mapa: 86 .El subíndice está fuera del intervalo
07/12/2015 17:34:01 Error cargando mapa: 87 .El subíndice está fuera del intervalo
07/12/2015 17:34:01 Error cargando mapa: 88 .El subíndice está fuera del intervalo
07/12/2015 17:34:01 Error cargando mapa: 89 .El subíndice está fuera del intervalo
07/12/2015 17:34:01 Error cargando mapa: 90 .El subíndice está fuera del intervalo
07/12/2015 17:34:01 Error cargando mapa: 91 .El subíndice está fuera del intervalo
07/12/2015 17:34:01 Error cargando mapa: 92 .El subíndice está fuera del intervalo
07/12/2015 17:34:01 Error cargando mapa: 93 .El subíndice está fuera del intervalo
07/12/2015 17:34:01 Error cargando mapa: 94 .El subíndice está fuera del intervalo
07/12/2015 17:34:01 Error cargando mapa: 95 .El subíndice está fuera del intervalo
07/12/2015 17:34:01 Error cargando mapa: 96 .El subíndice está fuera del intervalo
07/12/2015 17:34:01 Error cargando mapa: 97 .El subíndice está fuera del intervalo
07/12/2015 17:34:01 Error cargando mapa: 98 .El subíndice está fuera del intervalo
07/12/2015 17:34:01 Error cargando mapa: 99 .El subíndice está fuera del intervalo
07/12/2015 17:34:01 Error cargando mapa: 100 .El subíndice está fuera del intervalo
07/12/2015 17:34:01 Error cargando mapa: 101 .El subíndice está fuera del intervalo
07/12/2015 17:34:01 Error cargando mapa: 102 .El subíndice está fuera del intervalo
07/12/2015 17:34:01 Error cargando mapa: 103 .El subíndice está fuera del intervalo
07/12/2015 17:34:01 Error cargando mapa: 104 .El subíndice está fuera del intervalo
07/12/2015 17:34:01 Error cargando mapa: 105 .El subíndice está fuera del intervalo
07/12/2015 17:34:01 Error cargando mapa: 106 .El subíndice está fuera del intervalo
07/12/2015 17:34:01 Error cargando mapa: 107 .El subíndice está fuera del intervalo
07/12/2015 17:34:01 Error cargando mapa: 108 .El subíndice está fuera del intervalo
07/12/2015 17:34:01 Error cargando mapa: 109 .El subíndice está fuera del intervalo
07/12/2015 17:34:01 Error cargando mapa: 110 .El subíndice está fuera del intervalo
07/12/2015 17:34:01 Error cargando mapa: 111 .El subíndice está fuera del intervalo
07/12/2015 17:34:01 Error cargando mapa: 112 .El subíndice está fuera del intervalo
07/12/2015 17:34:01 Error cargando mapa: 113 .El subíndice está fuera del intervalo
07/12/2015 17:34:01 Error cargando mapa: 114 .El subíndice está fuera del intervalo
07/12/2015 17:34:01 Error cargando mapa: 115 .El subíndice está fuera del intervalo
07/12/2015 17:34:01 Error cargando mapa: 116 .El subíndice está fuera del intervalo
07/12/2015 17:34:01 Error cargando mapa: 120 .El subíndice está fuera del intervalo
07/12/2015 17:34:01 Error cargando mapa: 121 .El subíndice está fuera del intervalo
07/12/2015 17:34:01 Error cargando mapa: 122 .El subíndice está fuera del intervalo
07/12/2015 17:34:01 Error cargando mapa: 123 .El subíndice está fuera del intervalo
07/12/2015 17:34:01 Error cargando mapa: 124 .El subíndice está fuera del intervalo
07/12/2015 17:34:01 Error cargando mapa: 125 .El subíndice está fuera del intervalo
07/12/2015 17:34:01 Error cargando mapa: 126 .El subíndice está fuera del intervalo
07/12/2015 17:34:01 Error cargando mapa: 127 .El subíndice está fuera del intervalo
07/12/2015 17:34:01 Error cargando mapa: 128 .El subíndice está fuera del intervalo
07/12/2015 17:34:01 Error cargando mapa: 129 .El subíndice está fuera del intervalo
07/12/2015 17:34:01 Error cargando mapa: 130 .El subíndice está fuera del intervalo
07/12/2015 17:34:01 Error cargando mapa: 131 .El subíndice está fuera del intervalo
07/12/2015 17:34:01 Error cargando mapa: 132 .El subíndice está fuera del intervalo
07/12/2015 17:34:01 Error cargando mapa: 133 .El subíndice está fuera del intervalo
07/12/2015 17:34:01 Error cargando mapa: 134 .El subíndice está fuera del intervalo
07/12/2015 17:34:01 Error cargando mapa: 135 .El subíndice está fuera del intervalo
07/12/2015 17:34:01 Error cargando mapa: 136 .El subíndice está fuera del intervalo
07/12/2015 17:34:01 Error cargando mapa: 137 .El subíndice está fuera del intervalo
07/12/2015 17:34:01 Error cargando mapa: 138 .El subíndice está fuera del intervalo
07/12/2015 17:34:01 Error cargando mapa: 139 .El subíndice está fuera del intervalo
07/12/2015 17:34:01 Error cargando mapa: 140 .El subíndice está fuera del intervalo
07/12/2015 17:34:01 Error cargando mapa: 141 .El subíndice está fuera del intervalo
07/12/2015 17:34:01 Error cargando mapa: 142 .El subíndice está fuera del intervalo
07/12/2015 17:34:01 Error cargando mapa: 143 .El subíndice está fuera del intervalo
07/12/2015 17:34:01 Error cargando mapa: 144 .El subíndice está fuera del intervalo
07/12/2015 17:34:01 Error cargando mapa: 145 .El subíndice está fuera del intervalo
07/12/2015 17:34:01 Error cargando mapa: 146 .El subíndice está fuera del intervalo
07/12/2015 17:34:01 Error cargando mapa: 147 .El subíndice está fuera del intervalo
07/12/2015 17:34:01 Error cargando mapa: 148 .El subíndice está fuera del intervalo
07/12/2015 17:34:01 Error cargando mapa: 149 .El subíndice está fuera del intervalo
07/12/2015 17:34:01 Error cargando mapa: 150 .El subíndice está fuera del intervalo
07/12/2015 17:34:01 Error cargando mapa: 151 .El subíndice está fuera del intervalo
07/12/2015 17:34:01 Error cargando mapa: 152 .El subíndice está fuera del intervalo
07/12/2015 17:34:01 Error cargando mapa: 153 .El subíndice está fuera del intervalo
07/12/2015 17:34:01 Error cargando mapa: 154 .El subíndice está fuera del intervalo
07/12/2015 17:34:01 Error cargando mapa: 155 .El subíndice está fuera del intervalo
07/12/2015 17:34:01 Error cargando mapa: 156 .El subíndice está fuera del intervalo
07/12/2015 17:34:01 Error cargando mapa: 157 .El subíndice está fuera del intervalo
07/12/2015 17:34:01 Error cargando mapa: 158 .El subíndice está fuera del intervalo
07/12/2015 17:34:01 Error cargando mapa: 159 .El subíndice está fuera del intervalo
07/12/2015 17:34:01 Error cargando mapa: 160 .El subíndice está fuera del intervalo
07/12/2015 17:34:01 Error cargando mapa: 161 .El subíndice está fuera del intervalo
07/12/2015 17:34:01 Error cargando mapa: 162 .El subíndice está fuera del intervalo
07/12/2015 17:34:01 Error cargando mapa: 163 .El subíndice está fuera del intervalo
07/12/2015 17:34:01 Error cargando mapa: 164 .El subíndice está fuera del intervalo
07/12/2015 17:34:01 Error cargando mapa: 165 .El subíndice está fuera del intervalo
07/12/2015 17:34:01 Error cargando mapa: 166 .El subíndice está fuera del intervalo
07/12/2015 17:34:01 Error cargando mapa: 167 .El subíndice está fuera del intervalo
07/12/2015 17:34:01 Error cargando mapa: 168 .El subíndice está fuera del intervalo
07/12/2015 17:34:01 Error cargando mapa: 169 .El subíndice está fuera del intervalo
07/12/2015 17:34:01 Error cargando mapa: 170 .El subíndice está fuera del intervalo
07/12/2015 17:34:01 Error cargando mapa: 171 .El subíndice está fuera del intervalo
07/12/2015 17:34:01 Error cargando mapa: 172 .El subíndice está fuera del intervalo
07/12/2015 17:34:01 Error cargando mapa: 173 .El subíndice está fuera del intervalo
07/12/2015 17:34:01 Error cargando mapa: 174 .El subíndice está fuera del intervalo
07/12/2015 17:34:01 Error cargando mapa: 175 .El subíndice está fuera del intervalo
07/12/2015 17:34:01 Error cargando mapa: 176 .El subíndice está fuera del intervalo
07/12/2015 17:34:01 Error cargando mapa: 177 .El subíndice está fuera del intervalo
07/12/2015 17:34:01 Error cargando mapa: 178 .El subíndice está fuera del intervalo
07/12/2015 17:34:01 Error cargando mapa: 179 .El subíndice está fuera del intervalo
07/12/2015 17:34:01 Error cargando mapa: 180 .El subíndice está fuera del intervalo
07/12/2015 17:34:01 Error cargando mapa: 181 .El subíndice está fuera del intervalo
07/12/2015 17:34:01 Error cargando mapa: 182 .El subíndice está fuera del intervalo
07/12/2015 17:34:01 Error cargando mapa: 183 .El subíndice está fuera del intervalo
07/12/2015 17:34:01 Error cargando mapa: 184 .El subíndice está fuera del intervalo
07/12/2015 17:34:01 Error cargando mapa: 185 .El subíndice está fuera del intervalo
07/12/2015 17:34:01 Error cargando mapa: 186 .El subíndice está fuera del intervalo
07/12/2015 17:34:02 Error cargando mapa: 187 .El subíndice está fuera del intervalo
07/12/2015 17:34:02 Error cargando mapa: 188 .El subíndice está fuera del intervalo
07/12/2015 17:34:02 Error cargando mapa: 189 .El subíndice está fuera del intervalo
07/12/2015 17:34:02 Error cargando mapa: 190 .El subíndice está fuera del intervalo
07/12/2015 17:34:02 Error cargando mapa: 191 .El subíndice está fuera del intervalo
07/12/2015 17:34:02 Error cargando mapa: 192 .El subíndice está fuera del intervalo
07/12/2015 17:34:02 Error cargando mapa: 193 .El subíndice está fuera del intervalo
07/12/2015 17:34:02 Error cargando mapa: 194 .El subíndice está fuera del intervalo
07/12/2015 17:34:02 Error cargando mapa: 195 .El subíndice está fuera del intervalo
07/12/2015 17:34:02 Error cargando mapa: 196 .El subíndice está fuera del intervalo
07/12/2015 17:34:02 Error cargando mapa: 197 .El subíndice está fuera del intervalo
07/12/2015 17:34:02 Error cargando mapa: 198 .El subíndice está fuera del intervalo
07/12/2015 17:34:02 Error cargando mapa: 199 .El subíndice está fuera del intervalo
07/12/2015 17:34:02 Error cargando mapa: 200 .El subíndice está fuera del intervalo
07/12/2015 17:34:02 Error cargando mapa: 201 .El subíndice está fuera del intervalo
07/12/2015 17:34:02 Error cargando mapa: 202 .El subíndice está fuera del intervalo
07/12/2015 17:34:02 Error cargando mapa: 203 .El subíndice está fuera del intervalo
07/12/2015 17:34:02 Error cargando mapa: 204 .El subíndice está fuera del intervalo
07/12/2015 17:34:02 Error cargando mapa: 205 .El subíndice está fuera del intervalo
07/12/2015 17:34:02 Error cargando mapa: 207 .El subíndice está fuera del intervalo
07/12/2015 17:34:02 Error cargando mapa: 208 .El subíndice está fuera del intervalo
07/12/2015 17:34:02 Error cargando mapa: 209 .El subíndice está fuera del intervalo
07/12/2015 17:34:02 Error cargando mapa: 210 .El subíndice está fuera del intervalo
07/12/2015 17:34:02 Error cargando mapa: 211 .El subíndice está fuera del intervalo
07/12/2015 17:34:02 Error cargando mapa: 212 .El subíndice está fuera del intervalo
07/12/2015 17:34:02 Error cargando mapa: 213 .El subíndice está fuera del intervalo
07/12/2015 17:34:02 Error cargando mapa: 214 .El subíndice está fuera del intervalo
07/12/2015 17:34:02 Error cargando mapa: 215 .El subíndice está fuera del intervalo
07/12/2015 17:34:02 Error cargando mapa: 216 .El subíndice está fuera del intervalo
07/12/2015 17:34:02 Error cargando mapa: 217 .El subíndice está fuera del intervalo
07/12/2015 17:34:02 Error cargando mapa: 218 .El subíndice está fuera del intervalo
07/12/2015 17:34:02 Error cargando mapa: 219 .El subíndice está fuera del intervalo
07/12/2015 17:34:02 Error cargando mapa: 220 .El subíndice está fuera del intervalo
07/12/2015 17:34:02 Error cargando mapa: 221 .El subíndice está fuera del intervalo
07/12/2015 17:34:02 Error cargando mapa: 222 .El subíndice está fuera del intervalo
07/12/2015 17:34:02 Error cargando mapa: 223 .El subíndice está fuera del intervalo
07/12/2015 17:34:02 Error cargando mapa: 224 .El subíndice está fuera del intervalo
07/12/2015 17:34:02 Error cargando mapa: 225 .El subíndice está fuera del intervalo
07/12/2015 17:34:02 Error cargando mapa: 226 .El subíndice está fuera del intervalo
07/12/2015 17:34:02 Error cargando mapa: 227 .El subíndice está fuera del intervalo
07/12/2015 17:34:02 Error cargando mapa: 228 .El subíndice está fuera del intervalo
07/12/2015 17:34:02 Error cargando mapa: 229 .El subíndice está fuera del intervalo
07/12/2015 17:34:02 Error cargando mapa: 230 .El subíndice está fuera del intervalo
07/12/2015 17:34:02 Error cargando mapa: 231 .El subíndice está fuera del intervalo
07/12/2015 17:34:02 Error cargando mapa: 232 .El subíndice está fuera del intervalo
07/12/2015 17:34:02 Error cargando mapa: 233 .El subíndice está fuera del intervalo
07/12/2015 17:34:02 Error cargando mapa: 234 .El subíndice está fuera del intervalo
07/12/2015 17:34:02 Error cargando mapa: 235 .El subíndice está fuera del intervalo
07/12/2015 17:34:02 Error cargando mapa: 236 .El subíndice está fuera del intervalo
07/12/2015 17:34:02 Error cargando mapa: 237 .El subíndice está fuera del intervalo
07/12/2015 17:34:02 Error cargando mapa: 238 .El subíndice está fuera del intervalo
07/12/2015 17:34:02 Error cargando mapa: 239 .El subíndice está fuera del intervalo
07/12/2015 17:34:02 Error cargando mapa: 240 .El subíndice está fuera del intervalo
07/12/2015 17:34:02 Error cargando mapa: 241 .El subíndice está fuera del intervalo
07/12/2015 17:34:02 Error cargando mapa: 242 .El subíndice está fuera del intervalo
07/12/2015 17:34:02 Error cargando mapa: 243 .El subíndice está fuera del intervalo
07/12/2015 17:34:02 Error cargando mapa: 244 .El subíndice está fuera del intervalo
07/12/2015 17:34:02 Error cargando mapa: 245 .El subíndice está fuera del intervalo
07/12/2015 17:34:02 Error cargando mapa: 246 .El subíndice está fuera del intervalo
07/12/2015 17:34:02 Error cargando mapa: 250 .Desbordamiento
07/12/2015 17:34:24 SexoPuedeUsarItem
07/12/2015 17:34:24 SexoPuedeUsarItem
07/12/2015 17:34:24 SexoPuedeUsarItem
07/12/2015 17:34:24 SexoPuedeUsarItem
07/12/2015 17:34:24 SexoPuedeUsarItem
07/12/2015 17:34:24 SexoPuedeUsarItem
07/12/2015 17:34:24 SexoPuedeUsarItem
07/12/2015 17:34:24 SexoPuedeUsarItem
07/12/2015 17:34:24 SexoPuedeUsarItem
07/12/2015 17:34:24 SexoPuedeUsarItem
07/12/2015 17:34:24 SexoPuedeUsarItem
07/12/2015 17:34:24 SexoPuedeUsarItem
07/12/2015 17:34:24 SexoPuedeUsarItem
07/12/2015 17:34:24 SexoPuedeUsarItem
07/12/2015 17:34:24 SexoPuedeUsarItem
07/12/2015 17:34:24 SexoPuedeUsarItem
07/12/2015 17:34:24 SexoPuedeUsarItem
07/12/2015 17:34:24 SexoPuedeUsarItem
07/12/2015 17:35:43 Error cargando mapa: 1 .El subíndice está fuera del intervalo
07/12/2015 17:35:43 Error cargando mapa: 2 .El subíndice está fuera del intervalo
07/12/2015 17:35:43 Error cargando mapa: 3 .El subíndice está fuera del intervalo
07/12/2015 17:35:43 Error cargando mapa: 4 .El subíndice está fuera del intervalo
07/12/2015 17:35:43 Error cargando mapa: 5 .El subíndice está fuera del intervalo
07/12/2015 17:35:43 Error cargando mapa: 6 .El subíndice está fuera del intervalo
07/12/2015 17:35:43 Error cargando mapa: 7 .El subíndice está fuera del intervalo
07/12/2015 17:35:43 Error cargando mapa: 8 .El subíndice está fuera del intervalo
07/12/2015 17:35:43 Error cargando mapa: 9 .El subíndice está fuera del intervalo
07/12/2015 17:35:43 Error cargando mapa: 10 .El subíndice está fuera del intervalo
07/12/2015 17:35:43 Error cargando mapa: 11 .El subíndice está fuera del intervalo
07/12/2015 17:35:43 Error cargando mapa: 12 .El subíndice está fuera del intervalo
07/12/2015 17:35:43 Error cargando mapa: 13 .El subíndice está fuera del intervalo
07/12/2015 17:35:43 Error cargando mapa: 14 .El subíndice está fuera del intervalo
07/12/2015 17:35:43 Error cargando mapa: 15 .El subíndice está fuera del intervalo
07/12/2015 17:35:43 Error cargando mapa: 16 .El subíndice está fuera del intervalo
07/12/2015 17:35:43 Error cargando mapa: 17 .El subíndice está fuera del intervalo
07/12/2015 17:35:43 Error cargando mapa: 18 .El subíndice está fuera del intervalo
07/12/2015 17:35:43 Error cargando mapa: 19 .El subíndice está fuera del intervalo
07/12/2015 17:35:43 Error cargando mapa: 20 .El subíndice está fuera del intervalo
07/12/2015 17:35:43 Error cargando mapa: 21 .El subíndice está fuera del intervalo
07/12/2015 17:35:43 Error cargando mapa: 22 .El subíndice está fuera del intervalo
07/12/2015 17:35:43 Error cargando mapa: 23 .El subíndice está fuera del intervalo
07/12/2015 17:35:43 Error cargando mapa: 24 .El subíndice está fuera del intervalo
07/12/2015 17:35:43 Error cargando mapa: 25 .El subíndice está fuera del intervalo
07/12/2015 17:35:43 Error cargando mapa: 26 .El subíndice está fuera del intervalo
07/12/2015 17:35:43 Error cargando mapa: 27 .El subíndice está fuera del intervalo
07/12/2015 17:35:43 Error cargando mapa: 28 .El subíndice está fuera del intervalo
07/12/2015 17:35:43 Error cargando mapa: 29 .El subíndice está fuera del intervalo
07/12/2015 17:35:43 Error cargando mapa: 30 .El subíndice está fuera del intervalo
07/12/2015 17:35:43 Error cargando mapa: 31 .El subíndice está fuera del intervalo
07/12/2015 17:35:43 Error cargando mapa: 32 .El subíndice está fuera del intervalo
07/12/2015 17:35:43 Error cargando mapa: 33 .El subíndice está fuera del intervalo
07/12/2015 17:35:43 Error cargando mapa: 34 .El subíndice está fuera del intervalo
07/12/2015 17:35:43 Error cargando mapa: 35 .El subíndice está fuera del intervalo
07/12/2015 17:35:43 Error cargando mapa: 36 .El subíndice está fuera del intervalo
07/12/2015 17:35:43 Error cargando mapa: 37 .El subíndice está fuera del intervalo
07/12/2015 17:35:43 Error cargando mapa: 38 .El subíndice está fuera del intervalo
07/12/2015 17:35:43 Error cargando mapa: 39 .El subíndice está fuera del intervalo
07/12/2015 17:35:43 Error cargando mapa: 40 .El subíndice está fuera del intervalo
07/12/2015 17:35:43 Error cargando mapa: 41 .El subíndice está fuera del intervalo
07/12/2015 17:35:43 Error cargando mapa: 42 .El subíndice está fuera del intervalo
07/12/2015 17:35:43 Error cargando mapa: 43 .El subíndice está fuera del intervalo
07/12/2015 17:35:43 Error cargando mapa: 44 .El subíndice está fuera del intervalo
07/12/2015 17:35:43 Error cargando mapa: 45 .El subíndice está fuera del intervalo
07/12/2015 17:35:43 Error cargando mapa: 46 .El subíndice está fuera del intervalo
07/12/2015 17:35:43 Error cargando mapa: 47 .El subíndice está fuera del intervalo
07/12/2015 17:35:43 Error cargando mapa: 48 .El subíndice está fuera del intervalo
07/12/2015 17:35:43 Error cargando mapa: 49 .El subíndice está fuera del intervalo
07/12/2015 17:35:43 Error cargando mapa: 50 .El subíndice está fuera del intervalo
07/12/2015 17:35:43 Error cargando mapa: 51 .El subíndice está fuera del intervalo
07/12/2015 17:35:43 Error cargando mapa: 52 .El subíndice está fuera del intervalo
07/12/2015 17:35:43 Error cargando mapa: 53 .El subíndice está fuera del intervalo
07/12/2015 17:35:43 Error cargando mapa: 54 .El subíndice está fuera del intervalo
07/12/2015 17:35:43 Error cargando mapa: 55 .El subíndice está fuera del intervalo
07/12/2015 17:35:43 Error cargando mapa: 56 .El subíndice está fuera del intervalo
07/12/2015 17:35:43 Error cargando mapa: 57 .El subíndice está fuera del intervalo
07/12/2015 17:35:43 Error cargando mapa: 58 .El subíndice está fuera del intervalo
07/12/2015 17:35:43 Error cargando mapa: 59 .El subíndice está fuera del intervalo
07/12/2015 17:35:43 Error cargando mapa: 60 .El subíndice está fuera del intervalo
07/12/2015 17:35:43 Error cargando mapa: 61 .El subíndice está fuera del intervalo
07/12/2015 17:35:43 Error cargando mapa: 62 .El subíndice está fuera del intervalo
07/12/2015 17:35:43 Error cargando mapa: 63 .El subíndice está fuera del intervalo
07/12/2015 17:35:43 Error cargando mapa: 64 .El subíndice está fuera del intervalo
07/12/2015 17:35:43 Error cargando mapa: 65 .El subíndice está fuera del intervalo
07/12/2015 17:35:43 Error cargando mapa: 66 .El subíndice está fuera del intervalo
07/12/2015 17:35:43 Error cargando mapa: 67 .El subíndice está fuera del intervalo
07/12/2015 17:35:43 Error cargando mapa: 68 .El subíndice está fuera del intervalo
07/12/2015 17:35:43 Error cargando mapa: 69 .El subíndice está fuera del intervalo
07/12/2015 17:35:43 Error cargando mapa: 70 .El subíndice está fuera del intervalo
07/12/2015 17:35:43 Error cargando mapa: 71 .El subíndice está fuera del intervalo
07/12/2015 17:35:43 Error cargando mapa: 72 .El subíndice está fuera del intervalo
07/12/2015 17:35:43 Error cargando mapa: 73 .El subíndice está fuera del intervalo
07/12/2015 17:35:43 Error cargando mapa: 74 .El subíndice está fuera del intervalo
07/12/2015 17:35:43 Error cargando mapa: 75 .El subíndice está fuera del intervalo
07/12/2015 17:35:43 Error cargando mapa: 76 .El subíndice está fuera del intervalo
07/12/2015 17:35:43 Error cargando mapa: 77 .El subíndice está fuera del intervalo
07/12/2015 17:35:43 Error cargando mapa: 78 .El subíndice está fuera del intervalo
07/12/2015 17:35:43 Error cargando mapa: 79 .El subíndice está fuera del intervalo
07/12/2015 17:35:43 Error cargando mapa: 80 .El subíndice está fuera del intervalo
07/12/2015 17:35:43 Error cargando mapa: 86 .El subíndice está fuera del intervalo
07/12/2015 17:35:43 Error cargando mapa: 87 .El subíndice está fuera del intervalo
07/12/2015 17:35:43 Error cargando mapa: 88 .El subíndice está fuera del intervalo
07/12/2015 17:35:43 Error cargando mapa: 89 .El subíndice está fuera del intervalo
07/12/2015 17:35:43 Error cargando mapa: 90 .El subíndice está fuera del intervalo
07/12/2015 17:35:43 Error cargando mapa: 91 .El subíndice está fuera del intervalo
07/12/2015 17:35:43 Error cargando mapa: 92 .El subíndice está fuera del intervalo
07/12/2015 17:35:43 Error cargando mapa: 93 .El subíndice está fuera del intervalo
07/12/2015 17:35:43 Error cargando mapa: 94 .El subíndice está fuera del intervalo
07/12/2015 17:35:43 Error cargando mapa: 95 .El subíndice está fuera del intervalo
07/12/2015 17:35:43 Error cargando mapa: 96 .El subíndice está fuera del intervalo
07/12/2015 17:35:43 Error cargando mapa: 97 .El subíndice está fuera del intervalo
07/12/2015 17:35:43 Error cargando mapa: 98 .El subíndice está fuera del intervalo
07/12/2015 17:35:43 Error cargando mapa: 99 .El subíndice está fuera del intervalo
07/12/2015 17:35:43 Error cargando mapa: 100 .El subíndice está fuera del intervalo
07/12/2015 17:35:43 Error cargando mapa: 101 .El subíndice está fuera del intervalo
07/12/2015 17:35:43 Error cargando mapa: 102 .El subíndice está fuera del intervalo
07/12/2015 17:35:43 Error cargando mapa: 103 .El subíndice está fuera del intervalo
07/12/2015 17:35:43 Error cargando mapa: 104 .El subíndice está fuera del intervalo
07/12/2015 17:35:43 Error cargando mapa: 105 .El subíndice está fuera del intervalo
07/12/2015 17:35:43 Error cargando mapa: 106 .El subíndice está fuera del intervalo
07/12/2015 17:35:43 Error cargando mapa: 107 .El subíndice está fuera del intervalo
07/12/2015 17:35:43 Error cargando mapa: 108 .El subíndice está fuera del intervalo
07/12/2015 17:35:43 Error cargando mapa: 109 .El subíndice está fuera del intervalo
07/12/2015 17:35:43 Error cargando mapa: 110 .El subíndice está fuera del intervalo
07/12/2015 17:35:43 Error cargando mapa: 111 .El subíndice está fuera del intervalo
07/12/2015 17:35:43 Error cargando mapa: 112 .El subíndice está fuera del intervalo
07/12/2015 17:35:43 Error cargando mapa: 113 .El subíndice está fuera del intervalo
07/12/2015 17:35:43 Error cargando mapa: 114 .El subíndice está fuera del intervalo
07/12/2015 17:35:43 Error cargando mapa: 115 .El subíndice está fuera del intervalo
07/12/2015 17:35:43 Error cargando mapa: 116 .El subíndice está fuera del intervalo
07/12/2015 17:35:43 Error cargando mapa: 120 .El subíndice está fuera del intervalo
07/12/2015 17:35:43 Error cargando mapa: 121 .El subíndice está fuera del intervalo
07/12/2015 17:35:43 Error cargando mapa: 122 .El subíndice está fuera del intervalo
07/12/2015 17:35:43 Error cargando mapa: 123 .El subíndice está fuera del intervalo
07/12/2015 17:35:43 Error cargando mapa: 124 .El subíndice está fuera del intervalo
07/12/2015 17:35:43 Error cargando mapa: 125 .El subíndice está fuera del intervalo
07/12/2015 17:35:43 Error cargando mapa: 126 .El subíndice está fuera del intervalo
07/12/2015 17:35:43 Error cargando mapa: 127 .El subíndice está fuera del intervalo
07/12/2015 17:35:43 Error cargando mapa: 128 .El subíndice está fuera del intervalo
07/12/2015 17:35:43 Error cargando mapa: 129 .El subíndice está fuera del intervalo
07/12/2015 17:35:43 Error cargando mapa: 130 .El subíndice está fuera del intervalo
07/12/2015 17:35:43 Error cargando mapa: 131 .El subíndice está fuera del intervalo
07/12/2015 17:35:43 Error cargando mapa: 132 .El subíndice está fuera del intervalo
07/12/2015 17:35:43 Error cargando mapa: 133 .El subíndice está fuera del intervalo
07/12/2015 17:35:43 Error cargando mapa: 134 .El subíndice está fuera del intervalo
07/12/2015 17:35:43 Error cargando mapa: 135 .El subíndice está fuera del intervalo
07/12/2015 17:35:43 Error cargando mapa: 136 .El subíndice está fuera del intervalo
07/12/2015 17:35:43 Error cargando mapa: 137 .El subíndice está fuera del intervalo
07/12/2015 17:35:43 Error cargando mapa: 138 .El subíndice está fuera del intervalo
07/12/2015 17:35:43 Error cargando mapa: 139 .El subíndice está fuera del intervalo
07/12/2015 17:35:43 Error cargando mapa: 140 .El subíndice está fuera del intervalo
07/12/2015 17:35:43 Error cargando mapa: 141 .El subíndice está fuera del intervalo
07/12/2015 17:35:43 Error cargando mapa: 142 .El subíndice está fuera del intervalo
07/12/2015 17:35:43 Error cargando mapa: 143 .El subíndice está fuera del intervalo
07/12/2015 17:35:43 Error cargando mapa: 144 .El subíndice está fuera del intervalo
07/12/2015 17:35:43 Error cargando mapa: 145 .El subíndice está fuera del intervalo
07/12/2015 17:35:43 Error cargando mapa: 146 .El subíndice está fuera del intervalo
07/12/2015 17:35:43 Error cargando mapa: 147 .El subíndice está fuera del intervalo
07/12/2015 17:35:43 Error cargando mapa: 148 .El subíndice está fuera del intervalo
07/12/2015 17:35:44 Error cargando mapa: 149 .El subíndice está fuera del intervalo
07/12/2015 17:35:44 Error cargando mapa: 150 .El subíndice está fuera del intervalo
07/12/2015 17:35:44 Error cargando mapa: 151 .El subíndice está fuera del intervalo
07/12/2015 17:35:44 Error cargando mapa: 152 .El subíndice está fuera del intervalo
07/12/2015 17:35:44 Error cargando mapa: 153 .El subíndice está fuera del intervalo
07/12/2015 17:35:44 Error cargando mapa: 154 .El subíndice está fuera del intervalo
07/12/2015 17:35:44 Error cargando mapa: 155 .El subíndice está fuera del intervalo
07/12/2015 17:35:44 Error cargando mapa: 156 .El subíndice está fuera del intervalo
07/12/2015 17:35:44 Error cargando mapa: 157 .El subíndice está fuera del intervalo
07/12/2015 17:35:44 Error cargando mapa: 158 .El subíndice está fuera del intervalo
07/12/2015 17:35:44 Error cargando mapa: 159 .El subíndice está fuera del intervalo
07/12/2015 17:35:44 Error cargando mapa: 160 .El subíndice está fuera del intervalo
07/12/2015 17:35:44 Error cargando mapa: 161 .El subíndice está fuera del intervalo
07/12/2015 17:35:44 Error cargando mapa: 162 .El subíndice está fuera del intervalo
07/12/2015 17:35:44 Error cargando mapa: 163 .El subíndice está fuera del intervalo
07/12/2015 17:35:44 Error cargando mapa: 164 .El subíndice está fuera del intervalo
07/12/2015 17:35:44 Error cargando mapa: 165 .El subíndice está fuera del intervalo
07/12/2015 17:35:44 Error cargando mapa: 166 .El subíndice está fuera del intervalo
07/12/2015 17:35:44 Error cargando mapa: 167 .El subíndice está fuera del intervalo
07/12/2015 17:35:44 Error cargando mapa: 168 .El subíndice está fuera del intervalo
07/12/2015 17:35:44 Error cargando mapa: 169 .El subíndice está fuera del intervalo
07/12/2015 17:35:44 Error cargando mapa: 170 .El subíndice está fuera del intervalo
07/12/2015 17:35:44 Error cargando mapa: 171 .El subíndice está fuera del intervalo
07/12/2015 17:35:44 Error cargando mapa: 172 .El subíndice está fuera del intervalo
07/12/2015 17:35:44 Error cargando mapa: 173 .El subíndice está fuera del intervalo
07/12/2015 17:35:44 Error cargando mapa: 174 .El subíndice está fuera del intervalo
07/12/2015 17:35:44 Error cargando mapa: 175 .El subíndice está fuera del intervalo
07/12/2015 17:35:44 Error cargando mapa: 176 .El subíndice está fuera del intervalo
07/12/2015 17:35:44 Error cargando mapa: 177 .El subíndice está fuera del intervalo
07/12/2015 17:35:44 Error cargando mapa: 178 .El subíndice está fuera del intervalo
07/12/2015 17:35:44 Error cargando mapa: 179 .El subíndice está fuera del intervalo
07/12/2015 17:35:44 Error cargando mapa: 180 .El subíndice está fuera del intervalo
07/12/2015 17:35:44 Error cargando mapa: 181 .El subíndice está fuera del intervalo
07/12/2015 17:35:44 Error cargando mapa: 182 .El subíndice está fuera del intervalo
07/12/2015 17:35:44 Error cargando mapa: 183 .El subíndice está fuera del intervalo
07/12/2015 17:35:44 Error cargando mapa: 184 .El subíndice está fuera del intervalo
07/12/2015 17:35:44 Error cargando mapa: 185 .El subíndice está fuera del intervalo
07/12/2015 17:35:44 Error cargando mapa: 186 .El subíndice está fuera del intervalo
07/12/2015 17:35:44 Error cargando mapa: 187 .El subíndice está fuera del intervalo
07/12/2015 17:35:44 Error cargando mapa: 188 .El subíndice está fuera del intervalo
07/12/2015 17:35:44 Error cargando mapa: 189 .El subíndice está fuera del intervalo
07/12/2015 17:35:44 Error cargando mapa: 190 .El subíndice está fuera del intervalo
07/12/2015 17:35:44 Error cargando mapa: 191 .El subíndice está fuera del intervalo
07/12/2015 17:35:44 Error cargando mapa: 192 .El subíndice está fuera del intervalo
07/12/2015 17:35:44 Error cargando mapa: 193 .El subíndice está fuera del intervalo
07/12/2015 17:35:44 Error cargando mapa: 194 .El subíndice está fuera del intervalo
07/12/2015 17:35:44 Error cargando mapa: 195 .El subíndice está fuera del intervalo
07/12/2015 17:35:44 Error cargando mapa: 196 .El subíndice está fuera del intervalo
07/12/2015 17:35:44 Error cargando mapa: 197 .El subíndice está fuera del intervalo
07/12/2015 17:35:44 Error cargando mapa: 198 .El subíndice está fuera del intervalo
07/12/2015 17:35:44 Error cargando mapa: 199 .El subíndice está fuera del intervalo
07/12/2015 17:35:44 Error cargando mapa: 200 .El subíndice está fuera del intervalo
07/12/2015 17:35:44 Error cargando mapa: 201 .El subíndice está fuera del intervalo
07/12/2015 17:35:44 Error cargando mapa: 202 .El subíndice está fuera del intervalo
07/12/2015 17:35:44 Error cargando mapa: 203 .El subíndice está fuera del intervalo
07/12/2015 17:35:44 Error cargando mapa: 204 .El subíndice está fuera del intervalo
07/12/2015 17:35:44 Error cargando mapa: 205 .El subíndice está fuera del intervalo
07/12/2015 17:35:44 Error cargando mapa: 207 .El subíndice está fuera del intervalo
07/12/2015 17:35:44 Error cargando mapa: 208 .El subíndice está fuera del intervalo
07/12/2015 17:35:44 Error cargando mapa: 209 .El subíndice está fuera del intervalo
07/12/2015 17:35:44 Error cargando mapa: 210 .El subíndice está fuera del intervalo
07/12/2015 17:35:44 Error cargando mapa: 211 .El subíndice está fuera del intervalo
07/12/2015 17:35:44 Error cargando mapa: 212 .El subíndice está fuera del intervalo
07/12/2015 17:35:44 Error cargando mapa: 213 .El subíndice está fuera del intervalo
07/12/2015 17:35:44 Error cargando mapa: 214 .El subíndice está fuera del intervalo
07/12/2015 17:35:44 Error cargando mapa: 215 .El subíndice está fuera del intervalo
07/12/2015 17:35:44 Error cargando mapa: 216 .El subíndice está fuera del intervalo
07/12/2015 17:35:44 Error cargando mapa: 217 .El subíndice está fuera del intervalo
07/12/2015 17:35:44 Error cargando mapa: 218 .El subíndice está fuera del intervalo
07/12/2015 17:35:44 Error cargando mapa: 219 .El subíndice está fuera del intervalo
07/12/2015 17:35:44 Error cargando mapa: 220 .El subíndice está fuera del intervalo
07/12/2015 17:35:44 Error cargando mapa: 221 .El subíndice está fuera del intervalo
07/12/2015 17:35:44 Error cargando mapa: 222 .El subíndice está fuera del intervalo
07/12/2015 17:35:44 Error cargando mapa: 223 .El subíndice está fuera del intervalo
07/12/2015 17:35:44 Error cargando mapa: 224 .El subíndice está fuera del intervalo
07/12/2015 17:35:44 Error cargando mapa: 225 .El subíndice está fuera del intervalo
07/12/2015 17:35:44 Error cargando mapa: 226 .El subíndice está fuera del intervalo
07/12/2015 17:35:44 Error cargando mapa: 227 .El subíndice está fuera del intervalo
07/12/2015 17:35:44 Error cargando mapa: 228 .El subíndice está fuera del intervalo
07/12/2015 17:35:44 Error cargando mapa: 229 .El subíndice está fuera del intervalo
07/12/2015 17:35:44 Error cargando mapa: 230 .El subíndice está fuera del intervalo
07/12/2015 17:35:44 Error cargando mapa: 231 .El subíndice está fuera del intervalo
07/12/2015 17:35:44 Error cargando mapa: 232 .El subíndice está fuera del intervalo
07/12/2015 17:35:44 Error cargando mapa: 233 .El subíndice está fuera del intervalo
07/12/2015 17:35:44 Error cargando mapa: 234 .El subíndice está fuera del intervalo
07/12/2015 17:35:44 Error cargando mapa: 235 .El subíndice está fuera del intervalo
07/12/2015 17:35:44 Error cargando mapa: 236 .El subíndice está fuera del intervalo
07/12/2015 17:35:44 Error cargando mapa: 237 .El subíndice está fuera del intervalo
07/12/2015 17:35:44 Error cargando mapa: 238 .El subíndice está fuera del intervalo
07/12/2015 17:35:44 Error cargando mapa: 239 .El subíndice está fuera del intervalo
07/12/2015 17:35:44 Error cargando mapa: 240 .El subíndice está fuera del intervalo
07/12/2015 17:35:44 Error cargando mapa: 241 .El subíndice está fuera del intervalo
07/12/2015 17:35:44 Error cargando mapa: 242 .El subíndice está fuera del intervalo
07/12/2015 17:35:44 Error cargando mapa: 243 .El subíndice está fuera del intervalo
07/12/2015 17:35:44 Error cargando mapa: 244 .El subíndice está fuera del intervalo
07/12/2015 17:35:44 Error cargando mapa: 245 .El subíndice está fuera del intervalo
07/12/2015 17:35:44 Error cargando mapa: 246 .El subíndice está fuera del intervalo
07/12/2015 17:35:44 Error cargando mapa: 250 .Desbordamiento
07/12/2015 17:36:15 SexoPuedeUsarItem
07/12/2015 17:36:15 SexoPuedeUsarItem
07/12/2015 17:36:15 SexoPuedeUsarItem
07/12/2015 17:36:15 SexoPuedeUsarItem
07/12/2015 17:36:15 SexoPuedeUsarItem
07/12/2015 17:36:15 SexoPuedeUsarItem
07/12/2015 17:36:15 SexoPuedeUsarItem
07/12/2015 17:36:15 SexoPuedeUsarItem
07/12/2015 17:36:15 SexoPuedeUsarItem
07/12/2015 17:36:15 SexoPuedeUsarItem
07/12/2015 17:36:15 SexoPuedeUsarItem
07/12/2015 17:36:15 SexoPuedeUsarItem
07/12/2015 17:36:15 SexoPuedeUsarItem
07/12/2015 17:36:15 SexoPuedeUsarItem
07/12/2015 17:36:15 SexoPuedeUsarItem
07/12/2015 17:36:15 SexoPuedeUsarItem
07/12/2015 17:36:15 SexoPuedeUsarItem
07/12/2015 17:36:15 SexoPuedeUsarItem
07/12/2015 17:40:55 Error cargando mapa: 1 .El subíndice está fuera del intervalo
07/12/2015 17:41:00 Error cargando mapa: 113 .El subíndice está fuera del intervalo
07/12/2015 17:41:00 Error cargando mapa: 114 .El subíndice está fuera del intervalo
07/12/2015 17:41:01 Error cargando mapa: 156 .El subíndice está fuera del intervalo
07/12/2015 17:41:01 Error cargando mapa: 158 .El subíndice está fuera del intervalo
07/12/2015 17:41:01 Error cargando mapa: 180 .El subíndice está fuera del intervalo
07/12/2015 17:41:08 Error cargando mapa: 754 .El subíndice está fuera del intervalo
07/12/2015 17:41:08 Error cargando mapa: 755 .El subíndice está fuera del intervalo
07/12/2015 17:41:08 Error cargando mapa: 756 .El subíndice está fuera del intervalo
07/12/2015 17:41:08 Error cargando mapa: 757 .El subíndice está fuera del intervalo
07/12/2015 17:41:09 Error cargando mapa: 850 .El subíndice está fuera del intervalo
07/12/2015 17:41:09 Error cargando mapa: 851 .El subíndice está fuera del intervalo
07/12/2015 17:41:12 SexoPuedeUsarItem
07/12/2015 17:41:12 SexoPuedeUsarItem
07/12/2015 17:41:12 SexoPuedeUsarItem
07/12/2015 17:41:12 SexoPuedeUsarItem
07/12/2015 17:41:12 SexoPuedeUsarItem
07/12/2015 17:41:12 SexoPuedeUsarItem
07/12/2015 17:41:12 SexoPuedeUsarItem
07/12/2015 17:41:12 SexoPuedeUsarItem
07/12/2015 17:41:12 SexoPuedeUsarItem
07/12/2015 17:41:12 SexoPuedeUsarItem
07/12/2015 17:41:12 SexoPuedeUsarItem
07/12/2015 17:41:12 SexoPuedeUsarItem
07/12/2015 17:41:12 SexoPuedeUsarItem
07/12/2015 17:41:12 SexoPuedeUsarItem
07/12/2015 17:41:12 SexoPuedeUsarItem
07/12/2015 17:41:12 SexoPuedeUsarItem
07/12/2015 17:41:12 SexoPuedeUsarItem
07/12/2015 17:41:12 SexoPuedeUsarItem
07/12/2015 17:43:01 Error cargando mapa: 1 .El subíndice está fuera del intervalo
07/12/2015 17:43:05 Error cargando mapa: 113 .El subíndice está fuera del intervalo
07/12/2015 17:43:05 Error cargando mapa: 114 .El subíndice está fuera del intervalo
07/12/2015 17:43:06 Error cargando mapa: 156 .El subíndice está fuera del intervalo
07/12/2015 17:43:06 Error cargando mapa: 158 .El subíndice está fuera del intervalo
07/12/2015 17:43:06 Error cargando mapa: 180 .El subíndice está fuera del intervalo
07/12/2015 17:43:14 Error cargando mapa: 754 .El subíndice está fuera del intervalo
07/12/2015 17:43:14 Error cargando mapa: 755 .El subíndice está fuera del intervalo
07/12/2015 17:43:14 Error cargando mapa: 756 .El subíndice está fuera del intervalo
07/12/2015 17:43:14 Error cargando mapa: 757 .El subíndice está fuera del intervalo
07/12/2015 17:43:14 Error cargando mapa: 850 .El subíndice está fuera del intervalo
07/12/2015 17:43:14 Error cargando mapa: 851 .El subíndice está fuera del intervalo
07/12/2015 17:43:29 SexoPuedeUsarItem
07/12/2015 17:43:29 SexoPuedeUsarItem
07/12/2015 17:43:29 SexoPuedeUsarItem
07/12/2015 17:43:29 SexoPuedeUsarItem
07/12/2015 17:43:29 SexoPuedeUsarItem
07/12/2015 17:43:29 SexoPuedeUsarItem
07/12/2015 17:43:29 SexoPuedeUsarItem
07/12/2015 17:43:29 SexoPuedeUsarItem
07/12/2015 17:43:29 SexoPuedeUsarItem
07/12/2015 17:43:29 SexoPuedeUsarItem
07/12/2015 17:43:29 SexoPuedeUsarItem
07/12/2015 17:43:29 SexoPuedeUsarItem
07/12/2015 17:43:29 SexoPuedeUsarItem
07/12/2015 17:43:29 SexoPuedeUsarItem
07/12/2015 17:43:29 SexoPuedeUsarItem
07/12/2015 17:43:29 SexoPuedeUsarItem
07/12/2015 17:43:29 SexoPuedeUsarItem
07/12/2015 17:43:29 SexoPuedeUsarItem
07/12/2015 17:45:08 SexoPuedeUsarItem
07/12/2015 17:45:08 SexoPuedeUsarItem
07/12/2015 17:45:08 SexoPuedeUsarItem
07/12/2015 17:45:08 SexoPuedeUsarItem
07/12/2015 17:45:08 SexoPuedeUsarItem
07/12/2015 17:45:08 SexoPuedeUsarItem
07/12/2015 17:45:08 SexoPuedeUsarItem
07/12/2015 17:45:08 SexoPuedeUsarItem
07/12/2015 17:45:08 SexoPuedeUsarItem
07/12/2015 17:45:08 SexoPuedeUsarItem
07/12/2015 17:45:08 SexoPuedeUsarItem
07/12/2015 17:45:08 SexoPuedeUsarItem
07/12/2015 17:45:08 SexoPuedeUsarItem
07/12/2015 17:45:08 SexoPuedeUsarItem
07/12/2015 17:45:08 SexoPuedeUsarItem
07/12/2015 17:45:08 SexoPuedeUsarItem
07/12/2015 17:45:08 SexoPuedeUsarItem
07/12/2015 17:45:08 SexoPuedeUsarItem
