03/10/2015 2:33:11 Se conecto con ip:25.27.101.211
03/10/2015 2:33:29 /INVISIBLE
03/10/2015 2:34:10 /INVISIBLE
03/10/2015 2:34:40 Transportó a krixnhar hacia Mapa1 X:37 Y:23
03/10/2015 2:34:42 Transportó a krixnhar hacia Mapa1 X:53 Y:46
03/10/2015 2:34:42 Transportó a krixnhar hacia Mapa1 X:61 Y:67
03/10/2015 2:34:43 Transportó a krixnhar hacia Mapa1 X:32 Y:29
03/10/2015 2:34:45 Transportó a krixnhar hacia Mapa1 X:36 Y:24
03/10/2015 2:36:35 Agarro:1 Objeto:Espada Destellium
03/10/2015 2:36:38 Agarro:1 Objeto:Espada Lazurt +1
03/10/2015 2:36:39 Agarro:1 Objeto:Espada Saramiana
03/10/2015 2:36:43 Agarro:1 Objeto:Yelmo de la Resurrección
03/10/2015 2:36:46 Agarro:1 Objeto:Casco Caótico
03/10/2015 2:36:48 Agarro:1 Objeto:Casco Bifurcado
03/10/2015 2:36:51 Agarro:1 Objeto:Armadura de Dragón Negro
03/10/2015 2:37:09 /MOD LEVEL 50  krixnhar
03/10/2015 2:39:17 Agarro:1 Objeto:Piel de Oso Pardo
03/10/2015 2:39:54 Transportó a krixnhar hacia Mapa1 X:76 Y:37
03/10/2015 2:40:04 Transportó a krixnhar hacia Mapa1 X:78 Y:27
03/10/2015 2:40:10 Transportó a krixnhar hacia Mapa1 X:66 Y:24
03/10/2015 2:40:16 Transportó a krixnhar hacia Mapa1 X:73 Y:24
03/10/2015 2:40:17 Transportó a krixnhar hacia Mapa1 X:68 Y:22
03/10/2015 2:40:38 Transportó a krixnhar hacia Mapa1 X:63 Y:35
03/10/2015 2:40:57 Transportó a krixnhar hacia Mapa1 X:45 Y:34
03/10/2015 2:41:02 Transportó a krixnhar hacia Mapa1 X:58 Y:41
03/10/2015 2:41:03 Transportó a krixnhar hacia Mapa1 X:68 Y:39
03/10/2015 2:41:04 Transportó a krixnhar hacia Mapa1 X:74 Y:32
03/10/2015 2:41:42 Transportó a krixnhar hacia Mapa1 X:73 Y:29
03/10/2015 2:41:43 Transportó a krixnhar hacia Mapa1 X:68 Y:26
03/10/2015 2:41:49 Transportó a krixnhar hacia Mapa1 X:51 Y:32
03/10/2015 2:41:51 Transportó a krixnhar hacia Mapa1 X:55 Y:26
03/10/2015 2:41:55 Transportó a krixnhar hacia Mapa1 X:76 Y:22
03/10/2015 2:42:06 Transportó a krixnhar hacia Mapa1 X:68 Y:21
03/10/2015 2:42:07 Transportó a krixnhar hacia Mapa1 X:72 Y:20
03/10/2015 2:43:01 Transportó a krixnhar hacia Mapa1 X:58 Y:22
03/10/2015 2:43:05 Transportó a krixnhar hacia Mapa1 X:72 Y:32
03/10/2015 2:47:13 Resucito a zenitram
03/10/2015 2:47:26 Transportó a krixnhar hacia Mapa2 X:54 Y:42
03/10/2015 2:47:27 Transportó a krixnhar hacia Mapa2 X:51 Y:44
03/10/2015 2:47:28 Transportó a krixnhar hacia Mapa2 X:49 Y:46
03/10/2015 2:48:08 Tiro cantidad:1 Objeto:Piel de Oso Pardo
03/10/2015 2:48:33 /CI: 378
03/10/2015 2:50:13 /CI: 530
03/10/2015 2:50:15 Agarro:100 Objeto:Inmovilizar
03/10/2015 2:50:20 Tiro cantidad:99 Objeto:Inmovilizar
03/10/2015 2:50:41 /MOD SKILLS magia 100 yo
03/10/2015 2:51:57 Se conecto con ip:25.27.101.211
03/10/2015 2:57:40 Transportó a krixnhar hacia Mapa2 X:49 Y:42
06/10/2015 23:09:08 Se conecto con ip:25.43.98.71
06/10/2015 23:11:59 Se conecto con ip:25.43.98.71
06/10/2015 23:12:03 /CI: 1257
06/10/2015 23:12:04 Agarro:100 Objeto:Espada Saramiana
06/10/2015 23:12:10 /MOD LEVEL 40  yo
06/10/2015 23:12:27 Transportó a Krixnhar hacia Mapa1 X:29 Y:45
06/10/2015 23:13:22 /CI: 159
06/10/2015 23:13:24 Agarro:100 Objeto:Hacha Bárbara
06/10/2015 23:14:23 Transportó a Krixnhar hacia Mapa5 X:50 Y:50
06/10/2015 23:14:27 Transportó a Krixnhar hacia Mapa1 X:13 Y:15
06/10/2015 23:14:28 Transportó a Krixnhar hacia Mapa1 X:15 Y:20
06/10/2015 23:14:29 Transportó a Krixnhar hacia Mapa1 X:17 Y:30
06/10/2015 23:16:44 Se conecto con ip:25.43.98.71
08/10/2015 20:01:37 Se conecto con ip:25.43.98.71
08/10/2015 20:01:44 Transportó a Krixnhar hacia Mapa1 X:37 Y:26
08/10/2015 20:01:45 Transportó a Krixnhar hacia Mapa1 X:30 Y:23
08/10/2015 20:01:46 Transportó a Krixnhar hacia Mapa1 X:21 Y:25
08/10/2015 20:01:48 Transportó a Krixnhar hacia Mapa1 X:26 Y:24
08/10/2015 20:02:05 Transportó a Krixnhar hacia Mapa1 X:77 Y:22
08/10/2015 20:02:09 Transportó a Krixnhar hacia Mapa1 X:57 Y:38
08/10/2015 20:02:10 Transportó a Krixnhar hacia Mapa1 X:53 Y:52
08/10/2015 20:08:26 Se conecto con ip:25.43.98.71
08/10/2015 20:08:27 Transportó a Krixnhar hacia Mapa1 X:57 Y:47
08/10/2015 20:08:27 Transportó a Krixnhar hacia Mapa1 X:61 Y:42
08/10/2015 20:08:39 Transportó a Krixnhar hacia Mapa1 X:51 Y:34
08/10/2015 20:08:39 Transportó a Krixnhar hacia Mapa1 X:43 Y:35
08/10/2015 20:08:45 Transportó a Krixnhar hacia Mapa1 X:49 Y:38
08/10/2015 20:08:45 Transportó a Krixnhar hacia Mapa1 X:53 Y:33
08/10/2015 20:08:46 Transportó a Krixnhar hacia Mapa1 X:55 Y:28
08/10/2015 20:08:47 Transportó a Krixnhar hacia Mapa1 X:52 Y:24
08/10/2015 20:08:48 Transportó a Krixnhar hacia Mapa1 X:40 Y:22
08/10/2015 20:08:50 Transportó a Krixnhar hacia Mapa1 X:44 Y:16
08/10/2015 20:08:50 Transportó a Krixnhar hacia Mapa1 X:53 Y:12
08/10/2015 20:08:52 Transportó a Krixnhar hacia Mapa1 X:52 Y:17
08/10/2015 20:09:02 Transportó a Krixnhar hacia Mapa1 X:39 Y:32
08/10/2015 20:09:02 Transportó a Krixnhar hacia Mapa1 X:36 Y:28
08/10/2015 20:09:02 Transportó a Krixnhar hacia Mapa1 X:34 Y:23
08/10/2015 20:09:02 Transportó a Krixnhar hacia Mapa1 X:29 Y:23
08/10/2015 20:09:04 Transportó a Krixnhar hacia Mapa1 X:27 Y:29
08/10/2015 20:09:04 Transportó a Krixnhar hacia Mapa1 X:27 Y:33
08/10/2015 20:09:05 Transportó a Krixnhar hacia Mapa1 X:26 Y:44
08/10/2015 20:09:08 Transportó a Krixnhar hacia Mapa1 X:29 Y:49
08/10/2015 20:09:08 Transportó a Krixnhar hacia Mapa1 X:36 Y:47
08/10/2015 20:39:44 Se conecto con ip:25.43.98.71
08/10/2015 20:39:47 Transportó a Krixnhar hacia Mapa1 X:29 Y:74
08/10/2015 20:39:48 Transportó a Krixnhar hacia Mapa1 X:31 Y:69
08/10/2015 20:41:13 Transportó a Krixnhar hacia Mapa1 X:29 Y:65
08/10/2015 20:41:17 Transportó a Krixnhar hacia Mapa1 X:19 Y:54
08/10/2015 20:43:31 Se conecto con ip:25.43.98.71
08/10/2015 20:43:38 Transportó a Krixnhar hacia Mapa1 X:41 Y:46
08/10/2015 20:43:38 Transportó a Krixnhar hacia Mapa1 X:46 Y:43
08/10/2015 20:43:38 Transportó a Krixnhar hacia Mapa1 X:50 Y:39
08/10/2015 21:34:02 Se conecto con ip:25.43.98.71
08/10/2015 21:58:30 Se conecto con ip:25.43.98.71
08/10/2015 22:03:09 /LLUVIA
08/10/2015 22:03:10 /LLUVIA
08/10/2015 22:03:18 /LLUVIA
08/10/2015 22:03:18 /LLUVIA
08/10/2015 22:03:19 /LLUVIA
08/10/2015 22:03:19 /LLUVIA
10/10/2015 15:05:47 Se conecto con ip:25.43.98.71
10/10/2015 15:05:48 Transportó a Krixnhar hacia Mapa1 X:49 Y:37
10/10/2015 15:05:53 Sumoneo a Goblin en mapa 1
10/10/2015 15:05:56 Sumoneo a Lobo en mapa 1
10/10/2015 15:26:41 Se conecto con ip:25.43.98.71
10/10/2015 15:26:52 /CI: 474
10/10/2015 15:26:53 Agarro:100 Objeto:Barca
10/10/2015 15:27:02 /MOD SKILLS navegacion 100 yo
10/10/2015 15:27:03 Transportó a Krixnhar hacia Mapa1 X:26 Y:77
10/10/2015 15:27:05 Transportó a Krixnhar hacia Mapa1 X:11 Y:77
10/10/2015 15:27:10 Transportó a Krixnhar hacia Mapa2 X:50 Y:50
10/10/2015 15:27:12 Transportó a Krixnhar hacia Mapa2 X:12 Y:29
10/10/2015 15:27:15 Transportó a Krixnhar hacia Mapa2 X:19 Y:33
10/10/2015 15:27:49 Transportó a Krixnhar hacia Mapa2 X:22 Y:26
10/10/2015 15:27:49 Transportó a Krixnhar hacia Mapa2 X:28 Y:24
10/10/2015 15:27:50 Transportó a Krixnhar hacia Mapa2 X:29 Y:20
10/10/2015 15:27:50 Transportó a Krixnhar hacia Mapa2 X:28 Y:16
10/10/2015 15:27:50 Transportó a Krixnhar hacia Mapa2 X:30 Y:14
10/10/2015 15:27:50 Transportó a Krixnhar hacia Mapa2 X:34 Y:13
10/10/2015 15:27:51 Transportó a Krixnhar hacia Mapa2 X:40 Y:13
10/10/2015 15:27:51 Transportó a Krixnhar hacia Mapa2 X:46 Y:14
10/10/2015 15:27:51 Transportó a Krixnhar hacia Mapa2 X:50 Y:17
10/10/2015 15:27:51 Transportó a Krixnhar hacia Mapa2 X:51 Y:20
10/10/2015 15:27:56 Transportó a Krixnhar hacia Mapa1 X:50 Y:50
10/10/2015 15:27:58 Transportó a Krixnhar hacia Mapa1 X:48 Y:34
10/10/2015 15:28:02 Sumoneo a Lobo en mapa 1
10/10/2015 15:56:55 Se conecto con ip:25.43.98.71
10/10/2015 15:56:57 Transportó a Krixnhar hacia Mapa1 X:63 Y:36
10/10/2015 15:56:57 Transportó a Krixnhar hacia Mapa1 X:61 Y:30
10/10/2015 15:56:59 Transportó a Krixnhar hacia Mapa1 X:61 Y:35
10/10/2015 15:57:10 Agarro:1 Objeto:Piel de Lobo
10/10/2015 15:57:22 Sumoneo a Lobo en mapa 1
10/10/2015 16:00:13 Se conecto con ip:25.43.98.71
10/10/2015 16:01:11 Se conecto con ip:25.43.98.71
10/10/2015 16:01:19 /SUM league+of+legends Map:1 X:42 Y:38
10/10/2015 16:01:21 Transportó a Krixnhar hacia Mapa1 X:43 Y:39
10/10/2015 16:01:44 /MOD EXP 9999999  league of legends
10/10/2015 16:05:13 Se conecto con ip:25.43.98.71
10/10/2015 16:05:17 Sumoneo a Goblin en mapa 1
10/10/2015 16:05:21 Sumoneo a Lobo en mapa 1
10/10/2015 16:08:40 Se conecto con ip:25.43.98.71
10/10/2015 16:34:42 Se conecto con ip:25.43.98.71
10/10/2015 16:34:46 Sumoneo a Lobo en mapa 1
10/10/2015 22:09:51 Se conecto con ip:25.43.98.71
10/10/2015 22:09:57 Sumoneo a Lobo en mapa 1
10/10/2015 22:12:39 Se conecto con ip:25.43.98.71
10/10/2015 22:12:43 Sumoneo a Lobo en mapa 1
03/12/2015 22:01:17 Se conecto con ip:25.43.98.71
04/12/2015 13:58:02 Se conecto con ip:25.43.98.71
04/12/2015 13:58:42 Transportó a Krixnhar hacia Mapa1 X:11 Y:37
04/12/2015 13:58:42 Transportó a Krixnhar hacia Mapa1 X:29 Y:45
04/12/2015 13:58:48 Transportó a Krixnhar hacia Mapa1 X:45 Y:38
04/12/2015 13:58:48 Transportó a Krixnhar hacia Mapa1 X:47 Y:32
04/12/2015 13:58:49 Transportó a Krixnhar hacia Mapa1 X:50 Y:28
04/12/2015 13:58:49 Transportó a Krixnhar hacia Mapa1 X:55 Y:24
04/12/2015 13:58:59 Transportó a Krixnhar hacia Mapa1 X:73 Y:35
04/12/2015 13:59:00 Transportó a Krixnhar hacia Mapa1 X:76 Y:27
04/12/2015 13:59:08 Transportó a Krixnhar hacia Mapa1 X:76 Y:33
04/12/2015 13:59:20 Transportó a Krixnhar hacia Mapa1 X:21 Y:48
04/12/2015 13:59:22 Transportó a Krixnhar hacia Mapa1 X:16 Y:20
04/12/2015 13:59:23 Transportó a Krixnhar hacia Mapa1 X:28 Y:22
04/12/2015 13:59:24 Transportó a Krixnhar hacia Mapa1 X:38 Y:23
04/12/2015 13:59:58 Transportó a Krixnhar hacia Mapa1 X:69 Y:48
04/12/2015 13:59:59 Transportó a Krixnhar hacia Mapa1 X:86 Y:69
04/12/2015 14:00:00 Transportó a Krixnhar hacia Mapa1 X:90 Y:68
04/12/2015 14:00:07 Transportó a Krixnhar hacia Mapa1 X:18 Y:53
04/12/2015 14:00:13 Transportó a Krixnhar hacia Mapa5 X:50 Y:50
04/12/2015 14:00:20 Transportó a Krixnhar hacia Mapa2 X:50 Y:50
04/12/2015 14:00:22 Transportó a Krixnhar hacia Mapa2 X:11 Y:35
04/12/2015 14:00:25 Transportó a Krixnhar hacia Mapa2 X:15 Y:38
04/12/2015 14:00:35 Transportó a Krixnhar hacia Mapa2 X:28 Y:25
04/12/2015 14:00:47 Transportó a Krixnhar hacia Mapa2 X:11 Y:32
04/12/2015 14:01:10 /LLUVIA
04/12/2015 14:01:11 /LLUVIA
04/12/2015 14:03:19 Se conecto con ip:25.43.98.71
04/12/2015 14:08:05 Se conecto con ip:25.43.98.71
04/12/2015 14:08:14 Transportó a Krixnhar hacia Mapa2 X:33 Y:22
04/12/2015 14:08:21 Transportó a Krixnhar hacia Mapa1 X:50 Y:50
04/12/2015 14:08:22 Transportó a Krixnhar hacia Mapa1 X:50 Y:42
04/12/2015 14:08:23 Transportó a Krixnhar hacia Mapa1 X:47 Y:37
04/12/2015 14:08:23 Transportó a Krixnhar hacia Mapa1 X:45 Y:31
04/12/2015 14:08:23 Transportó a Krixnhar hacia Mapa1 X:45 Y:25
04/12/2015 14:08:24 Transportó a Krixnhar hacia Mapa1 X:46 Y:20
04/12/2015 14:08:24 Transportó a Krixnhar hacia Mapa1 X:48 Y:16
04/12/2015 14:08:35 Transportó a Krixnhar hacia Mapa1 X:47 Y:26
04/12/2015 14:08:40 Transportó a Krixnhar hacia Mapa1 X:36 Y:25
04/12/2015 14:08:41 Transportó a Krixnhar hacia Mapa1 X:26 Y:21
04/12/2015 14:08:42 Transportó a Krixnhar hacia Mapa1 X:19 Y:22
04/12/2015 14:08:44 Transportó a Krixnhar hacia Mapa1 X:17 Y:50
04/12/2015 14:09:43 Se conecto con ip:25.43.98.71
04/12/2015 14:22:28 Se conecto con ip:25.43.98.71
04/12/2015 14:23:29 Transportó a Krixnhar hacia Mapa1 X:60 Y:28
04/12/2015 14:23:33 Transportó a Krixnhar hacia Mapa1 X:61 Y:29
04/12/2015 14:23:34 Transportó a Krixnhar hacia Mapa1 X:61 Y:35
05/12/2015 2:34:57 Se conecto con ip:25.43.98.71
05/12/2015 2:35:06 Transportó a Krixnhar hacia Mapa1 X:44 Y:22
05/12/2015 2:35:08 Transportó a Krixnhar hacia Mapa1 X:55 Y:25
05/12/2015 2:35:09 Transportó a Krixnhar hacia Mapa1 X:60 Y:26
05/12/2015 2:35:11 Transportó a Krixnhar hacia Mapa1 X:73 Y:25
05/12/2015 2:35:26 Transportó a Krixnhar hacia Mapa1 X:68 Y:45
05/12/2015 2:35:33 Transportó a Krixnhar hacia Mapa1 X:57 Y:9
05/12/2015 2:35:40 Transportó a Krixnhar hacia Mapa1 X:73 Y:9
05/12/2015 2:35:40 Transportó a Krixnhar hacia Mapa1 X:80 Y:9
05/12/2015 2:35:47 Transportó a Krixnhar hacia Mapa1 X:20 Y:53
05/12/2015 2:35:52 Transportó a Krixnhar hacia Mapa3 X:50 Y:50
05/12/2015 2:35:56 Transportó a Krixnhar hacia Mapa3 X:48 Y:53
05/12/2015 2:36:10 Transportó a Krixnhar hacia Mapa3 X:46 Y:58
05/12/2015 2:36:13 Transportó a Krixnhar hacia Mapa1 X:15 Y:16
05/12/2015 2:36:14 Transportó a Krixnhar hacia Mapa1 X:19 Y:21
05/12/2015 2:36:16 Transportó a Krixnhar hacia Mapa1 X:20 Y:33
05/12/2015 2:36:18 Transportó a Krixnhar hacia Mapa1 X:22 Y:45
05/12/2015 17:23:00 Se conecto con ip:25.43.98.71
05/12/2015 17:23:05  ejecuto a tu papa
05/12/2015 17:36:31 Se conecto con ip:25.43.98.71
05/12/2015 17:36:37 Transportó a Krixnhar hacia Mapa1 X:27 Y:53
06/12/2015 20:36:06 Se conecto con ip:25.43.98.71
