02/10/2015 22:11:19 Se conecto con ip:25.123.50.231
02/10/2015 22:11:31 Transportó a NheraQ hacia Mapa1 X:38 Y:52
02/10/2015 22:11:32 Transportó a NheraQ hacia Mapa1 X:62 Y:62
02/10/2015 22:11:33 Transportó a NheraQ hacia Mapa1 X:71 Y:43
02/10/2015 22:11:34 Transportó a NheraQ hacia Mapa1 X:77 Y:32
02/10/2015 22:11:36 Transportó a NheraQ hacia Mapa1 X:68 Y:35
02/10/2015 22:11:37 Transportó a NheraQ hacia Mapa1 X:61 Y:40
02/10/2015 22:11:38 Transportó a NheraQ hacia Mapa1 X:67 Y:41
02/10/2015 22:11:39 Transportó a NheraQ hacia Mapa1 X:74 Y:40
02/10/2015 22:11:40 Transportó a NheraQ hacia Mapa1 X:70 Y:42
02/10/2015 22:11:41 Transportó a NheraQ hacia Mapa1 X:65 Y:44
02/10/2015 22:11:45 Transportó a NheraQ hacia Mapa1 X:75 Y:43
02/10/2015 22:11:48 Transportó a NheraQ hacia Mapa1 X:65 Y:41
02/10/2015 22:11:49 Transportó a NheraQ hacia Mapa1 X:74 Y:42
02/10/2015 22:11:54 Transportó a NheraQ hacia Mapa1 X:75 Y:26
02/10/2015 22:11:56 Transportó a NheraQ hacia Mapa1 X:68 Y:22
02/10/2015 22:11:57 Transportó a NheraQ hacia Mapa1 X:62 Y:25
02/10/2015 22:11:58 Transportó a NheraQ hacia Mapa1 X:57 Y:34
02/10/2015 22:12:06 Transportó a NheraQ hacia Mapa1 X:50 Y:49
02/10/2015 22:12:06 Transportó a NheraQ hacia Mapa1 X:50 Y:49
02/10/2015 22:12:06 Transportó a NheraQ hacia Mapa1 X:53 Y:51
02/10/2015 22:12:06 Transportó a NheraQ hacia Mapa1 X:51 Y:53
02/10/2015 22:12:11 Transportó a NheraQ hacia Mapa1 X:59 Y:52
02/10/2015 22:13:06 Se conecto con ip:25.123.50.231
02/10/2015 22:13:08 Transportó a NheraQ hacia Mapa1 X:66 Y:51
02/10/2015 22:13:09 Transportó a NheraQ hacia Mapa1 X:63 Y:49
02/10/2015 22:13:09 Transportó a NheraQ hacia Mapa1 X:66 Y:45
02/10/2015 22:13:09 Transportó a NheraQ hacia Mapa1 X:62 Y:44
02/10/2015 22:16:02 Se conecto con ip:25.123.50.231
02/10/2015 22:17:54 /CI: 496
02/10/2015 22:17:54 Agarro:100 Objeto:Armadura Completa Murex
02/10/2015 22:18:24 /CI: 873
02/10/2015 22:18:24 Agarro:100 Objeto:Armadura de Dragón Azul
02/10/2015 22:18:57 /CI: 1211
02/10/2015 22:18:57 Agarro:100 Objeto:Armadura Legendaria
02/10/2015 22:19:33 /CI: 1528
02/10/2015 22:19:34 Agarro:100 Objeto:Armadura de Asesino del Caos de 2ª Jerarquía
02/10/2015 22:19:37 Tiro cantidad:1 Objeto:Vestimentas comunes (Newbies)
02/10/2015 22:19:39 Tiro cantidad:1 Objeto:Martillo de Piedra (Newbies)
02/10/2015 22:19:42 Tiro cantidad:100 Objeto:Poción Roja
02/10/2015 22:19:44 Tiro cantidad:100 Objeto:Manzana Roja (Newbies)
02/10/2015 22:19:47 Tiro cantidad:100 Objeto:Botella de Agua (Newbies)
02/10/2015 22:19:49 Tiro cantidad:1 Objeto:Mapa
02/10/2015 22:20:00 /DEST
02/10/2015 22:20:00 /DEST
02/10/2015 22:20:00 /DEST
02/10/2015 22:20:00 /DEST
02/10/2015 22:20:00 /DEST
02/10/2015 22:20:01 /DEST
02/10/2015 22:20:33 /CI: 1543
02/10/2015 22:20:35 Agarro:100 Objeto:Armadura de Nigromante del Caos de 2ª Jerarquía (Bajos)
02/10/2015 22:20:39 Tiro cantidad:100 Objeto:Armadura de Nigromante del Caos de 2ª Jerarquía (Bajos)
02/10/2015 22:20:42 /DEST
02/10/2015 22:21:11 /CI: 1580
02/10/2015 22:21:11 Agarro:100 Objeto:Armadura de Paladín Imperial de 2ª Jerarquía
02/10/2015 22:21:53 /CI: 1280
02/10/2015 22:21:54 Agarro:100 Objeto:Yelmo de la Resurrección
02/10/2015 22:22:07 /CI: 1279
02/10/2015 22:22:08 Agarro:100 Objeto:Casco Infernal
02/10/2015 22:22:11 Tiro cantidad:100 Objeto:Casco Infernal
02/10/2015 22:22:15 /DEST
02/10/2015 22:22:28 /CI: 660
02/10/2015 22:22:29 Agarro:100 Objeto:Casco Caótico
02/10/2015 22:22:47 /CI: 1078
02/10/2015 22:22:48 Agarro:100 Objeto:Casco Bifurcado
02/10/2015 22:22:53 Agarro:1 Objeto:Armadura de Dragón Negro
02/10/2015 22:22:53 Agarro:1 Objeto:Escudo de Torre +1
02/10/2015 22:22:53 Agarro:1 Objeto:Pendiente del Sacrificio
02/10/2015 22:23:29 /CI: 467
02/10/2015 22:23:29 Agarro:100 Objeto:Estivalis
02/10/2015 22:23:32 Tiro cantidad:100 Objeto:Estivalis
02/10/2015 22:23:34 /DEST
02/10/2015 22:23:43 /CI: 367
02/10/2015 22:23:44 Agarro:100 Objeto:Espada de la luz
02/10/2015 22:23:49 Tiro cantidad:100 Objeto:Espada de la luz
02/10/2015 22:23:52 /DEST
02/10/2015 22:24:15 /CI: 123
02/10/2015 22:24:16 Agarro:100 Objeto:Espada Vikinga
02/10/2015 22:24:23 Tiro cantidad:100 Objeto:Espada Vikinga
02/10/2015 22:24:26 /DEST
02/10/2015 22:24:39  ejecuto a zenitram
02/10/2015 22:24:46 Resucito a zenitram
02/10/2015 22:25:43 /MOD EXP 999999  zenitram
02/10/2015 22:26:08 /MOD EXP 9000000  zenitram
02/10/2015 22:26:19 /MOD EXP 9999999  yo
02/10/2015 22:26:36 Se conecto con ip:25.123.50.231
02/10/2015 22:26:50 /CI: 744
02/10/2015 22:26:50 Agarro:100 Objeto:Espada Lazurt
02/10/2015 22:27:00 /CI: 747
02/10/2015 22:27:01 Agarro:100 Objeto:Espada Lazurt +1
02/10/2015 22:27:06 Tiro cantidad:100 Objeto:Espada Lazurt
02/10/2015 22:27:09 /DEST
02/10/2015 22:27:17 /CI: 1257
02/10/2015 22:27:18 Agarro:100 Objeto:Espada Saramiana
02/10/2015 22:27:29 /CI: 1095
02/10/2015 22:27:30 Agarro:100 Objeto:Espada Destellium
02/10/2015 22:27:43 /CI: 978
02/10/2015 22:27:44 Agarro:100 Objeto:Espada de Guerrero Abismal
02/10/2015 22:28:32 /MOD CIU 600  zenitram
02/10/2015 22:29:03 /CI: 1351
02/10/2015 22:29:04 Agarro:100 Objeto:Unicornio (RM +10)
02/10/2015 22:29:38 Sumoneo a                               Demonio                              <Enlistador De las Hordas Caoticas> en mapa 1
02/10/2015 22:30:01 Transportó a NheraQ hacia Mapa1 X:56 Y:46
02/10/2015 22:30:01 Transportó a NheraQ hacia Mapa1 X:64 Y:44
02/10/2015 22:30:05 Transportó a NheraQ hacia Mapa1 X:21 Y:53
02/10/2015 22:30:08 Transportó a NheraQ hacia Mapa1 X:26 Y:20
02/10/2015 22:30:12 Transportó a NheraQ hacia Mapa1 X:21 Y:22
02/10/2015 22:30:39 /MOD ORO 1090  YO
02/10/2015 22:30:43 /MOD ORO 1000000000000  YO
02/10/2015 22:30:48 /MOD ORO 1000000  YO
02/10/2015 22:30:53 /MOD ORO 9999999  YO
02/10/2015 22:31:15 /MOD ORO 10000  YO
02/10/2015 22:31:19 /MOD ORO 99999  YO
02/10/2015 22:31:43 /MOD ORO 999999999  YO
02/10/2015 22:31:47 /MOD ORO  99999} YO
02/10/2015 22:31:53 /MOD ORO  9999999 YO
02/10/2015 22:32:12 Transportó a NheraQ hacia Mapa1 X:48 Y:76
02/10/2015 22:32:51  ejecuto a LIAST
02/10/2015 22:33:16  ejecuto a LIAST
02/10/2015 22:34:07  ejecuto a LIAST
02/10/2015 22:39:27 Se conecto con ip:25.123.50.231
02/10/2015 22:40:15 Se conecto con ip:25.123.50.231
03/10/2015 2:30:34 Se conecto con ip:25.123.50.231
03/10/2015 2:30:37 Transportó a NheraQ hacia Mapa1 X:48 Y:69
03/10/2015 2:30:40 Transportó a NheraQ hacia Mapa1 X:48 Y:53
03/10/2015 2:31:43 Transportó a NheraQ hacia Mapa1 X:38 Y:27
03/10/2015 2:31:45 Transportó a NheraQ hacia Mapa1 X:37 Y:19
03/10/2015 2:31:46 Transportó a NheraQ hacia Mapa1 X:36 Y:19
03/10/2015 2:31:48 Transportó a NheraQ hacia Mapa1 X:32 Y:22
03/10/2015 2:31:49 Transportó a NheraQ hacia Mapa1 X:32 Y:26
03/10/2015 2:31:51 Transportó a NheraQ hacia Mapa1 X:30 Y:31
03/10/2015 2:31:52 Transportó a NheraQ hacia Mapa1 X:31 Y:26
03/10/2015 2:31:53 Transportó a NheraQ hacia Mapa1 X:32 Y:23
03/10/2015 2:31:54 Transportó a NheraQ hacia Mapa1 X:32 Y:20
03/10/2015 2:31:55 Transportó a NheraQ hacia Mapa1 X:32 Y:17
03/10/2015 2:31:57 Transportó a NheraQ hacia Mapa1 X:39 Y:16
03/10/2015 2:31:58 Transportó a NheraQ hacia Mapa1 X:41 Y:22
03/10/2015 2:31:59 Transportó a NheraQ hacia Mapa1 X:36 Y:23
03/10/2015 2:31:59 Transportó a NheraQ hacia Mapa1 X:35 Y:28
03/10/2015 2:32:00 Transportó a NheraQ hacia Mapa1 X:36 Y:29
03/10/2015 2:32:00 Transportó a NheraQ hacia Mapa1 X:36 Y:31
03/10/2015 2:32:01 Transportó a NheraQ hacia Mapa1 X:36 Y:32
03/10/2015 2:32:01 Transportó a NheraQ hacia Mapa1 X:38 Y:34
03/10/2015 2:32:01 Transportó a NheraQ hacia Mapa1 X:40 Y:34
03/10/2015 2:32:02 Transportó a NheraQ hacia Mapa1 X:43 Y:36
03/10/2015 2:32:02 Transportó a NheraQ hacia Mapa1 X:44 Y:39
03/10/2015 2:32:02 Transportó a NheraQ hacia Mapa1 X:46 Y:41
03/10/2015 2:32:02 Transportó a NheraQ hacia Mapa1 X:45 Y:45
03/10/2015 2:32:02 Transportó a NheraQ hacia Mapa1 X:49 Y:48
03/10/2015 2:32:03 Transportó a NheraQ hacia Mapa1 X:48 Y:52
03/10/2015 2:32:03 Transportó a NheraQ hacia Mapa1 X:53 Y:55
03/10/2015 2:32:03 Transportó a NheraQ hacia Mapa1 X:52 Y:59
03/10/2015 2:32:03 Transportó a NheraQ hacia Mapa1 X:57 Y:62
03/10/2015 2:32:03 Transportó a NheraQ hacia Mapa1 X:55 Y:66
03/10/2015 2:32:04 Transportó a NheraQ hacia Mapa1 X:59 Y:68
03/10/2015 2:32:05 Transportó a NheraQ hacia Mapa1 X:52 Y:16
03/10/2015 2:32:12 Transportó a NheraQ hacia Mapa1 X:66 Y:51
03/10/2015 2:32:12 Transportó a NheraQ hacia Mapa1 X:39 Y:54
03/10/2015 2:32:12 Transportó a NheraQ hacia Mapa1 X:25 Y:49
03/10/2015 2:32:13 Transportó a NheraQ hacia Mapa1 X:25 Y:49
03/10/2015 2:32:18 Transportó a NheraQ hacia Mapa1 X:26 Y:39
03/10/2015 2:32:44 Transportó a NheraQ hacia Mapa1 X:50 Y:25
03/10/2015 2:32:45 Transportó a NheraQ hacia Mapa1 X:55 Y:21
03/10/2015 2:32:48 Transportó a NheraQ hacia Mapa1 X:63 Y:30
03/10/2015 2:32:48 Transportó a NheraQ hacia Mapa1 X:63 Y:32
03/10/2015 2:32:49 Transportó a NheraQ hacia Mapa1 X:64 Y:37
03/10/2015 2:32:49 Transportó a NheraQ hacia Mapa1 X:65 Y:42
03/10/2015 2:32:49 Transportó a NheraQ hacia Mapa1 X:65 Y:47
03/10/2015 2:32:53 /IRA saurus Mapa:1 X:66 Y:44
03/10/2015 2:33:18 /IRA saurus Mapa:1 X:62 Y:52
03/10/2015 2:33:33 /INVISIBLE
03/10/2015 2:34:36 Transportó a NheraQ hacia Mapa1 X:34 Y:36
03/10/2015 2:35:04 Transportó a NheraQ hacia Mapa1 X:42 Y:38
03/10/2015 2:35:04 Transportó a NheraQ hacia Mapa1 X:46 Y:37
03/10/2015 2:35:04 Transportó a NheraQ hacia Mapa1 X:45 Y:36
03/10/2015 2:35:05 Transportó a NheraQ hacia Mapa1 X:47 Y:34
03/10/2015 2:35:05 Transportó a NheraQ hacia Mapa1 X:47 Y:31
03/10/2015 2:35:05 Transportó a NheraQ hacia Mapa1 X:43 Y:33
03/10/2015 2:35:05 Transportó a NheraQ hacia Mapa1 X:40 Y:35
03/10/2015 2:35:05 Transportó a NheraQ hacia Mapa1 X:37 Y:40
03/10/2015 2:35:06 Transportó a NheraQ hacia Mapa1 X:39 Y:42
03/10/2015 2:35:06 Transportó a NheraQ hacia Mapa1 X:42 Y:46
03/10/2015 2:35:06 Transportó a NheraQ hacia Mapa1 X:51 Y:46
03/10/2015 2:35:06 Transportó a NheraQ hacia Mapa1 X:55 Y:39
03/10/2015 2:35:06 Transportó a NheraQ hacia Mapa1 X:58 Y:31
03/10/2015 2:35:07 Transportó a NheraQ hacia Mapa1 X:56 Y:24
03/10/2015 2:35:07 Transportó a NheraQ hacia Mapa1 X:54 Y:25
03/10/2015 2:35:07 Transportó a NheraQ hacia Mapa1 X:47 Y:22
03/10/2015 2:35:07 Transportó a NheraQ hacia Mapa1 X:39 Y:22
03/10/2015 2:35:08 Transportó a NheraQ hacia Mapa1 X:38 Y:25
03/10/2015 2:35:08 Transportó a NheraQ hacia Mapa1 X:36 Y:29
03/10/2015 2:35:08 Transportó a NheraQ hacia Mapa1 X:36 Y:36
03/10/2015 2:35:08 Transportó a NheraQ hacia Mapa1 X:40 Y:42
03/10/2015 2:35:08 Transportó a NheraQ hacia Mapa1 X:43 Y:46
03/10/2015 2:35:09 Transportó a NheraQ hacia Mapa1 X:43 Y:40
03/10/2015 2:35:09 Transportó a NheraQ hacia Mapa1 X:42 Y:33
03/10/2015 2:35:09 Transportó a NheraQ hacia Mapa1 X:40 Y:26
03/10/2015 2:35:09 Transportó a NheraQ hacia Mapa1 X:38 Y:20
03/10/2015 2:35:10 Transportó a NheraQ hacia Mapa1 X:37 Y:21
03/10/2015 2:35:10 Transportó a NheraQ hacia Mapa1 X:35 Y:20
03/10/2015 2:35:10 Transportó a NheraQ hacia Mapa1 X:33 Y:20
03/10/2015 2:35:10 Transportó a NheraQ hacia Mapa1 X:33 Y:24
03/10/2015 2:35:11 Transportó a NheraQ hacia Mapa1 X:34 Y:29
03/10/2015 2:35:11 Transportó a NheraQ hacia Mapa1 X:38 Y:32
03/10/2015 2:35:11 Transportó a NheraQ hacia Mapa1 X:37 Y:28
03/10/2015 2:35:11 Transportó a NheraQ hacia Mapa1 X:39 Y:26
03/10/2015 2:35:11 Transportó a NheraQ hacia Mapa1 X:40 Y:24
03/10/2015 2:35:12 Transportó a NheraQ hacia Mapa1 X:40 Y:26
03/10/2015 2:35:12 Transportó a NheraQ hacia Mapa1 X:39 Y:29
03/10/2015 2:35:12 Transportó a NheraQ hacia Mapa1 X:39 Y:29
03/10/2015 2:35:12 Transportó a NheraQ hacia Mapa1 X:37 Y:31
03/10/2015 2:35:13 Transportó a NheraQ hacia Mapa1 X:37 Y:30
03/10/2015 2:35:13 Transportó a NheraQ hacia Mapa1 X:35 Y:30
03/10/2015 2:35:13 Transportó a NheraQ hacia Mapa1 X:35 Y:32
03/10/2015 2:35:29 Transportó a NheraQ hacia Mapa1 X:52 Y:38
03/10/2015 2:35:29 Transportó a NheraQ hacia Mapa1 X:49 Y:41
03/10/2015 2:35:29 Transportó a NheraQ hacia Mapa1 X:43 Y:44
03/10/2015 2:35:29 Transportó a NheraQ hacia Mapa1 X:37 Y:44
03/10/2015 2:35:30 Transportó a NheraQ hacia Mapa1 X:32 Y:38
03/10/2015 2:35:30 Transportó a NheraQ hacia Mapa1 X:33 Y:32
03/10/2015 2:35:30 Transportó a NheraQ hacia Mapa1 X:37 Y:29
03/10/2015 2:35:30 Transportó a NheraQ hacia Mapa1 X:43 Y:31
03/10/2015 2:35:30 Transportó a NheraQ hacia Mapa1 X:43 Y:35
03/10/2015 2:35:31 Transportó a NheraQ hacia Mapa1 X:49 Y:41
03/10/2015 2:35:31 Transportó a NheraQ hacia Mapa1 X:56 Y:47
03/10/2015 2:35:31 Transportó a NheraQ hacia Mapa1 X:49 Y:45
03/10/2015 2:35:31 Transportó a NheraQ hacia Mapa1 X:51 Y:46
03/10/2015 2:35:32 Transportó a NheraQ hacia Mapa1 X:44 Y:42
03/10/2015 2:35:32 Transportó a NheraQ hacia Mapa1 X:39 Y:39
03/10/2015 2:35:32 Transportó a NheraQ hacia Mapa1 X:34 Y:35
03/10/2015 2:35:32 Transportó a NheraQ hacia Mapa1 X:29 Y:33
03/10/2015 2:35:32 Transportó a NheraQ hacia Mapa1 X:25 Y:32
03/10/2015 2:35:33 Transportó a NheraQ hacia Mapa1 X:26 Y:35
03/10/2015 2:35:33 Transportó a NheraQ hacia Mapa1 X:29 Y:39
03/10/2015 2:35:33 Transportó a NheraQ hacia Mapa1 X:33 Y:43
03/10/2015 2:35:33 Transportó a NheraQ hacia Mapa1 X:37 Y:47
03/10/2015 2:35:37 Transportó a NheraQ hacia Mapa1 X:29 Y:34
03/10/2015 2:35:39 Transportó a NheraQ hacia Mapa1 X:31 Y:36
03/10/2015 2:35:39 Transportó a NheraQ hacia Mapa1 X:32 Y:38
03/10/2015 2:35:40 Transportó a NheraQ hacia Mapa1 X:35 Y:41
03/10/2015 2:35:40 Transportó a NheraQ hacia Mapa1 X:38 Y:43
03/10/2015 2:35:41 Transportó a NheraQ hacia Mapa1 X:41 Y:41
03/10/2015 2:35:42 Transportó a NheraQ hacia Mapa1 X:44 Y:39
03/10/2015 2:35:42 Transportó a NheraQ hacia Mapa1 X:46 Y:40
03/10/2015 2:35:43 Transportó a NheraQ hacia Mapa1 X:47 Y:42
03/10/2015 2:35:43 Transportó a NheraQ hacia Mapa1 X:46 Y:38
03/10/2015 2:35:43 Transportó a NheraQ hacia Mapa1 X:44 Y:39
03/10/2015 2:35:44 Transportó a NheraQ hacia Mapa1 X:41 Y:36
03/10/2015 2:35:44 Transportó a NheraQ hacia Mapa1 X:39 Y:38
03/10/2015 2:35:44 Transportó a NheraQ hacia Mapa1 X:38 Y:33
03/10/2015 2:35:44 Transportó a NheraQ hacia Mapa1 X:42 Y:35
03/10/2015 2:35:44 Transportó a NheraQ hacia Mapa1 X:48 Y:32
03/10/2015 2:35:45 Transportó a NheraQ hacia Mapa1 X:54 Y:34
03/10/2015 2:35:45 Transportó a NheraQ hacia Mapa1 X:53 Y:34
03/10/2015 2:35:45 Transportó a NheraQ hacia Mapa1 X:57 Y:38
03/10/2015 2:35:46 Transportó a NheraQ hacia Mapa1 X:55 Y:38
03/10/2015 2:35:46 Transportó a NheraQ hacia Mapa1 X:58 Y:42
03/10/2015 2:35:46 Transportó a NheraQ hacia Mapa1 X:57 Y:43
03/10/2015 2:35:46 Transportó a NheraQ hacia Mapa1 X:56 Y:45
03/10/2015 2:35:47 Transportó a NheraQ hacia Mapa1 X:55 Y:46
03/10/2015 2:35:47 Transportó a NheraQ hacia Mapa1 X:54 Y:48
03/10/2015 2:35:47 Transportó a NheraQ hacia Mapa1 X:54 Y:47
03/10/2015 2:35:47 Transportó a NheraQ hacia Mapa1 X:53 Y:46
03/10/2015 2:35:48 Transportó a NheraQ hacia Mapa1 X:54 Y:42
03/10/2015 2:35:48 Transportó a NheraQ hacia Mapa1 X:53 Y:44
03/10/2015 2:35:48 Transportó a NheraQ hacia Mapa1 X:57 Y:43
03/10/2015 2:35:48 Transportó a NheraQ hacia Mapa1 X:61 Y:44
03/10/2015 2:35:49 Transportó a NheraQ hacia Mapa1 X:61 Y:45
03/10/2015 2:35:49 Transportó a NheraQ hacia Mapa1 X:60 Y:49
03/10/2015 2:35:49 Transportó a NheraQ hacia Mapa1 X:58 Y:50
03/10/2015 2:35:49 Transportó a NheraQ hacia Mapa1 X:55 Y:52
03/10/2015 2:35:50 Transportó a NheraQ hacia Mapa1 X:49 Y:54
03/10/2015 2:35:50 Transportó a NheraQ hacia Mapa1 X:44 Y:55
03/10/2015 2:35:50 Transportó a NheraQ hacia Mapa1 X:45 Y:54
03/10/2015 2:35:51 Transportó a NheraQ hacia Mapa1 X:49 Y:54
03/10/2015 2:35:51 Transportó a NheraQ hacia Mapa1 X:50 Y:56
03/10/2015 2:35:51 Transportó a NheraQ hacia Mapa1 X:54 Y:57
03/10/2015 2:35:51 Transportó a NheraQ hacia Mapa1 X:52 Y:60
03/10/2015 2:35:52 Transportó a NheraQ hacia Mapa1 X:55 Y:61
03/10/2015 2:35:52 Transportó a NheraQ hacia Mapa1 X:54 Y:65
03/10/2015 2:35:52 Transportó a NheraQ hacia Mapa1 X:53 Y:69
03/10/2015 2:35:52 Transportó a NheraQ hacia Mapa1 X:52 Y:73
03/10/2015 2:35:53 Transportó a NheraQ hacia Mapa1 X:51 Y:76
03/10/2015 2:35:56 Transportó a NheraQ hacia Mapa1 X:52 Y:79
03/10/2015 2:35:56 Transportó a NheraQ hacia Mapa1 X:53 Y:83
03/10/2015 2:36:15 /INVISIBLE
03/10/2015 2:36:26 /IRA SAURUS Mapa:1 X:47 Y:40
03/10/2015 2:36:34 Tiro cantidad:1 Objeto:Espada Destellium
03/10/2015 2:36:36 Tiro cantidad:1 Objeto:Espada Lazurt +1
03/10/2015 2:36:38 Tiro cantidad:1 Objeto:Espada Saramiana
03/10/2015 2:36:42 Tiro cantidad:1 Objeto:Yelmo de la Resurrección
03/10/2015 2:36:45 Tiro cantidad:1 Objeto:Casco Caótico
03/10/2015 2:36:47 Tiro cantidad:1 Objeto:Casco Bifurcado
03/10/2015 2:36:48 Tiro cantidad:1 Objeto:Armadura de Dragón Negro
03/10/2015 2:36:52 Tiro cantidad:1 Objeto:Armadura Legendaria
03/10/2015 2:37:18 /MOD EXP 199999  KRIXNHAR
03/10/2015 2:37:54 Sumoneo Esqueleto Guerrero
03/10/2015 2:37:54 Sumoneo Esqueleto Guerrero
03/10/2015 2:37:54 Sumoneo Esqueleto Guerrero
03/10/2015 2:37:54 Sumoneo Esqueleto Guerrero
03/10/2015 2:37:55 Sumoneo Esqueleto Guerrero
03/10/2015 2:37:55 Sumoneo Esqueleto Guerrero
03/10/2015 2:37:55 Sumoneo Esqueleto Guerrero
03/10/2015 2:37:55 Sumoneo Esqueleto Guerrero
03/10/2015 2:37:58 Sumoneo Oso Pardo
03/10/2015 2:37:59 Sumoneo Oso Pardo
03/10/2015 2:37:59 Sumoneo Oso Pardo
03/10/2015 2:38:00 Sumoneo Oso Pardo
03/10/2015 2:38:01 Sumoneo Oso Pardo
03/10/2015 2:38:01 Sumoneo Oso Pardo
03/10/2015 2:38:02 Sumoneo Oso Pardo
03/10/2015 2:38:02 Sumoneo Oso Pardo
03/10/2015 2:38:03 Sumoneo Oso Pardo
03/10/2015 2:38:03 Sumoneo Oso Pardo
03/10/2015 2:38:04 Sumoneo Oso Pardo
03/10/2015 2:38:04 Sumoneo Oso Pardo
03/10/2015 2:38:05 Sumoneo Oso Pardo
03/10/2015 2:38:05 Sumoneo Oso Pardo
03/10/2015 2:38:06 Sumoneo Oso Pardo
03/10/2015 2:38:06 Sumoneo Oso Pardo
03/10/2015 2:38:06 Sumoneo Oso Pardo
03/10/2015 2:38:07 Sumoneo Oso Pardo
03/10/2015 2:38:07 Sumoneo Oso Pardo
03/10/2015 2:38:08 Sumoneo Oso Pardo
03/10/2015 2:38:08 Sumoneo Oso Pardo
03/10/2015 2:38:08 Sumoneo Oso Pardo
03/10/2015 2:38:08 Sumoneo Oso Pardo
03/10/2015 2:38:15 Transportó a NheraQ hacia Mapa1 X:38 Y:42
03/10/2015 2:38:43 Transportó a NheraQ hacia Mapa1 X:42 Y:43
03/10/2015 2:38:44 Transportó a NheraQ hacia Mapa1 X:40 Y:46
03/10/2015 2:38:46 Transportó a NheraQ hacia Mapa1 X:45 Y:45
03/10/2015 2:40:10 /CI: 1114
03/10/2015 2:40:11 Agarro:100 Objeto:Descarga Flamígera (Clérigos)
03/10/2015 2:40:31 /MOD SKILLSLIBRES 100  yo
03/10/2015 2:41:50 Sumoneo Serpiente
03/10/2015 2:41:51 Sumoneo Serpiente
03/10/2015 2:41:51 Sumoneo Serpiente
03/10/2015 2:41:51 Sumoneo Serpiente
03/10/2015 2:41:51 Sumoneo Serpiente
03/10/2015 2:41:51 Sumoneo Serpiente
03/10/2015 2:41:52 Sumoneo Serpiente
03/10/2015 2:41:52 Sumoneo Serpiente
03/10/2015 2:41:52 Sumoneo Serpiente
03/10/2015 2:41:52 Sumoneo Serpiente
03/10/2015 2:41:52 Sumoneo Serpiente
03/10/2015 2:41:53 Sumoneo Serpiente
03/10/2015 2:41:53 Sumoneo Serpiente
03/10/2015 2:41:54 Sumoneo Dragón Rojo
03/10/2015 2:41:54 Sumoneo Dragón Rojo
03/10/2015 2:41:54 Sumoneo Dragón Rojo
03/10/2015 2:41:54 Sumoneo Dragón Rojo
03/10/2015 2:41:54 Sumoneo Dragón Rojo
03/10/2015 2:41:55 Sumoneo Dragón Rojo
03/10/2015 2:41:55 Sumoneo Dragón Rojo
03/10/2015 2:41:55 Sumoneo Dragón Rojo
03/10/2015 2:41:55 Sumoneo Dragón Rojo
03/10/2015 2:41:56 Sumoneo Dragón Rojo
03/10/2015 2:41:56 Sumoneo Dragón Rojo
03/10/2015 2:41:56 Sumoneo Dragón Rojo
03/10/2015 2:41:57 Sumoneo Dragón Rojo
03/10/2015 2:41:57 Sumoneo Dragón Rojo
03/10/2015 2:41:57 Sumoneo Dragón Rojo
03/10/2015 2:41:57 Sumoneo Dragón Rojo
03/10/2015 2:41:58 Sumoneo Dragón Rojo
03/10/2015 2:41:58 Sumoneo Dragón Rojo
03/10/2015 2:41:58 Sumoneo Dragón Rojo
03/10/2015 2:41:58 Sumoneo Dragón Rojo
03/10/2015 2:41:58 Sumoneo Dragón Rojo
03/10/2015 2:41:59 Sumoneo Dragón Rojo
03/10/2015 2:41:59 Sumoneo Dragón Rojo
03/10/2015 2:41:59 Sumoneo Dragón Rojo
03/10/2015 2:41:59 Sumoneo Dragón Rojo
03/10/2015 2:42:00 Sumoneo Dragón Rojo
03/10/2015 2:42:00 Sumoneo Dragón Rojo
03/10/2015 2:42:00 Sumoneo Dragón Rojo
03/10/2015 2:42:00 Sumoneo Dragón Rojo
03/10/2015 2:42:00 Sumoneo Dragón Rojo
03/10/2015 2:42:01 Sumoneo Dragón Rojo
03/10/2015 2:42:01 Sumoneo Dragón Rojo
03/10/2015 2:42:01 Sumoneo Dragón Rojo
03/10/2015 2:42:01 Sumoneo Dragón Rojo
03/10/2015 2:42:02 Sumoneo Dragón Rojo
03/10/2015 2:42:02 Sumoneo Dragón Rojo
03/10/2015 2:42:02 Sumoneo Dragón Rojo
03/10/2015 2:42:02 Sumoneo Dragón Rojo
03/10/2015 2:42:03 Sumoneo Dragón Rojo
03/10/2015 2:42:03 Sumoneo Dragón Rojo
03/10/2015 2:42:03 Sumoneo Dragón Rojo
03/10/2015 2:42:03 Sumoneo Dragón Rojo
03/10/2015 2:42:03 Sumoneo Dragón Rojo
03/10/2015 2:42:04 Sumoneo Dragón Rojo
03/10/2015 2:42:05 Sumoneo Orco
03/10/2015 2:42:05 Sumoneo Orco
03/10/2015 2:42:05 Sumoneo Orco
03/10/2015 2:42:05 Sumoneo Orco
03/10/2015 2:42:06 Sumoneo Orco
03/10/2015 2:42:06 Sumoneo Orco
03/10/2015 2:42:06 Sumoneo Orco
03/10/2015 2:42:06 Sumoneo Orco
03/10/2015 2:42:06 Sumoneo Orco
03/10/2015 2:42:07 Sumoneo Orco
03/10/2015 2:42:07 Sumoneo Orco
03/10/2015 2:42:07 Sumoneo Orco
03/10/2015 2:42:07 Sumoneo Orco
03/10/2015 2:42:07 Sumoneo Orco
03/10/2015 2:42:23 Transportó a NheraQ hacia Mapa1 X:50 Y:40
03/10/2015 2:42:23 Transportó a NheraQ hacia Mapa1 X:50 Y:40
03/10/2015 2:42:23 Transportó a NheraQ hacia Mapa1 X:57 Y:34
03/10/2015 2:42:23 Transportó a NheraQ hacia Mapa1 X:63 Y:27
03/10/2015 2:42:24 Transportó a NheraQ hacia Mapa1 X:59 Y:28
03/10/2015 2:42:24 Transportó a NheraQ hacia Mapa1 X:56 Y:24
03/10/2015 2:42:24 Transportó a NheraQ hacia Mapa1 X:52 Y:25
03/10/2015 2:42:24 Transportó a NheraQ hacia Mapa1 X:45 Y:24
03/10/2015 2:42:25 Transportó a NheraQ hacia Mapa1 X:40 Y:28
03/10/2015 2:42:25 Transportó a NheraQ hacia Mapa1 X:35 Y:33
03/10/2015 2:42:26 Transportó a NheraQ hacia Mapa1 X:35 Y:39
03/10/2015 2:42:26 Transportó a NheraQ hacia Mapa1 X:36 Y:39
03/10/2015 2:42:26 Transportó a NheraQ hacia Mapa1 X:38 Y:44
03/10/2015 2:42:27 Transportó a NheraQ hacia Mapa1 X:39 Y:44
03/10/2015 2:42:27 Transportó a NheraQ hacia Mapa1 X:41 Y:48
03/10/2015 2:42:28 Transportó a NheraQ hacia Mapa1 X:43 Y:45
04/10/2015 3:04:15 Se conecto con ip:25.123.50.231
04/10/2015 3:04:17 Transportó a NheraQ hacia Mapa1 X:54 Y:76
04/10/2015 3:04:28 Transportó a NheraQ hacia Mapa1 X:45 Y:82
04/10/2015 3:04:29 Transportó a NheraQ hacia Mapa1 X:46 Y:74
04/10/2015 3:04:30 Transportó a NheraQ hacia Mapa1 X:44 Y:67
04/10/2015 3:04:33 Transportó a NheraQ hacia Mapa1 X:42 Y:49
04/10/2015 3:04:34 Transportó a NheraQ hacia Mapa1 X:46 Y:42
04/10/2015 3:04:35 Transportó a NheraQ hacia Mapa1 X:47 Y:32
04/10/2015 3:04:36 Transportó a NheraQ hacia Mapa1 X:37 Y:27
04/10/2015 3:04:38 Transportó a NheraQ hacia Mapa1 X:35 Y:15
04/10/2015 3:04:38 Transportó a NheraQ hacia Mapa1 X:27 Y:18
04/10/2015 3:04:39 Transportó a NheraQ hacia Mapa1 X:21 Y:24
04/10/2015 3:04:40 Transportó a NheraQ hacia Mapa1 X:19 Y:30
04/10/2015 3:04:40 Transportó a NheraQ hacia Mapa1 X:26 Y:31
04/10/2015 3:05:04 Transportó a NheraQ hacia Mapa1 X:72 Y:83
04/10/2015 3:05:52 Tiro cantidad:1 Objeto:Pendiente del Sacrificio
04/10/2015 3:05:57 Tiro cantidad:5961 Objeto:Poción Azul
04/10/2015 3:06:00 Agarro:5961 Objeto:Poción Azul
04/10/2015 3:06:18 /SUM zenitram Map:1 X:56 Y:80
04/10/2015 3:06:25  ejecuto a zenitram
04/10/2015 3:06:35 Resucito a zenitram
04/10/2015 3:06:38 Tiro cantidad:1 Objeto:Armadura de Asesino del Caos de 2ª Jerarquía
04/10/2015 3:06:43 Tiro cantidad:1 Objeto:Armadura Completa Murex
04/10/2015 3:06:49  ejecuto a zenitram
04/10/2015 3:06:55 Resucito a zenitram
