02/10/2015 0:23:48 Se conecto con ip:25.43.98.71
02/10/2015 0:23:59 /MOD EXP 15  yo
02/10/2015 0:24:02 /MOD EXP 25  yo
02/10/2015 0:24:06 /MOD EXP 35  yo
02/10/2015 0:24:10 /MOD EXP 45  yo
02/10/2015 0:24:13 /MOD EXP 60  yo
02/10/2015 0:24:17 /MOD EXP 75  yo
02/10/2015 0:24:20 /MOD EXP 95  yo
02/10/2015 0:24:23 /MOD EXP 115  yo
02/10/2015 0:24:27 /MOD EXP 135  yo
02/10/2015 0:24:30 /MOD EXP 155  yo
02/10/2015 0:24:31 Transportó a Saurus hacia Mapa1 X:49 Y:31
02/10/2015 0:24:32 Transportó a Saurus hacia Mapa1 X:49 Y:26
02/10/2015 0:24:32 Transportó a Saurus hacia Mapa1 X:48 Y:21
02/10/2015 0:24:32 Transportó a Saurus hacia Mapa1 X:50 Y:18
02/10/2015 0:24:38 Sumoneo a Lobo en mapa 1
02/10/2015 0:25:00 Sumoneo a Lobo en mapa 1
02/10/2015 0:25:06 Sumoneo a Lobo en mapa 1
02/10/2015 0:25:06 Sumoneo a Lobo en mapa 1
02/10/2015 0:25:06 Sumoneo a Lobo en mapa 1
02/10/2015 0:25:07 Sumoneo a Lobo en mapa 1
02/10/2015 0:25:07 Sumoneo a Lobo en mapa 1
02/10/2015 0:25:07 Sumoneo a Lobo en mapa 1
02/10/2015 0:25:07 Sumoneo a Lobo en mapa 1
02/10/2015 0:25:07 Sumoneo a Lobo en mapa 1
02/10/2015 0:25:08 Sumoneo a Lobo en mapa 1
02/10/2015 0:25:08 Sumoneo a Lobo en mapa 1
02/10/2015 0:25:08 Sumoneo a Lobo en mapa 1
02/10/2015 0:25:35 Transportó a Saurus hacia Mapa1 X:45 Y:21
02/10/2015 0:26:43 /CI: 747
02/10/2015 0:26:43 Agarro:100 Objeto:Espada Lazurt +1
02/10/2015 0:27:08 Sumoneo a Medusa en mapa 1
02/10/2015 0:27:57 /CI: 31
02/10/2015 0:27:58 Agarro:100 Objeto:Vestimentas de Hombre
02/10/2015 0:28:07 /CI: 1597
02/10/2015 0:28:08 Agarro:100 Objeto:Lentes de Saurus
02/10/2015 0:28:17 /CI: 71
02/10/2015 0:28:20 /DEST
02/10/2015 0:28:24 /CI: 712
02/10/2015 0:28:25 Agarro:100 Objeto:Vestimentas de Gala
02/10/2015 0:30:16 Agarro:1 Objeto:Gorro Mágico (RM +10)
02/10/2015 0:30:22 Agarro:1 Objeto:Piel de Lobo
02/10/2015 0:30:22 Agarro:1 Objeto:Piel de Lobo
02/10/2015 0:30:23 Agarro:1 Objeto:Piel de Lobo
02/10/2015 0:30:23 Agarro:1 Objeto:Piel de Lobo
02/10/2015 0:30:24 Agarro:1 Objeto:Piel de Lobo
02/10/2015 0:30:24 Agarro:3 Objeto:Piel de Lobo
02/10/2015 0:30:25 Agarro:2 Objeto:Piel de Lobo
02/10/2015 0:30:26 Agarro:1 Objeto:Piel de Lobo
02/10/2015 0:30:27 Agarro:1 Objeto:Piel de Lobo
02/10/2015 0:30:28 Agarro:1 Objeto:Piel de Lobo
02/10/2015 0:30:40 /MOD EXP 650  yo
02/10/2015 0:30:57 /MOD EXP 770  yo
02/10/2015 0:31:02 /MOD EXP 700  yo
02/10/2015 0:31:12 /MOD EXP 10000  yo
02/10/2015 0:31:22 /MOD EXP 80000  yo
02/10/2015 0:31:33 /MOD EXP 80000  yo
02/10/2015 0:31:34 /MOD EXP 80000  yo
02/10/2015 0:31:36 /MOD EXP 80000  yo
02/10/2015 0:31:37 /MOD EXP 80000  yo
02/10/2015 0:31:38 /MOD EXP 80000  yo
02/10/2015 0:31:39 /MOD EXP 80000  yo
02/10/2015 0:31:40 /MOD EXP 80000  yo
02/10/2015 0:31:41 /MOD EXP 80000  yo
02/10/2015 0:31:42 /MOD EXP 80000  yo
02/10/2015 0:31:45 /MOD EXP 80000  yo
02/10/2015 0:31:46 /MOD EXP 80000  yo
02/10/2015 0:31:47 /MOD EXP 80000  yo
02/10/2015 0:31:48 /MOD EXP 80000  yo
02/10/2015 0:31:49 /MOD EXP 80000  yo
02/10/2015 0:31:50 /MOD EXP 80000  yo
02/10/2015 0:31:51 /MOD EXP 80000  yo
02/10/2015 0:31:52 /MOD EXP 80000  yo
02/10/2015 0:31:53 /MOD EXP 80000  yo
02/10/2015 0:31:54 /MOD EXP 80000  yo
02/10/2015 0:31:55 /MOD EXP 80000  yo
02/10/2015 0:31:56 /MOD EXP 80000  yo
02/10/2015 0:31:57 /MOD EXP 80000  yo
02/10/2015 0:31:58 /MOD EXP 80000  yo
02/10/2015 0:31:59 /MOD EXP 80000  yo
02/10/2015 0:31:59 /MOD EXP 80000  yo
02/10/2015 0:32:01 /MOD EXP 80000  yo
02/10/2015 0:32:02 /MOD EXP 80000  yo
02/10/2015 0:32:03 /MOD EXP 80000  yo
02/10/2015 0:32:04 /MOD EXP 80000  yo
02/10/2015 0:32:05 /MOD EXP 80000  yo
02/10/2015 0:32:06 /MOD EXP 80000  yo
02/10/2015 0:32:08 /MOD EXP 80000  yo
02/10/2015 0:32:13 /MOD EXP 80000  yo
02/10/2015 0:32:14 /MOD EXP 80000  yo
02/10/2015 0:32:15 /MOD EXP 80000  yo
02/10/2015 0:32:16 /MOD EXP 80000  yo
02/10/2015 0:32:17 /MOD EXP 80000  yo
02/10/2015 0:32:18 /MOD EXP 80000  yo
02/10/2015 0:32:19 /MOD EXP 80000  yo
02/10/2015 0:32:21 /MOD EXP 80000  yo
02/10/2015 0:32:23 Transportó a Saurus hacia Mapa1 X:50 Y:20
02/10/2015 0:32:23 Transportó a Saurus hacia Mapa1 X:52 Y:21
02/10/2015 0:32:23 Transportó a Saurus hacia Mapa1 X:54 Y:23
02/10/2015 22:04:54 Se conecto con ip:25.43.98.71
02/10/2015 22:04:57 Transportó a Saurus hacia Mapa1 X:58 Y:27
02/10/2015 22:04:57 Transportó a Saurus hacia Mapa1 X:58 Y:31
02/10/2015 22:04:57 Transportó a Saurus hacia Mapa1 X:57 Y:35
02/10/2015 22:05:56 Se conecto con ip:25.43.98.71
02/10/2015 22:05:57 Transportó a Saurus hacia Mapa1 X:60 Y:38
02/10/2015 22:06:01 Transportó a Saurus hacia Mapa1 X:76 Y:35
02/10/2015 22:06:03 Transportó a Saurus hacia Mapa1 X:75 Y:26
02/10/2015 22:06:26 Transportó a Saurus hacia Mapa1 X:69 Y:51
02/10/2015 22:06:47 Transportó a Saurus hacia Mapa1 X:39 Y:23
02/10/2015 22:06:48 Transportó a Saurus hacia Mapa1 X:31 Y:22
02/10/2015 22:06:49 Transportó a Saurus hacia Mapa1 X:22 Y:21
02/10/2015 22:06:51 Transportó a Saurus hacia Mapa1 X:21 Y:47
02/10/2015 22:06:52 Transportó a Saurus hacia Mapa1 X:81 Y:21
02/10/2015 22:06:57 Transportó a Saurus hacia Mapa1 X:58 Y:23
02/10/2015 22:06:58 Transportó a Saurus hacia Mapa1 X:35 Y:24
02/10/2015 22:07:00 Transportó a Saurus hacia Mapa1 X:27 Y:24
02/10/2015 22:07:01 Transportó a Saurus hacia Mapa1 X:20 Y:22
02/10/2015 22:07:02 Transportó a Saurus hacia Mapa1 X:24 Y:48
02/10/2015 22:07:36 Transportó a Saurus hacia Mapa1 X:48 Y:18
02/10/2015 22:07:50 Transportó a Saurus hacia Mapa1 X:62 Y:25
02/10/2015 22:07:55 Transportó a Saurus hacia Mapa1 X:75 Y:26
02/10/2015 22:09:15 Transportó a Saurus hacia Mapa1 X:32 Y:20
02/10/2015 22:09:18 Transportó a Saurus hacia Mapa1 X:23 Y:22
02/10/2015 22:09:19 Transportó a Saurus hacia Mapa1 X:23 Y:25
02/10/2015 22:09:21 Transportó a Saurus hacia Mapa1 X:32 Y:27
02/10/2015 22:09:22 Transportó a Saurus hacia Mapa1 X:41 Y:27
02/10/2015 22:09:23 Transportó a Saurus hacia Mapa1 X:32 Y:27
02/10/2015 22:09:24 Transportó a Saurus hacia Mapa1 X:23 Y:27
02/10/2015 22:09:25 Transportó a Saurus hacia Mapa1 X:14 Y:27
02/10/2015 22:09:26 Transportó a Saurus hacia Mapa1 X:14 Y:20
02/10/2015 22:09:27 Transportó a Saurus hacia Mapa1 X:14 Y:16
02/10/2015 22:09:27 Transportó a Saurus hacia Mapa1 X:23 Y:16
02/10/2015 22:09:28 Transportó a Saurus hacia Mapa1 X:32 Y:16
02/10/2015 22:09:29 Transportó a Saurus hacia Mapa1 X:41 Y:16
02/10/2015 22:09:30 Transportó a Saurus hacia Mapa1 X:41 Y:21
02/10/2015 22:09:30 Transportó a Saurus hacia Mapa1 X:41 Y:27
02/10/2015 22:09:32 Transportó a Saurus hacia Mapa1 X:32 Y:27
02/10/2015 22:09:33 Transportó a Saurus hacia Mapa1 X:23 Y:27
02/10/2015 22:09:34 Transportó a Saurus hacia Mapa1 X:14 Y:27
02/10/2015 22:09:35 Transportó a Saurus hacia Mapa1 X:14 Y:19
02/10/2015 22:09:35 Transportó a Saurus hacia Mapa1 X:14 Y:16
02/10/2015 22:09:36 Transportó a Saurus hacia Mapa1 X:23 Y:16
02/10/2015 22:09:37 Transportó a Saurus hacia Mapa1 X:32 Y:16
02/10/2015 22:09:37 Transportó a Saurus hacia Mapa1 X:41 Y:16
02/10/2015 22:09:38 Transportó a Saurus hacia Mapa1 X:50 Y:18
02/10/2015 22:09:38 Transportó a Saurus hacia Mapa1 X:58 Y:21
02/10/2015 22:09:38 Transportó a Saurus hacia Mapa1 X:66 Y:25
02/10/2015 22:09:39 Transportó a Saurus hacia Mapa1 X:70 Y:26
02/10/2015 22:09:40 Transportó a Saurus hacia Mapa1 X:70 Y:27
02/10/2015 22:09:41 Transportó a Saurus hacia Mapa1 X:78 Y:27
02/10/2015 22:09:41 Transportó a Saurus hacia Mapa1 X:85 Y:27
02/10/2015 22:09:43 Transportó a Saurus hacia Mapa1 X:86 Y:26
02/10/2015 22:09:43 Transportó a Saurus hacia Mapa1 X:86 Y:20
02/10/2015 22:09:44 Transportó a Saurus hacia Mapa1 X:86 Y:14
02/10/2015 22:09:45 Transportó a Saurus hacia Mapa1 X:88 Y:10
02/10/2015 22:09:51 Transportó a Saurus hacia Mapa1 X:87 Y:12
02/10/2015 22:09:52 Transportó a Saurus hacia Mapa1 X:84 Y:16
02/10/2015 22:09:52 Transportó a Saurus hacia Mapa1 X:81 Y:20
02/10/2015 22:09:52 Transportó a Saurus hacia Mapa1 X:78 Y:23
02/10/2015 22:09:53 Transportó a Saurus hacia Mapa1 X:76 Y:25
02/10/2015 22:09:54 Transportó a Saurus hacia Mapa1 X:74 Y:29
02/10/2015 22:09:54 Transportó a Saurus hacia Mapa1 X:72 Y:33
02/10/2015 22:09:55 Transportó a Saurus hacia Mapa1 X:65 Y:37
02/10/2015 22:10:07 Transportó a Saurus hacia Mapa1 X:25 Y:49
02/10/2015 22:10:23 Transportó a Saurus hacia Mapa1 X:62 Y:28
02/10/2015 22:10:24 Transportó a Saurus hacia Mapa1 X:77 Y:26
02/10/2015 22:10:27 Transportó a Saurus hacia Mapa1 X:38 Y:24
02/10/2015 22:10:28 Transportó a Saurus hacia Mapa1 X:27 Y:24
02/10/2015 22:10:30 Transportó a Saurus hacia Mapa1 X:17 Y:24
02/10/2015 22:10:33 Transportó a Saurus hacia Mapa1 X:24 Y:58
02/10/2015 22:10:33 Transportó a Saurus hacia Mapa1 X:23 Y:51
02/10/2015 22:10:55 Transportó a Saurus hacia Mapa1 X:45 Y:18
02/10/2015 22:11:05 Transportó a Saurus hacia Mapa1 X:47 Y:49
02/10/2015 22:11:16 Transportó a Saurus hacia Mapa1 X:60 Y:31
02/10/2015 22:11:20 Transportó a Saurus hacia Mapa1 X:78 Y:23
02/10/2015 22:11:24 Transportó a Saurus hacia Mapa1 X:24 Y:47
02/10/2015 22:11:52 Transportó a Saurus hacia Mapa1 X:52 Y:51
02/10/2015 22:12:01 /SUM NheraQ Map:1 X:52 Y:50
02/10/2015 22:12:08 Transportó a Saurus hacia Mapa1 X:77 Y:67
02/10/2015 22:12:09 Transportó a Saurus hacia Mapa1 X:80 Y:37
02/10/2015 22:12:11 Transportó a Saurus hacia Mapa1 X:69 Y:29
02/10/2015 22:12:11 Transportó a Saurus hacia Mapa1 X:77 Y:20
02/10/2015 22:12:15 Transportó a Saurus hacia Mapa1 X:56 Y:49
02/10/2015 22:13:07 Transportó a Saurus hacia Mapa1 X:59 Y:52
02/10/2015 22:14:06 Transportó a Saurus hacia Mapa1 X:63 Y:26
02/10/2015 22:14:26 Transportó a Saurus hacia Mapa1 X:79 Y:25
02/10/2015 22:14:52 Transportó a Saurus hacia Mapa1 X:59 Y:25
02/10/2015 22:15:15 /IRA Sr+WorfooD Mapa:1 X:45 Y:55
02/10/2015 22:15:18 Transportó a Saurus hacia Mapa1 X:49 Y:59
02/10/2015 22:15:53 Transportó a Saurus hacia Mapa1 X:63 Y:25
02/10/2015 22:15:55 Transportó a Saurus hacia Mapa1 X:54 Y:40
02/10/2015 22:16:00 Transportó a Saurus hacia Mapa1 X:25 Y:53
02/10/2015 22:16:01 Transportó a Saurus hacia Mapa1 X:47 Y:57
02/10/2015 22:16:02 Transportó a Saurus hacia Mapa1 X:55 Y:52
02/10/2015 22:19:26 /CI: 1078
02/10/2015 22:19:27 Agarro:100 Objeto:Casco Bifurcado
02/10/2015 22:19:52 /CI: 1257
02/10/2015 22:19:54 Agarro:100 Objeto:Espada Saramiana
02/10/2015 22:20:03 /CI: 1217
02/10/2015 22:20:03 Agarro:100 Objeto:Armadura de Dragón Negro
02/10/2015 22:20:21 /CI: 1528
02/10/2015 22:20:23 Agarro:100 Objeto:Armadura de Asesino del Caos de 2ª Jerarquía
02/10/2015 22:20:32 /CI: 1811
02/10/2015 22:20:38 /CI: 1881
02/10/2015 22:21:13 /CI: 1811
02/10/2015 22:21:38 /CI: 1180
02/10/2015 22:21:39 Agarro:100 Objeto:Escudo de Reflexión (RM +30)
02/10/2015 22:22:11 /CI: 1081
02/10/2015 22:22:12 Agarro:100 Objeto:Pendiente del Sacrificio
02/10/2015 22:22:23 /CI: 1002
02/10/2015 22:22:24 Agarro:100 Objeto:Escudo de Torre +1
02/10/2015 22:22:34 Tiro cantidad:1 Objeto:Espada Saramiana
02/10/2015 22:22:34 Agarro:1 Objeto:Espada Saramiana
02/10/2015 22:22:44 Tiro cantidad:1 Objeto:Armadura de Dragón Negro
02/10/2015 22:22:46 Tiro cantidad:1 Objeto:Escudo de Torre +1
02/10/2015 22:22:49 Tiro cantidad:1 Objeto:Pendiente del Sacrificio
02/10/2015 22:22:52 Tiro cantidad:1 Objeto:Espada Lazurt +1
02/10/2015 22:22:54 Agarro:1 Objeto:Espada Lazurt +1
02/10/2015 22:22:56 Tiro cantidad:1 Objeto:Espada Lazurt +1
02/10/2015 22:22:57 Agarro:1 Objeto:Espada Lazurt +1
02/10/2015 22:22:59 Transportó a Saurus hacia Mapa1 X:22 Y:51
02/10/2015 22:23:04 Transportó a Saurus hacia Mapa1 X:56 Y:25
02/10/2015 22:23:10 Tiro cantidad:1 Objeto:Espada Lazurt +1
02/10/2015 22:23:10 Agarro:1 Objeto:Espada Lazurt +1
02/10/2015 22:23:16 Tiro cantidad:1 Objeto:Espada Lazurt +1
02/10/2015 22:23:17 Agarro:1 Objeto:Espada Lazurt +1
02/10/2015 22:23:20 Transportó a Saurus hacia Mapa1 X:44 Y:20
02/10/2015 22:23:20 Transportó a Saurus hacia Mapa1 X:48 Y:10
02/10/2015 22:23:29 Tiro cantidad:1 Objeto:Espada Lazurt +1
02/10/2015 22:23:32 Tiro cantidad:1 Objeto:Escudo de Torre +1
02/10/2015 22:23:34 Tiro cantidad:1 Objeto:Escudo de Reflexión (RM +30)
02/10/2015 22:23:36 Tiro cantidad:1 Objeto:Pendiente del Sacrificio
02/10/2015 22:23:39 Tiro cantidad:1 Objeto:Casco Bifurcado
02/10/2015 22:23:41 Tiro cantidad:1 Objeto:Armadura de Dragón Negro
02/10/2015 22:31:31 Se conecto con ip:25.43.98.71
02/10/2015 22:31:38 /SUM liast Map:1 X:48 Y:35
02/10/2015 22:31:39 Transportó a Saurus hacia Mapa1 X:52 Y:39
02/10/2015 22:31:42 Transportó a Saurus hacia Mapa1 X:52 Y:42
02/10/2015 22:31:42 Transportó a Saurus hacia Mapa1 X:52 Y:45
02/10/2015 22:31:44 Transportó a Saurus hacia Mapa1 X:53 Y:47
02/10/2015 22:31:44 Transportó a Saurus hacia Mapa1 X:55 Y:50
02/10/2015 22:31:44 Transportó a Saurus hacia Mapa1 X:57 Y:54
02/10/2015 22:31:45 Transportó a Saurus hacia Mapa1 X:53 Y:51
02/10/2015 22:31:45 Transportó a Saurus hacia Mapa1 X:50 Y:47
02/10/2015 22:31:47 Transportó a Saurus hacia Mapa1 X:54 Y:48
02/10/2015 22:31:56 Resucito a liast
02/10/2015 22:32:02 Tiro cantidad:1 Objeto:Gorro Mágico (RM +10)
02/10/2015 22:32:19 Resucito a liast
02/10/2015 22:32:38 Transportó a Saurus hacia Mapa1 X:55 Y:51
02/10/2015 22:32:58 Resucito a liast
02/10/2015 22:33:17 /MOD EXP 99999  liast
02/10/2015 22:33:22 Resucito a liast
02/10/2015 22:33:28 /MOD EXP 99999  liast
02/10/2015 22:33:30 /MOD EXP 99999  liast
02/10/2015 22:33:32 /MOD EXP 99999  liast
02/10/2015 22:33:34 /MOD EXP 99999  liast
02/10/2015 22:33:36 /MOD EXP 99999  liast
02/10/2015 22:33:37 /MOD EXP 99999  liast
02/10/2015 22:33:39 /MOD EXP 99999  liast
02/10/2015 22:33:41 /MOD EXP 99999  liast
02/10/2015 22:33:43 /MOD EXP 99999  liast
02/10/2015 22:33:46 /MOD EXP 99999  liast
02/10/2015 22:33:53 /MOD EXP 99999  liast
02/10/2015 22:34:00 Resucito a liast
02/10/2015 22:34:19 /CI: 1351
02/10/2015 22:34:19 Agarro:100 Objeto:Unicornio (RM +10)
02/10/2015 22:34:44 Resucito a liast
02/10/2015 22:35:49 Transportó a Saurus hacia Mapa1 X:47 Y:80
02/10/2015 22:35:49 Transportó a Saurus hacia Mapa1 X:47 Y:79
02/10/2015 22:35:53 Transportó a Saurus hacia Mapa1 X:48 Y:77
02/10/2015 22:36:14 Transportó a Saurus hacia Mapa1 X:20 Y:66
02/10/2015 22:36:22 Transportó a Saurus hacia Mapa1 X:65 Y:22
02/10/2015 22:36:24 Transportó a Saurus hacia Mapa1 X:43 Y:44
02/10/2015 22:39:56 Se conecto con ip:25.43.98.71
02/10/2015 22:40:02 Transportó a Saurus hacia Mapa1 X:71 Y:47
02/10/2015 22:40:03 Transportó a Saurus hacia Mapa1 X:49 Y:48
02/10/2015 22:40:31 Se conecto con ip:25.43.98.71
02/10/2015 22:40:47 Transportó a Saurus hacia Mapa1 X:62 Y:26
02/10/2015 22:40:52 /IRA liast Mapa:1 X:42 Y:67
02/10/2015 22:41:26 /MOD EXP 9999999  Sr WorfooD
02/10/2015 22:41:28 /MOD EXP 9999999  Sr WorfooD
03/10/2015 0:35:07 Se conecto con ip:25.43.98.71
03/10/2015 0:35:09 Transportó a Saurus hacia Mapa1 X:41 Y:45
03/10/2015 0:35:09 Transportó a Saurus hacia Mapa1 X:44 Y:40
03/10/2015 0:35:09 Transportó a Saurus hacia Mapa1 X:47 Y:34
03/10/2015 0:35:09 Transportó a Saurus hacia Mapa1 X:50 Y:28
03/10/2015 0:35:09 Transportó a Saurus hacia Mapa1 X:52 Y:22
03/10/2015 0:35:10 Transportó a Saurus hacia Mapa1 X:51 Y:18
03/10/2015 0:35:10 Transportó a Saurus hacia Mapa1 X:49 Y:14
03/10/2015 0:35:10 Transportó a Saurus hacia Mapa1 X:47 Y:14
03/10/2015 0:35:20 /CI: 4933
03/10/2015 0:35:24 /CI: 493
03/10/2015 0:35:25 Agarro:100 Objeto:Armadura de Placas Roja (Mujer)
03/10/2015 0:35:28 Tiro cantidad:1 Objeto:Armadura de Placas Roja (Mujer)
03/10/2015 0:35:39 /CI: 901
03/10/2015 0:35:40 Agarro:100 Objeto:Armadura de Esmeraldas (Bajos)
03/10/2015 0:35:48 Tiro cantidad:1 Objeto:Armadura de Esmeraldas (Bajos)
03/10/2015 0:46:36 Se conecto con ip:25.43.98.71
03/10/2015 0:47:18 Transportó a Saurus hacia Mapa1 X:52 Y:56
03/10/2015 0:47:19 Transportó a Saurus hacia Mapa1 X:51 Y:57
03/10/2015 0:47:33 Transportó a Saurus hacia Mapa1 X:45 Y:57
03/10/2015 0:47:42 Transportó a Saurus hacia Mapa1 X:54 Y:63
03/10/2015 0:47:43 Transportó a Saurus hacia Mapa1 X:51 Y:63
03/10/2015 0:47:44 Transportó a Saurus hacia Mapa1 X:52 Y:63
03/10/2015 0:47:46 Transportó a Saurus hacia Mapa1 X:52 Y:59
03/10/2015 0:47:55 Resucito a Test+jaja
03/10/2015 0:54:21 Se conecto con ip:25.43.98.71
03/10/2015 0:54:23 Transportó a Saurus hacia Mapa1 X:48 Y:46
03/10/2015 0:54:23 Transportó a Saurus hacia Mapa1 X:47 Y:40
03/10/2015 0:54:24 Transportó a Saurus hacia Mapa1 X:46 Y:32
03/10/2015 0:54:24 Transportó a Saurus hacia Mapa1 X:45 Y:25
03/10/2015 0:54:55 Transportó a Saurus hacia Mapa1 X:48 Y:28
03/10/2015 0:54:55 Transportó a Saurus hacia Mapa1 X:45 Y:26
03/10/2015 0:54:59 Transportó a Saurus hacia Mapa1 X:48 Y:23
03/10/2015 0:55:04 Transportó a Saurus hacia Mapa1 X:57 Y:26
03/10/2015 0:55:05 Transportó a Saurus hacia Mapa1 X:51 Y:26
03/10/2015 0:55:06 Transportó a Saurus hacia Mapa1 X:46 Y:23
03/10/2015 0:55:07 Transportó a Saurus hacia Mapa1 X:40 Y:23
03/10/2015 0:55:08 Transportó a Saurus hacia Mapa1 X:43 Y:24
03/10/2015 0:55:12 Transportó a Saurus hacia Mapa1 X:46 Y:27
03/10/2015 1:08:05 Se conecto con ip:25.43.98.71
03/10/2015 1:08:50 Transportó a Saurus hacia Mapa1 X:42 Y:51
03/10/2015 1:08:50 Transportó a Saurus hacia Mapa1 X:40 Y:56
03/10/2015 1:08:50 Transportó a Saurus hacia Mapa1 X:37 Y:60
03/10/2015 1:08:50 Transportó a Saurus hacia Mapa1 X:31 Y:56
03/10/2015 1:08:50 Transportó a Saurus hacia Mapa1 X:25 Y:51
03/10/2015 1:09:12 Sumoneo a Lobo en mapa 1
03/10/2015 1:09:18 Transportó a Saurus hacia Mapa1 X:46 Y:43
03/10/2015 1:09:18 Transportó a Saurus hacia Mapa1 X:51 Y:41
03/10/2015 1:09:18 Transportó a Saurus hacia Mapa1 X:56 Y:38
03/10/2015 1:09:19 Transportó a Saurus hacia Mapa1 X:61 Y:35
03/10/2015 1:09:19 Transportó a Saurus hacia Mapa1 X:62 Y:30
03/10/2015 1:09:20 Transportó a Saurus hacia Mapa1 X:63 Y:26
03/10/2015 1:09:20 Transportó a Saurus hacia Mapa1 X:69 Y:24
03/10/2015 1:09:27 Transportó a Saurus hacia Mapa1 X:61 Y:29
03/10/2015 1:09:27 Transportó a Saurus hacia Mapa1 X:58 Y:33
03/10/2015 1:09:27 Transportó a Saurus hacia Mapa1 X:56 Y:38
03/10/2015 1:14:37 Se conecto con ip:25.43.98.71
03/10/2015 1:14:42 Transportó a Saurus hacia Mapa1 X:55 Y:35
03/10/2015 1:15:00 Sumoneo a Lobo en mapa 1
03/10/2015 1:15:15 Transportó a Saurus hacia Mapa1 X:59 Y:41
03/10/2015 1:15:15 Transportó a Saurus hacia Mapa1 X:66 Y:39
03/10/2015 1:15:15 Transportó a Saurus hacia Mapa1 X:71 Y:35
03/10/2015 1:15:15 Transportó a Saurus hacia Mapa1 X:75 Y:30
03/10/2015 1:15:16 Transportó a Saurus hacia Mapa1 X:73 Y:27
03/10/2015 1:15:16 Transportó a Saurus hacia Mapa1 X:70 Y:24
03/10/2015 1:15:16 Transportó a Saurus hacia Mapa1 X:65 Y:22
03/10/2015 1:15:18 Transportó a Saurus hacia Mapa1 X:57 Y:27
03/10/2015 1:15:18 Transportó a Saurus hacia Mapa1 X:49 Y:28
03/10/2015 1:15:18 Transportó a Saurus hacia Mapa1 X:41 Y:27
03/10/2015 1:15:19 Transportó a Saurus hacia Mapa1 X:42 Y:24
03/10/2015 1:15:19 Transportó a Saurus hacia Mapa1 X:43 Y:20
03/10/2015 1:15:40 Transportó a Saurus hacia Mapa1 X:47 Y:24
03/10/2015 1:17:21 Agarro:1 Objeto:Pendiente del Sacrificio
03/10/2015 1:17:21 Agarro:1 Objeto:Escudo de Torre +1
03/10/2015 1:17:21 Agarro:1 Objeto:Espada Lazurt +1
03/10/2015 1:17:21 Agarro:1 Objeto:Escudo de Reflexión (RM +30)
03/10/2015 1:17:22 Agarro:1 Objeto:Casco Bifurcado
03/10/2015 1:17:23 Agarro:1 Objeto:Armadura de Dragón Negro
03/10/2015 1:39:44 Se conecto con ip:25.43.98.71
03/10/2015 1:40:16 Resucito a test+jaja
03/10/2015 1:40:25 Transportó a Saurus hacia Mapa1 X:56 Y:44
03/10/2015 1:40:49 Resucito a test+jaja
03/10/2015 1:41:13 Resucito a test+jaja
03/10/2015 1:41:16 Transportó a Saurus hacia Mapa1 X:52 Y:48
03/10/2015 1:41:18 Transportó a Saurus hacia Mapa1 X:53 Y:49
03/10/2015 1:41:19 Transportó a Saurus hacia Mapa1 X:52 Y:48
03/10/2015 1:41:38 Resucito a test+jaja
03/10/2015 1:45:57 Se conecto con ip:25.43.98.71
03/10/2015 1:45:58 Transportó a Saurus hacia Mapa1 X:55 Y:47
03/10/2015 1:45:58 Transportó a Saurus hacia Mapa1 X:57 Y:50
03/10/2015 1:47:00 Resucito a test+jaja
03/10/2015 1:48:25 Se conecto con ip:25.43.98.71
03/10/2015 1:48:49 Resucito a test+jaja
03/10/2015 1:52:59 Se conecto con ip:25.43.98.71
03/10/2015 1:53:44 Transportó a Saurus hacia Mapa1 X:59 Y:46
03/10/2015 1:53:44 Transportó a Saurus hacia Mapa1 X:61 Y:40
03/10/2015 1:53:44 Transportó a Saurus hacia Mapa1 X:61 Y:33
03/10/2015 1:53:45 Transportó a Saurus hacia Mapa1 X:61 Y:26
03/10/2015 1:53:45 Transportó a Saurus hacia Mapa1 X:58 Y:23
03/10/2015 1:53:45 Transportó a Saurus hacia Mapa1 X:53 Y:21
03/10/2015 1:53:45 Transportó a Saurus hacia Mapa1 X:48 Y:19
03/10/2015 1:57:12 Transportó a Saurus hacia Mapa1 X:49 Y:33
03/10/2015 1:57:12 Transportó a Saurus hacia Mapa1 X:51 Y:39
03/10/2015 1:59:59 Se conecto con ip:25.43.98.71
03/10/2015 2:14:10 Se conecto con ip:25.43.98.71
03/10/2015 2:14:11 Transportó a Saurus hacia Mapa1 X:51 Y:36
03/10/2015 2:14:33 Transportó a Saurus hacia Mapa1 X:46 Y:40
03/10/2015 2:14:33 Transportó a Saurus hacia Mapa1 X:46 Y:34
03/10/2015 2:14:33 Transportó a Saurus hacia Mapa1 X:56 Y:28
03/10/2015 2:15:22 Transportó a Saurus hacia Mapa1 X:72 Y:31
03/10/2015 2:15:22 Transportó a Saurus hacia Mapa1 X:77 Y:25
03/10/2015 2:15:35 Transportó a Saurus hacia Mapa1 X:74 Y:31
03/10/2015 2:15:35 Transportó a Saurus hacia Mapa1 X:73 Y:38
03/10/2015 2:15:37 Transportó a Saurus hacia Mapa1 X:66 Y:42
03/10/2015 2:15:38 Transportó a Saurus hacia Mapa1 X:45 Y:49
03/10/2015 2:15:39 Transportó a Saurus hacia Mapa1 X:16 Y:51
03/10/2015 2:17:16 Transportó a Saurus hacia Mapa1 X:65 Y:24
03/10/2015 2:17:18 Transportó a Saurus hacia Mapa1 X:72 Y:24
03/10/2015 2:17:19 Transportó a Saurus hacia Mapa1 X:67 Y:28
03/10/2015 2:17:20 Transportó a Saurus hacia Mapa1 X:62 Y:30
03/10/2015 2:17:20 Transportó a Saurus hacia Mapa1 X:56 Y:34
03/10/2015 2:17:26 Transportó a Saurus hacia Mapa1 X:37 Y:26
03/10/2015 2:17:27 Transportó a Saurus hacia Mapa1 X:30 Y:25
03/10/2015 2:17:32 Transportó a Saurus hacia Mapa1 X:27 Y:44
03/10/2015 2:17:34 Transportó a Saurus hacia Mapa1 X:25 Y:46
03/10/2015 2:17:38 Transportó a Saurus hacia Mapa1 X:32 Y:47
03/10/2015 2:18:12 Transportó a Saurus hacia Mapa1 X:45 Y:24
03/10/2015 2:20:32 Transportó a Saurus hacia Mapa1 X:42 Y:84
03/10/2015 2:21:34 Transportó a Saurus hacia Mapa1 X:39 Y:64
03/10/2015 2:22:58 /CI: 1105
03/10/2015 2:22:59 Agarro:100 Objeto:Honor del Paladín (Paladines)
03/10/2015 2:24:48 Transportó a Saurus hacia Mapa1 X:46 Y:25
03/10/2015 2:24:48 Transportó a Saurus hacia Mapa1 X:46 Y:28
03/10/2015 2:24:48 Transportó a Saurus hacia Mapa1 X:44 Y:32
03/10/2015 2:24:49 Transportó a Saurus hacia Mapa1 X:46 Y:33
03/10/2015 2:25:16 /CI: 1605
03/10/2015 2:25:45 /DEST
03/10/2015 2:27:16 Transportó a Saurus hacia Mapa1 X:46 Y:75
03/10/2015 2:27:16 Transportó a Saurus hacia Mapa1 X:47 Y:68
03/10/2015 2:27:18 Transportó a Saurus hacia Mapa1 X:42 Y:66
03/10/2015 2:27:18 Transportó a Saurus hacia Mapa1 X:39 Y:63
03/10/2015 2:27:18 Transportó a Saurus hacia Mapa1 X:40 Y:60
03/10/2015 2:27:19 Transportó a Saurus hacia Mapa1 X:38 Y:58
03/10/2015 2:27:19 Transportó a Saurus hacia Mapa1 X:39 Y:55
03/10/2015 2:27:20 Transportó a Saurus hacia Mapa1 X:38 Y:52
03/10/2015 2:27:20 Transportó a Saurus hacia Mapa1 X:40 Y:50
03/10/2015 2:27:20 Transportó a Saurus hacia Mapa1 X:38 Y:47
03/10/2015 2:27:42 /MOD EXP 15  tolkien
03/10/2015 2:27:54 /MOD EXP 25  tolkien
03/10/2015 2:27:56 /MOD EXP 23  tolkien
03/10/2015 2:27:58 /MOD EXP   tolkien
03/10/2015 2:28:01 /MOD EXP 35  tolkien
03/10/2015 2:28:14 /MOD EXP 99999  tolkien
03/10/2015 2:28:18 /MOD EXP 9999999  tolkien
03/10/2015 2:32:44 Transportó a Saurus hacia Mapa1 X:54 Y:26
03/10/2015 2:32:45 Transportó a Saurus hacia Mapa1 X:60 Y:26
03/10/2015 2:32:45 Transportó a Saurus hacia Mapa1 X:64 Y:30
03/10/2015 2:32:45 Transportó a Saurus hacia Mapa1 X:65 Y:36
03/10/2015 2:32:46 Transportó a Saurus hacia Mapa1 X:66 Y:42
03/10/2015 2:33:16 Transportó a Saurus hacia Mapa1 X:62 Y:53
03/10/2015 2:33:29 /INVISIBLE
03/10/2015 2:34:06 /INVISIBLE
03/10/2015 2:34:43 /LLUVIA
03/10/2015 2:34:52 /LLUVIA
03/10/2015 2:36:55 Agarro:1 Objeto:Armadura Legendaria
03/10/2015 2:38:35 Transportó a Saurus hacia Mapa1 X:33 Y:28
03/10/2015 2:38:37 Transportó a Saurus hacia Mapa1 X:35 Y:25
03/10/2015 2:38:38 Transportó a Saurus hacia Mapa1 X:36 Y:31
03/10/2015 2:39:58 Transportó a Saurus hacia Mapa1 X:77 Y:27
03/10/2015 2:40:00 Transportó a Saurus hacia Mapa1 X:78 Y:33
03/10/2015 2:40:03 Transportó a Saurus hacia Mapa1 X:78 Y:27
03/10/2015 2:40:13 Sumoneo a                               Demonio                              <Enlistador De las Hordas Caoticas> en mapa 1
03/10/2015 2:40:14 Transportó a Saurus hacia Mapa1 X:75 Y:25
03/10/2015 2:40:15 Transportó a Saurus hacia Mapa1 X:72 Y:25
03/10/2015 2:40:15 Transportó a Saurus hacia Mapa1 X:68 Y:25
03/10/2015 2:40:34 Transportó a Saurus hacia Mapa1 X:63 Y:33
03/10/2015 2:42:19 /LLUVIA
03/10/2015 2:42:29 Transportó a Saurus hacia Mapa1 X:44 Y:44
03/10/2015 2:42:30 Transportó a Saurus hacia Mapa1 X:48 Y:48
03/10/2015 2:42:35 Transportó a Saurus hacia Mapa1 X:44 Y:47
03/10/2015 2:42:36 Transportó a Saurus hacia Mapa1 X:43 Y:43
03/10/2015 2:42:39 Transportó a Saurus hacia Mapa1 X:37 Y:40
03/10/2015 2:42:42 Transportó a Saurus hacia Mapa1 X:41 Y:42
03/10/2015 2:42:43 Transportó a Saurus hacia Mapa1 X:43 Y:43
03/10/2015 2:42:45 Transportó a Saurus hacia Mapa1 X:44 Y:50
03/10/2015 2:42:52 Transportó a Saurus hacia Mapa1 X:44 Y:43
03/10/2015 2:42:53 Transportó a Saurus hacia Mapa1 X:43 Y:37
03/10/2015 2:42:55 Transportó a Saurus hacia Mapa1 X:38 Y:27
03/10/2015 2:43:01 Transportó a Saurus hacia Mapa1 X:44 Y:44
03/10/2015 2:43:01 Transportó a Saurus hacia Mapa1 X:45 Y:50
03/10/2015 2:43:36 Transportó a Saurus hacia Mapa1 X:48 Y:18
03/10/2015 2:43:39 Tiro cantidad:1 Objeto:Espada Lazurt +1
03/10/2015 2:43:44 Agarro:1 Objeto:Espada Lazurt +1
03/10/2015 2:43:50 Transportó a Saurus hacia Mapa1 X:54 Y:42
03/10/2015 2:43:51 Transportó a Saurus hacia Mapa1 X:54 Y:47
03/10/2015 2:43:51 Transportó a Saurus hacia Mapa1 X:52 Y:52
03/10/2015 2:45:03 Transportó a Saurus hacia Mapa1 X:51 Y:51
03/10/2015 2:45:03 Transportó a Saurus hacia Mapa1 X:57 Y:48
03/10/2015 2:45:04 Transportó a Saurus hacia Mapa1 X:61 Y:43
03/10/2015 2:45:05 Transportó a Saurus hacia Mapa1 X:57 Y:30
03/10/2015 2:45:06 Transportó a Saurus hacia Mapa1 X:57 Y:27
03/10/2015 2:45:09 Transportó a Saurus hacia Mapa1 X:51 Y:27
03/10/2015 2:45:10 Transportó a Saurus hacia Mapa1 X:47 Y:26
03/10/2015 2:45:10 Transportó a Saurus hacia Mapa1 X:42 Y:24
03/10/2015 2:45:10 Transportó a Saurus hacia Mapa1 X:37 Y:22
03/10/2015 2:45:13 Transportó a Saurus hacia Mapa1 X:46 Y:26
03/10/2015 2:45:13 Transportó a Saurus hacia Mapa1 X:53 Y:26
03/10/2015 2:45:14 Transportó a Saurus hacia Mapa1 X:54 Y:27
03/10/2015 2:45:16 Transportó a Saurus hacia Mapa1 X:66 Y:29
03/10/2015 2:45:17 Transportó a Saurus hacia Mapa1 X:73 Y:29
03/10/2015 2:45:18 Transportó a Saurus hacia Mapa1 X:77 Y:26
03/10/2015 15:55:06 Se conecto con ip:25.43.98.71
03/10/2015 15:56:17 Transportó a Saurus hacia Mapa1 X:20 Y:47
03/10/2015 15:56:23 Agarro:1 Objeto:Piel de Oso Pardo
03/10/2015 16:09:43 Se conecto con ip:25.43.98.71
03/10/2015 16:30:36 Se conecto con ip:25.43.98.71
03/10/2015 16:30:48 Sumoneo a Lobo en mapa 1
03/10/2015 16:31:44 Se conecto con ip:25.43.98.71
03/10/2015 16:32:07 /IRA zenitram Mapa:2 X:41 Y:61
03/10/2015 16:35:17 Se conecto con ip:25.43.98.71
03/10/2015 16:35:39 Resucito a zenitram
03/10/2015 16:45:15 Se conecto con ip:25.43.98.71
03/10/2015 16:46:29 Se conecto con ip:25.43.98.71
03/10/2015 16:47:41 Resucito a zenitram
03/10/2015 16:50:20 Se conecto con ip:25.43.98.71
03/10/2015 16:59:01 Se conecto con ip:25.43.98.71
03/10/2015 16:59:40 Resucito a zenitram
03/10/2015 17:06:21 Se conecto con ip:25.43.98.71
03/10/2015 18:07:16 Se conecto con ip:25.43.98.71
03/10/2015 18:11:11 Se conecto con ip:25.43.98.71
03/10/2015 18:12:34 Se conecto con ip:25.43.98.71
03/10/2015 18:15:21 Se conecto con ip:25.43.98.71
03/10/2015 18:18:29 /MOD CLASE mago  yo
03/10/2015 18:18:54 /CI: 1147
03/10/2015 18:18:55 Agarro:100 Objeto:Báculo de Hechicero (DM +20)
03/10/2015 18:19:28 /CI: 1248
03/10/2015 18:19:28 Agarro:100 Objeto:Báculo de Aquâlin
03/10/2015 18:19:46 /CI: 1251
03/10/2015 18:19:47 Agarro:100 Objeto:Báculo Óseo
03/10/2015 18:20:01 /CI: 1252
03/10/2015 18:20:02 Agarro:100 Objeto:Báculo de Larzüll
03/10/2015 18:20:34 /MOD CLASE paladin  yo
03/10/2015 18:20:41 Tiro cantidad:1 Objeto:Piel de Oso Pardo
03/10/2015 18:21:49 /CI: 752
03/10/2015 18:21:50 Agarro:100 Objeto:Botas de Celeridad (+10)
03/10/2015 18:21:59 Tiro cantidad:100 Objeto:Báculo de Aquâlin
03/10/2015 18:22:01 /DEST
03/10/2015 18:22:02 Tiro cantidad:100 Objeto:Báculo Óseo
03/10/2015 18:22:04 /DEST
03/10/2015 18:22:07 Tiro cantidad:100 Objeto:Báculo de Larzüll
03/10/2015 18:22:09 /DEST
03/10/2015 18:22:11 Tiro cantidad:100 Objeto:Báculo de Hechicero (DM +20)
03/10/2015 18:22:13 /DEST
03/10/2015 18:22:17 Tiro cantidad:100 Objeto:Botas de Celeridad (+10)
03/10/2015 18:22:19 /DEST
03/10/2015 18:22:46 /CI: 1181
03/10/2015 18:22:47 Agarro:100 Objeto:Báculo de Hechicero (DM +10)
03/10/2015 18:23:10 /CI: 497
03/10/2015 18:23:11 Agarro:100 Objeto:Armadura de Placas Roja
03/10/2015 18:23:49 /CI: 403
03/10/2015 18:23:50 Agarro:100 Objeto:Espada de Plata
03/10/2015 18:24:34 Transportó a Saurus hacia Mapa1 X:50 Y:50
03/10/2015 18:24:36 Transportó a Saurus hacia Mapa1 X:53 Y:42
03/10/2015 18:24:36 Transportó a Saurus hacia Mapa1 X:57 Y:38
03/10/2015 18:24:36 Transportó a Saurus hacia Mapa1 X:61 Y:34
03/10/2015 18:24:37 Transportó a Saurus hacia Mapa1 X:62 Y:28
03/10/2015 18:24:38 Transportó a Saurus hacia Mapa1 X:70 Y:26
03/10/2015 18:24:41 Transportó a Saurus hacia Mapa1 X:73 Y:34
03/10/2015 18:25:05 Transportó a Saurus hacia Mapa1 X:89 Y:56
03/10/2015 18:25:07 Transportó a Saurus hacia Mapa1 X:84 Y:57
03/10/2015 18:25:18 Transportó a Saurus hacia Mapa1 X:28 Y:52
03/10/2015 18:25:38 /CI: 601
03/10/2015 18:25:43 /CI: 609
03/10/2015 18:25:44 Agarro:100 Objeto:Yelmo
03/10/2015 18:25:46 /CI: 609
03/10/2015 18:25:49 /CI: 666
03/10/2015 18:25:53 /CI: 669
03/10/2015 18:26:12 /CI: 1000
03/10/2015 18:26:21 /CI: 999
03/10/2015 18:26:22 Agarro:100 Objeto:Escudo Imperial +2
03/10/2015 18:26:27 Transportó a Saurus hacia Mapa1 X:35 Y:46
03/10/2015 18:26:28 Transportó a Saurus hacia Mapa1 X:44 Y:42
03/10/2015 18:27:02 Transportó a Saurus hacia Mapa1 X:32 Y:70
03/10/2015 18:27:03 Transportó a Saurus hacia Mapa1 X:30 Y:66
03/10/2015 18:27:03 Transportó a Saurus hacia Mapa1 X:27 Y:62
03/10/2015 18:27:03 Transportó a Saurus hacia Mapa1 X:23 Y:58
03/10/2015 18:27:04 Transportó a Saurus hacia Mapa1 X:25 Y:55
03/10/2015 18:27:04 Transportó a Saurus hacia Mapa1 X:26 Y:51
03/10/2015 18:27:05 Transportó a Saurus hacia Mapa1 X:31 Y:42
03/10/2015 18:27:05 Transportó a Saurus hacia Mapa1 X:35 Y:37
03/10/2015 18:27:06 Transportó a Saurus hacia Mapa1 X:38 Y:31
03/10/2015 18:27:06 Transportó a Saurus hacia Mapa1 X:40 Y:25
03/10/2015 18:27:06 Transportó a Saurus hacia Mapa1 X:36 Y:23
03/10/2015 18:27:06 Transportó a Saurus hacia Mapa1 X:29 Y:23
03/10/2015 18:27:08 Transportó a Saurus hacia Mapa1 X:21 Y:25
03/10/2015 18:27:12 Transportó a Saurus hacia Mapa1 X:21 Y:42
03/10/2015 18:27:12 Transportó a Saurus hacia Mapa1 X:23 Y:49
03/10/2015 18:27:12 Transportó a Saurus hacia Mapa1 X:28 Y:54
03/10/2015 18:27:13 Transportó a Saurus hacia Mapa1 X:33 Y:57
03/10/2015 18:27:14 Transportó a Saurus hacia Mapa1 X:42 Y:61
03/10/2015 18:27:15 Transportó a Saurus hacia Mapa1 X:49 Y:57
03/10/2015 18:27:15 Transportó a Saurus hacia Mapa1 X:55 Y:51
03/10/2015 18:27:15 Transportó a Saurus hacia Mapa1 X:61 Y:45
03/10/2015 18:27:15 Transportó a Saurus hacia Mapa1 X:65 Y:38
03/10/2015 18:27:15 Transportó a Saurus hacia Mapa1 X:68 Y:31
03/10/2015 18:27:16 Transportó a Saurus hacia Mapa1 X:68 Y:26
03/10/2015 18:27:17 Transportó a Saurus hacia Mapa1 X:74 Y:22
03/10/2015 18:27:18 Transportó a Saurus hacia Mapa1 X:68 Y:26
03/10/2015 18:29:41 Se conecto con ip:25.43.98.71
03/10/2015 18:29:58 Saurus ha cambiado la informacion sobre si es PK el mapa.
03/10/2015 18:30:18 Saurus ha cambiado la informacion sobre si es PK el mapa.
03/10/2015 18:30:29 Transportó a Saurus hacia Mapa1 X:50 Y:50
03/10/2015 18:30:37 Transportó a Saurus hacia Mapa2 X:50 Y:50
03/10/2015 18:30:41 Transportó a Saurus hacia Mapa1 X:79 Y:23
03/10/2015 18:30:44 Transportó a Saurus hacia Mapa1 X:67 Y:24
03/10/2015 18:31:05 Transportó a Saurus hacia Mapa1 X:62 Y:26
03/10/2015 18:32:30 Transportó a Saurus hacia Mapa1 X:43 Y:47
03/10/2015 18:32:38 Saurus ha cambiado la informacion sobre si es PK el mapa.
03/10/2015 18:32:41 Saurus ha guardado el mapa 1
03/10/2015 18:33:05 Se conecto con ip:25.43.98.71
03/10/2015 18:34:23 Se conecto con ip:25.43.98.71
03/10/2015 18:45:27 Se conecto con ip:25.43.98.71
03/10/2015 18:46:00 Se conecto con ip:25.43.98.71
03/10/2015 18:46:49 Se conecto con ip:25.43.98.71
03/10/2015 18:47:55 Se conecto con ip:25.43.98.71
03/10/2015 18:50:58 Se conecto con ip:25.43.98.71
03/10/2015 19:34:32 Se conecto con ip:25.43.98.71
03/10/2015 19:34:37 Transportó a Saurus hacia Mapa1 X:28 Y:24
03/10/2015 19:34:52 Tiro cantidad:1 Objeto:Armadura Legendaria
03/10/2015 19:34:54 /DEST
03/10/2015 19:35:09 Tiro cantidad:99 Objeto:Honor del Paladín (Paladines)
03/10/2015 19:35:11 /DEST
03/10/2015 19:35:52 /CI: 198
03/10/2015 19:35:53 Agarro:100 Objeto:Serrucho
03/10/2015 19:37:00 Tiro cantidad:100 Objeto:Espada de Plata
03/10/2015 19:37:03 Tiro cantidad:98 Objeto:Escudo de Torre +1
03/10/2015 19:37:23 /CI: 58
03/10/2015 19:37:30 /CI: 58
03/10/2015 19:37:31 Agarro:100 Objeto:Leña
03/10/2015 19:37:41 Se conecto con ip:25.43.98.71
03/10/2015 19:38:02 Se conecto con ip:25.43.98.71
03/10/2015 19:38:10 Se conecto con ip:25.43.98.71
03/10/2015 19:44:24 Se conecto con ip:25.43.98.71
03/10/2015 19:45:33 Se conecto con ip:25.43.98.71
03/10/2015 19:45:44 /MOD SKILLS carpinteria 100 yo
03/10/2015 19:52:18 Se conecto con ip:25.43.98.71
03/10/2015 19:52:24 Transportó a Saurus hacia Mapa1 X:31 Y:29
03/10/2015 19:52:24 Transportó a Saurus hacia Mapa1 X:31 Y:23
03/10/2015 19:52:24 Transportó a Saurus hacia Mapa1 X:30 Y:17
03/10/2015 19:52:25 Transportó a Saurus hacia Mapa1 X:29 Y:20
03/10/2015 19:56:37 Se conecto con ip:25.43.98.71
03/10/2015 19:56:49 Tiro cantidad:100 Objeto:Armadura de Placas Roja
03/10/2015 19:57:01 Tiro cantidad:99 Objeto:Armadura de Placas Roja (Mujer)
03/10/2015 19:57:04 /DEST
03/10/2015 19:57:06 /DEST
03/10/2015 19:57:16 Tiro cantidad:100 Objeto:Espada Saramiana
03/10/2015 19:57:18 /DEST
03/10/2015 19:57:20 Tiro cantidad:99 Objeto:Escudo de Reflexión (RM +30)
03/10/2015 19:57:22 /DEST
03/10/2015 19:57:30 Tiro cantidad:100 Objeto:Vestimentas de Hombre
03/10/2015 19:57:33 /DEST
03/10/2015 19:57:38 Tiro cantidad:100 Objeto:Serrucho
03/10/2015 19:57:39 /DEST
03/10/2015 19:57:41 Tiro cantidad:99 Objeto:Armadura de Esmeraldas (Bajos)
03/10/2015 19:57:44 /DEST
03/10/2015 19:57:49 Tiro cantidad:89 Objeto:Leña
03/10/2015 19:57:50 /DEST
03/10/2015 19:57:52 Tiro cantidad:100 Objeto:Báculo de Hechicero (DM +10)
03/10/2015 19:57:52 /DEST
03/10/2015 19:57:56 Tiro cantidad:100 Objeto:Yelmo
03/10/2015 19:57:56 /DEST
03/10/2015 19:57:58 Tiro cantidad:100 Objeto:Escudo Imperial +2
03/10/2015 19:57:58 /DEST
03/10/2015 19:58:00 Tiro cantidad:11 Objeto:Cuchara de Madera
03/10/2015 19:58:01 /DEST
03/10/2015 19:58:03 Tiro cantidad:98 Objeto:Armadura de Dragón Negro
03/10/2015 19:58:03 /DEST
03/10/2015 19:58:05 Tiro cantidad:1 Objeto:Mapa
03/10/2015 19:58:06 /DEST
03/10/2015 19:58:13 Tiro cantidad:100 Objeto:Unicornio (RM +10)
03/10/2015 19:58:14 /DEST
03/10/2015 19:58:16 Tiro cantidad:100 Objeto:Vestimentas de Gala
03/10/2015 19:58:17 /DEST
03/10/2015 19:58:20 Tiro cantidad:93 Objeto:Poción Roja
03/10/2015 19:58:21 /DEST
03/10/2015 19:58:27 Tiro cantidad:99 Objeto:Espada Lazurt +1
03/10/2015 19:58:27 /DEST
03/10/2015 19:58:29 Tiro cantidad:13 Objeto:Piel de Lobo
03/10/2015 19:58:30 /DEST
03/10/2015 19:58:32 Tiro cantidad:99 Objeto:Casco Bifurcado
03/10/2015 19:58:33 /DEST
03/10/2015 19:58:35 Tiro cantidad:98 Objeto:Pendiente del Sacrificio
03/10/2015 19:58:36 /DEST
03/10/2015 20:00:34 /CI: 368
03/10/2015 20:00:39 /DEST
03/10/2015 20:00:46 /CI: 386
03/10/2015 20:00:46 Agarro:100 Objeto:Lingote de Hierro
03/10/2015 20:00:50 /CI: 387
03/10/2015 20:00:50 Agarro:100 Objeto:Lingote de Plata
03/10/2015 20:00:55 /CI: 388
03/10/2015 20:00:56 Agarro:100 Objeto:Lingote de Oro
03/10/2015 20:01:12 /MOD SKILLS herreria 100 yo
03/10/2015 20:01:34 /CI: 368
03/10/2015 20:01:36 /DEST
03/10/2015 20:01:42 /CI: 386
03/10/2015 20:01:43 Agarro:100 Objeto:Lingote de Hierro
03/10/2015 20:01:50 /CI: 386
03/10/2015 20:01:50 /CI: 386
03/10/2015 20:01:51 /CI: 386
03/10/2015 20:01:51 /CI: 386
03/10/2015 20:01:52 Agarro:100 Objeto:Lingote de Hierro
03/10/2015 20:01:52 /CI: 386
03/10/2015 20:01:53 Agarro:100 Objeto:Lingote de Hierro
03/10/2015 20:01:54 /CI: 386
03/10/2015 20:01:55 Agarro:100 Objeto:Lingote de Hierro
03/10/2015 20:01:56 /CI: 386
03/10/2015 20:01:57 Agarro:100 Objeto:Lingote de Hierro
03/10/2015 20:01:59 /CI: 386
03/10/2015 20:02:00 Agarro:100 Objeto:Lingote de Hierro
03/10/2015 20:02:01 /CI: 386
03/10/2015 20:02:01 /CI: 386
03/10/2015 20:02:02 /CI: 386
03/10/2015 20:02:02 /CI: 386
03/10/2015 20:02:02 /CI: 386
03/10/2015 20:02:03 /CI: 386
03/10/2015 20:02:03 /CI: 386
03/10/2015 20:02:03 /CI: 386
03/10/2015 20:02:04 /CI: 386
03/10/2015 20:02:04 Agarro:100 Objeto:Lingote de Hierro
03/10/2015 20:02:05 Agarro:100 Objeto:Lingote de Hierro
03/10/2015 20:02:05 Agarro:100 Objeto:Lingote de Hierro
03/10/2015 20:02:05 Agarro:100 Objeto:Lingote de Hierro
03/10/2015 20:02:05 Agarro:100 Objeto:Lingote de Hierro
03/10/2015 20:02:06 Agarro:100 Objeto:Lingote de Hierro
03/10/2015 20:02:07 Agarro:100 Objeto:Lingote de Hierro
03/10/2015 20:02:09 /CI: 386
03/10/2015 20:02:09 /CI: 386
03/10/2015 20:02:09 /CI: 386
03/10/2015 20:02:09 /CI: 386
03/10/2015 20:02:10 /CI: 386
03/10/2015 20:02:10 /CI: 386
03/10/2015 20:02:10 /CI: 386
03/10/2015 20:02:11 /CI: 386
03/10/2015 20:02:11 /CI: 386
03/10/2015 20:02:12 /CI: 386
03/10/2015 20:02:12 /CI: 386
03/10/2015 20:02:12 /CI: 386
03/10/2015 20:02:13 /CI: 386
03/10/2015 20:02:13 /CI: 386
03/10/2015 20:02:13 /CI: 386
03/10/2015 20:02:14 /CI: 386
03/10/2015 20:02:14 /CI: 386
03/10/2015 20:02:15 /CI: 386
03/10/2015 20:02:16 /CI: 386
03/10/2015 20:02:17 /CI: 386
03/10/2015 20:02:18 /CI: 386
03/10/2015 20:02:19 /CI: 386
03/10/2015 20:02:23 /LLUVIA
03/10/2015 20:02:24 Agarro:100 Objeto:Lingote de Hierro
03/10/2015 20:02:24 Agarro:100 Objeto:Lingote de Hierro
03/10/2015 20:02:24 Agarro:100 Objeto:Lingote de Hierro
03/10/2015 20:02:25 Agarro:100 Objeto:Lingote de Hierro
03/10/2015 20:02:25 Agarro:100 Objeto:Lingote de Hierro
03/10/2015 20:02:25 Agarro:100 Objeto:Lingote de Hierro
03/10/2015 20:02:25 Agarro:100 Objeto:Lingote de Hierro
03/10/2015 20:02:26 Agarro:100 Objeto:Lingote de Hierro
03/10/2015 20:02:26 Agarro:100 Objeto:Lingote de Hierro
03/10/2015 20:02:26 Agarro:100 Objeto:Lingote de Hierro
03/10/2015 20:02:26 Agarro:100 Objeto:Lingote de Hierro
03/10/2015 20:02:27 Agarro:100 Objeto:Lingote de Hierro
03/10/2015 20:02:27 Agarro:100 Objeto:Lingote de Hierro
03/10/2015 20:02:27 Agarro:100 Objeto:Lingote de Hierro
03/10/2015 20:02:28 Agarro:100 Objeto:Lingote de Hierro
03/10/2015 20:02:28 Agarro:100 Objeto:Lingote de Hierro
03/10/2015 20:02:28 Agarro:100 Objeto:Lingote de Hierro
03/10/2015 20:02:29 Agarro:100 Objeto:Lingote de Hierro
03/10/2015 20:02:37 /CI: 387
03/10/2015 20:02:38 /CI: 387
03/10/2015 20:02:39 /CI: 387
03/10/2015 20:02:39 /CI: 387
03/10/2015 20:02:40 /CI: 387
03/10/2015 20:02:41 /CI: 387
03/10/2015 20:02:42 Transportó a Saurus hacia Mapa1 X:24 Y:27
03/10/2015 20:02:43 /CI: 387
03/10/2015 20:02:44 Transportó a Saurus hacia Mapa1 X:25 Y:27
03/10/2015 20:02:45 /CI: 387
03/10/2015 20:02:46 Transportó a Saurus hacia Mapa1 X:26 Y:27
03/10/2015 20:02:49 /CI: 387
03/10/2015 20:02:50 Transportó a Saurus hacia Mapa1 X:29 Y:27
03/10/2015 20:02:51 /CI: 387
03/10/2015 20:02:52 Transportó a Saurus hacia Mapa1 X:30 Y:27
03/10/2015 20:02:53 Transportó a Saurus hacia Mapa1 X:28 Y:36
03/10/2015 20:02:55 Transportó a Saurus hacia Mapa1 X:29 Y:27
03/10/2015 20:02:56 Transportó a Saurus hacia Mapa1 X:30 Y:27
03/10/2015 20:02:57 /CI: 387
03/10/2015 20:02:58 Transportó a Saurus hacia Mapa1 X:31 Y:27
03/10/2015 20:02:59 /CI: 387
03/10/2015 20:03:00 /CI: 387
03/10/2015 20:03:01 /CI: 387
03/10/2015 20:03:01 /CI: 387
03/10/2015 20:03:02 /CI: 387
03/10/2015 20:03:02 /CI: 387
03/10/2015 20:03:02 /CI: 387
03/10/2015 20:03:03 /CI: 387
03/10/2015 20:03:03 /CI: 387
03/10/2015 20:03:04 /CI: 387
03/10/2015 20:03:04 /CI: 387
03/10/2015 20:03:05 /CI: 387
03/10/2015 20:03:05 /CI: 387
03/10/2015 20:03:06 /CI: 387
03/10/2015 20:03:06 /CI: 387
03/10/2015 20:03:07 /CI: 387
03/10/2015 20:03:07 /CI: 387
03/10/2015 20:03:08 /CI: 387
03/10/2015 20:03:09 /CI: 387
03/10/2015 20:03:09 /CI: 387
03/10/2015 20:03:10 /CI: 387
03/10/2015 20:03:10 /CI: 387
03/10/2015 20:03:10 /CI: 387
03/10/2015 20:03:11 /CI: 387
03/10/2015 20:03:11 /CI: 387
03/10/2015 20:03:11 /CI: 387
03/10/2015 20:03:12 /CI: 387
03/10/2015 20:03:12 /CI: 387
03/10/2015 20:03:12 /CI: 387
03/10/2015 20:03:13 /CI: 387
03/10/2015 20:03:13 /CI: 387
03/10/2015 20:03:14 /CI: 387
03/10/2015 20:03:14 /CI: 387
03/10/2015 20:03:14 /CI: 387
03/10/2015 20:03:15 /CI: 387
03/10/2015 20:03:15 /CI: 387
03/10/2015 20:03:16 /CI: 387
03/10/2015 20:03:16 /CI: 387
03/10/2015 20:03:16 /CI: 387
03/10/2015 20:03:17 /CI: 387
03/10/2015 20:03:17 /CI: 387
03/10/2015 20:03:18 /CI: 387
03/10/2015 20:03:18 /CI: 387
03/10/2015 20:03:19 /CI: 387
03/10/2015 20:03:19 /CI: 387
03/10/2015 20:03:20 /CI: 387
03/10/2015 20:03:20 /CI: 387
03/10/2015 20:03:21 /CI: 387
03/10/2015 20:03:21 /CI: 387
03/10/2015 20:03:22 /CI: 387
03/10/2015 20:03:22 /CI: 387
03/10/2015 20:03:23 /CI: 387
03/10/2015 20:03:23 /CI: 387
03/10/2015 20:03:23 /CI: 387
03/10/2015 20:03:24 /CI: 387
03/10/2015 20:03:25 /CI: 387
03/10/2015 20:03:25 /CI: 387
03/10/2015 20:03:25 /CI: 387
03/10/2015 20:03:26 /CI: 387
03/10/2015 20:03:27 /CI: 387
03/10/2015 20:03:27 /CI: 387
03/10/2015 20:03:27 /CI: 387
03/10/2015 20:03:28 Transportó a Saurus hacia Mapa1 X:27 Y:30
03/10/2015 20:03:30 /CI: 387
03/10/2015 20:03:30 Transportó a Saurus hacia Mapa1 X:28 Y:30
03/10/2015 20:03:31 /CI: 387
03/10/2015 20:03:32 Agarro:100 Objeto:Lingote de Plata
03/10/2015 20:03:32 Agarro:100 Objeto:Lingote de Plata
03/10/2015 20:03:33 Agarro:100 Objeto:Lingote de Plata
03/10/2015 20:03:33 Agarro:100 Objeto:Lingote de Plata
03/10/2015 20:03:33 Agarro:100 Objeto:Lingote de Plata
03/10/2015 20:03:33 Agarro:100 Objeto:Lingote de Plata
03/10/2015 20:03:36 Agarro:100 Objeto:Lingote de Plata
03/10/2015 20:03:36 Agarro:100 Objeto:Lingote de Plata
03/10/2015 20:03:36 Agarro:100 Objeto:Lingote de Plata
03/10/2015 20:03:37 Agarro:100 Objeto:Lingote de Plata
03/10/2015 20:03:37 Agarro:100 Objeto:Lingote de Plata
03/10/2015 20:03:37 Agarro:100 Objeto:Lingote de Plata
03/10/2015 20:03:37 Agarro:100 Objeto:Lingote de Plata
03/10/2015 20:03:37 Agarro:100 Objeto:Lingote de Plata
03/10/2015 20:03:38 Agarro:100 Objeto:Lingote de Plata
03/10/2015 20:03:38 Agarro:100 Objeto:Lingote de Plata
03/10/2015 20:03:38 Agarro:100 Objeto:Lingote de Plata
03/10/2015 20:03:40 Agarro:100 Objeto:Lingote de Plata
03/10/2015 20:03:41 Agarro:100 Objeto:Lingote de Plata
03/10/2015 20:03:41 Agarro:100 Objeto:Lingote de Plata
03/10/2015 20:03:41 Agarro:100 Objeto:Lingote de Plata
03/10/2015 20:03:41 Agarro:100 Objeto:Lingote de Plata
03/10/2015 20:03:41 Agarro:100 Objeto:Lingote de Plata
03/10/2015 20:03:42 Agarro:100 Objeto:Lingote de Plata
03/10/2015 20:03:42 Agarro:100 Objeto:Lingote de Plata
03/10/2015 20:03:42 Agarro:100 Objeto:Lingote de Plata
03/10/2015 20:03:43 Agarro:100 Objeto:Lingote de Plata
03/10/2015 20:03:43 Agarro:100 Objeto:Lingote de Plata
03/10/2015 20:03:43 Agarro:100 Objeto:Lingote de Plata
03/10/2015 20:03:43 Agarro:100 Objeto:Lingote de Plata
03/10/2015 20:03:44 Agarro:100 Objeto:Lingote de Plata
03/10/2015 20:03:44 Agarro:100 Objeto:Lingote de Plata
03/10/2015 20:03:44 Agarro:100 Objeto:Lingote de Plata
03/10/2015 20:03:44 Agarro:100 Objeto:Lingote de Plata
03/10/2015 20:03:45 Agarro:100 Objeto:Lingote de Plata
03/10/2015 20:03:45 Agarro:100 Objeto:Lingote de Plata
03/10/2015 20:03:45 Agarro:100 Objeto:Lingote de Plata
03/10/2015 20:03:45 Agarro:100 Objeto:Lingote de Plata
03/10/2015 20:03:46 Agarro:100 Objeto:Lingote de Plata
03/10/2015 20:03:46 Agarro:100 Objeto:Lingote de Plata
03/10/2015 20:03:46 Agarro:100 Objeto:Lingote de Plata
03/10/2015 20:03:46 Agarro:100 Objeto:Lingote de Plata
03/10/2015 20:03:47 Agarro:100 Objeto:Lingote de Plata
03/10/2015 20:03:47 Agarro:100 Objeto:Lingote de Plata
03/10/2015 20:03:47 Agarro:100 Objeto:Lingote de Plata
03/10/2015 20:03:47 Agarro:100 Objeto:Lingote de Plata
03/10/2015 20:03:48 Agarro:100 Objeto:Lingote de Plata
03/10/2015 20:03:48 Agarro:100 Objeto:Lingote de Plata
03/10/2015 20:03:48 Agarro:100 Objeto:Lingote de Plata
03/10/2015 20:03:48 Agarro:100 Objeto:Lingote de Plata
03/10/2015 20:03:49 Agarro:100 Objeto:Lingote de Plata
03/10/2015 20:03:49 Agarro:100 Objeto:Lingote de Plata
03/10/2015 20:03:50 Agarro:100 Objeto:Lingote de Plata
03/10/2015 20:03:50 Agarro:100 Objeto:Lingote de Plata
03/10/2015 20:03:50 Agarro:100 Objeto:Lingote de Plata
03/10/2015 20:03:50 Agarro:100 Objeto:Lingote de Plata
03/10/2015 20:03:50 Agarro:100 Objeto:Lingote de Plata
03/10/2015 20:03:51 Agarro:100 Objeto:Lingote de Plata
03/10/2015 20:03:57 /CI: 388
03/10/2015 20:03:58 /CI: 388
03/10/2015 20:03:58 /CI: 388
03/10/2015 20:03:58 /CI: 388
03/10/2015 20:03:59 /CI: 388
03/10/2015 20:03:59 /CI: 388
03/10/2015 20:03:59 /CI: 388
03/10/2015 20:04:00 /CI: 388
03/10/2015 20:04:00 /CI: 388
03/10/2015 20:04:01 /CI: 388
03/10/2015 20:04:01 /CI: 388
03/10/2015 20:04:01 /CI: 388
03/10/2015 20:04:02 /CI: 388
03/10/2015 20:04:02 /CI: 388
03/10/2015 20:04:03 /CI: 388
03/10/2015 20:04:03 /CI: 388
03/10/2015 20:04:04 /CI: 388
03/10/2015 20:04:04 /CI: 388
03/10/2015 20:04:05 /CI: 388
03/10/2015 20:04:05 /CI: 388
03/10/2015 20:04:06 /CI: 388
03/10/2015 20:04:06 /CI: 388
03/10/2015 20:04:06 /CI: 388
03/10/2015 20:04:07 /CI: 388
03/10/2015 20:04:07 /CI: 388
03/10/2015 20:04:08 /CI: 388
03/10/2015 20:04:08 /CI: 388
03/10/2015 20:04:08 /CI: 388
03/10/2015 20:04:09 /CI: 388
03/10/2015 20:04:09 /CI: 388
03/10/2015 20:04:10 /CI: 388
03/10/2015 20:04:10 /CI: 388
03/10/2015 20:04:10 /CI: 388
03/10/2015 20:04:11 /CI: 388
03/10/2015 20:04:11 /CI: 388
03/10/2015 20:04:12 /CI: 388
03/10/2015 20:04:12 /CI: 388
03/10/2015 20:04:13 /CI: 388
03/10/2015 20:04:13 /CI: 388
03/10/2015 20:04:14 /CI: 388
03/10/2015 20:04:14 /CI: 388
03/10/2015 20:04:14 /CI: 388
03/10/2015 20:04:15 /CI: 388
03/10/2015 20:04:15 /CI: 388
03/10/2015 20:04:16 /CI: 388
03/10/2015 20:04:16 /CI: 388
03/10/2015 20:04:18 /CI: 388
03/10/2015 20:04:19 /CI: 388
03/10/2015 20:04:19 /CI: 388
03/10/2015 20:04:20 /CI: 388
03/10/2015 20:04:20 /CI: 388
03/10/2015 20:04:20 /CI: 388
03/10/2015 20:04:21 /CI: 388
03/10/2015 20:04:21 /CI: 388
03/10/2015 20:04:21 /CI: 388
03/10/2015 20:04:21 /CI: 388
03/10/2015 20:04:23 /CI: 388
03/10/2015 20:04:23 /CI: 388
03/10/2015 20:04:24 /CI: 388
03/10/2015 20:04:24 /CI: 388
03/10/2015 20:04:24 /CI: 388
03/10/2015 20:04:25 /CI: 388
03/10/2015 20:04:25 /CI: 388
03/10/2015 20:04:26 /CI: 388
03/10/2015 20:04:27 Agarro:100 Objeto:Lingote de Oro
03/10/2015 20:04:27 Agarro:100 Objeto:Lingote de Oro
03/10/2015 20:04:27 Agarro:100 Objeto:Lingote de Oro
03/10/2015 20:04:27 Agarro:100 Objeto:Lingote de Oro
03/10/2015 20:04:29 Agarro:100 Objeto:Lingote de Oro
03/10/2015 20:04:29 Agarro:100 Objeto:Lingote de Oro
03/10/2015 20:04:29 Agarro:100 Objeto:Lingote de Oro
03/10/2015 20:04:29 Agarro:100 Objeto:Lingote de Oro
03/10/2015 20:04:29 Agarro:100 Objeto:Lingote de Oro
03/10/2015 20:04:30 Agarro:100 Objeto:Lingote de Oro
03/10/2015 20:04:30 Agarro:100 Objeto:Lingote de Oro
03/10/2015 20:04:30 Agarro:100 Objeto:Lingote de Oro
03/10/2015 20:04:30 Agarro:100 Objeto:Lingote de Oro
03/10/2015 20:04:30 Agarro:100 Objeto:Lingote de Oro
03/10/2015 20:04:31 Agarro:100 Objeto:Lingote de Oro
03/10/2015 20:04:31 Agarro:100 Objeto:Lingote de Oro
03/10/2015 20:04:31 Agarro:100 Objeto:Lingote de Oro
03/10/2015 20:04:31 Agarro:100 Objeto:Lingote de Oro
03/10/2015 20:04:32 Agarro:100 Objeto:Lingote de Oro
03/10/2015 20:04:32 Agarro:100 Objeto:Lingote de Oro
03/10/2015 20:04:32 Agarro:100 Objeto:Lingote de Oro
03/10/2015 20:04:33 Agarro:100 Objeto:Lingote de Oro
03/10/2015 20:04:33 Agarro:100 Objeto:Lingote de Oro
03/10/2015 20:04:33 Agarro:100 Objeto:Lingote de Oro
03/10/2015 20:04:33 Agarro:100 Objeto:Lingote de Oro
03/10/2015 20:04:34 Agarro:100 Objeto:Lingote de Oro
03/10/2015 20:04:34 Agarro:100 Objeto:Lingote de Oro
03/10/2015 20:04:34 Agarro:100 Objeto:Lingote de Oro
03/10/2015 20:04:34 Agarro:100 Objeto:Lingote de Oro
03/10/2015 20:04:35 Agarro:100 Objeto:Lingote de Oro
03/10/2015 20:04:35 Agarro:100 Objeto:Lingote de Oro
03/10/2015 20:04:35 Agarro:100 Objeto:Lingote de Oro
03/10/2015 20:04:35 Agarro:100 Objeto:Lingote de Oro
03/10/2015 20:04:35 Agarro:100 Objeto:Lingote de Oro
03/10/2015 20:04:36 Agarro:100 Objeto:Lingote de Oro
03/10/2015 20:04:37 Agarro:100 Objeto:Lingote de Oro
03/10/2015 20:04:37 Agarro:100 Objeto:Lingote de Oro
03/10/2015 20:04:37 Agarro:100 Objeto:Lingote de Oro
03/10/2015 20:04:38 Agarro:100 Objeto:Lingote de Oro
03/10/2015 20:04:38 Agarro:100 Objeto:Lingote de Oro
03/10/2015 20:04:38 Agarro:100 Objeto:Lingote de Oro
03/10/2015 20:04:39 Agarro:100 Objeto:Lingote de Oro
03/10/2015 20:04:39 Agarro:100 Objeto:Lingote de Oro
03/10/2015 20:04:39 Agarro:100 Objeto:Lingote de Oro
03/10/2015 20:04:39 Agarro:100 Objeto:Lingote de Oro
03/10/2015 20:04:39 Agarro:100 Objeto:Lingote de Oro
03/10/2015 20:04:39 Agarro:100 Objeto:Lingote de Oro
03/10/2015 20:04:40 Agarro:100 Objeto:Lingote de Oro
03/10/2015 20:04:40 Agarro:100 Objeto:Lingote de Oro
03/10/2015 20:04:42 Agarro:100 Objeto:Lingote de Oro
03/10/2015 20:06:00 Transportó a Saurus hacia Mapa1 X:37 Y:25
04/10/2015 2:50:05 Se conecto con ip:25.43.98.71
04/10/2015 2:50:09 Se conecto con ip:25.43.98.71
04/10/2015 2:52:52 Se conecto con ip:25.43.98.71
04/10/2015 2:56:02 Transportó a Saurus hacia Mapa1 X:72 Y:26
04/10/2015 2:56:03 Transportó a Saurus hacia Mapa1 X:74 Y:26
04/10/2015 2:56:05 Transportó a Saurus hacia Mapa1 X:60 Y:28
04/10/2015 3:02:37 Se conecto con ip:25.43.98.71
04/10/2015 3:02:41 Transportó a Saurus hacia Mapa1 X:51 Y:26
04/10/2015 3:02:43 Transportó a Saurus hacia Mapa1 X:45 Y:22
04/10/2015 3:02:44 Transportó a Saurus hacia Mapa1 X:40 Y:21
04/10/2015 3:02:44 Transportó a Saurus hacia Mapa1 X:30 Y:21
04/10/2015 3:02:45 Transportó a Saurus hacia Mapa1 X:25 Y:27
04/10/2015 3:02:46 Transportó a Saurus hacia Mapa1 X:28 Y:29
04/10/2015 3:02:47 Transportó a Saurus hacia Mapa1 X:32 Y:34
04/10/2015 3:03:25 Transportó a Saurus hacia Mapa1 X:32 Y:44
04/10/2015 3:03:39 Transportó a Saurus hacia Mapa1 X:22 Y:57
04/10/2015 3:03:44 Transportó a Saurus hacia Mapa1 X:22 Y:57
04/10/2015 3:03:45 Transportó a Saurus hacia Mapa1 X:25 Y:56
04/10/2015 3:03:46 Transportó a Saurus hacia Mapa1 X:28 Y:55
04/10/2015 3:03:46 Transportó a Saurus hacia Mapa1 X:29 Y:54
04/10/2015 3:03:47 Transportó a Saurus hacia Mapa1 X:30 Y:53
04/10/2015 3:03:47 Transportó a Saurus hacia Mapa1 X:31 Y:52
04/10/2015 3:03:48 Transportó a Saurus hacia Mapa1 X:31 Y:49
04/10/2015 3:03:48 Transportó a Saurus hacia Mapa1 X:31 Y:46
04/10/2015 3:03:49 Transportó a Saurus hacia Mapa1 X:31 Y:43
04/10/2015 3:03:49 Transportó a Saurus hacia Mapa1 X:31 Y:41
04/10/2015 3:03:50 Transportó a Saurus hacia Mapa1 X:31 Y:40
04/10/2015 3:03:51 Transportó a Saurus hacia Mapa1 X:28 Y:40
04/10/2015 3:03:51 Transportó a Saurus hacia Mapa1 X:24 Y:40
04/10/2015 3:03:52 Transportó a Saurus hacia Mapa1 X:23 Y:40
04/10/2015 3:03:54 Transportó a Saurus hacia Mapa1 X:23 Y:41
04/10/2015 3:03:54 Transportó a Saurus hacia Mapa1 X:23 Y:42
04/10/2015 3:03:55 Transportó a Saurus hacia Mapa1 X:22 Y:42
04/10/2015 3:03:58 Transportó a Saurus hacia Mapa1 X:23 Y:42
04/10/2015 3:03:58 Transportó a Saurus hacia Mapa1 X:25 Y:42
04/10/2015 3:03:58 Transportó a Saurus hacia Mapa1 X:27 Y:42
04/10/2015 3:03:58 Transportó a Saurus hacia Mapa1 X:29 Y:42
04/10/2015 3:03:59 Transportó a Saurus hacia Mapa1 X:31 Y:42
04/10/2015 3:03:59 Transportó a Saurus hacia Mapa1 X:33 Y:42
04/10/2015 3:03:59 Transportó a Saurus hacia Mapa1 X:37 Y:42
04/10/2015 3:03:59 Transportó a Saurus hacia Mapa1 X:41 Y:42
04/10/2015 3:03:59 Transportó a Saurus hacia Mapa1 X:45 Y:42
04/10/2015 3:04:00 Transportó a Saurus hacia Mapa1 X:50 Y:42
04/10/2015 3:04:00 Transportó a Saurus hacia Mapa1 X:55 Y:42
04/10/2015 3:04:00 Transportó a Saurus hacia Mapa1 X:60 Y:42
04/10/2015 3:04:00 Transportó a Saurus hacia Mapa1 X:65 Y:42
04/10/2015 3:04:00 Transportó a Saurus hacia Mapa1 X:70 Y:42
04/10/2015 3:04:02 Transportó a Saurus hacia Mapa1 X:70 Y:38
04/10/2015 3:04:03 Transportó a Saurus hacia Mapa1 X:69 Y:34
04/10/2015 3:04:03 Transportó a Saurus hacia Mapa1 X:69 Y:30
04/10/2015 3:04:04 Transportó a Saurus hacia Mapa1 X:70 Y:27
04/10/2015 3:04:05 Transportó a Saurus hacia Mapa1 X:71 Y:25
04/10/2015 3:04:06 Transportó a Saurus hacia Mapa1 X:69 Y:19
04/10/2015 3:04:07 Transportó a Saurus hacia Mapa1 X:70 Y:17
04/10/2015 3:04:08 Transportó a Saurus hacia Mapa1 X:70 Y:16
04/10/2015 3:04:09 Transportó a Saurus hacia Mapa1 X:70 Y:14
04/10/2015 3:04:10 Transportó a Saurus hacia Mapa1 X:70 Y:12
04/10/2015 3:04:10 Transportó a Saurus hacia Mapa1 X:70 Y:10
04/10/2015 3:04:11 Transportó a Saurus hacia Mapa1 X:70 Y:12
04/10/2015 3:04:12 Transportó a Saurus hacia Mapa1 X:70 Y:14
04/10/2015 3:04:12 Transportó a Saurus hacia Mapa1 X:70 Y:16
04/10/2015 3:04:13 Transportó a Saurus hacia Mapa1 X:70 Y:17
04/10/2015 3:04:14 Transportó a Saurus hacia Mapa1 X:70 Y:18
04/10/2015 3:04:14 Transportó a Saurus hacia Mapa1 X:70 Y:20
04/10/2015 3:04:15 Transportó a Saurus hacia Mapa1 X:70 Y:22
04/10/2015 3:04:15 Transportó a Saurus hacia Mapa1 X:70 Y:24
04/10/2015 3:04:16 Transportó a Saurus hacia Mapa1 X:70 Y:26
04/10/2015 3:04:16 Transportó a Saurus hacia Mapa1 X:70 Y:28
04/10/2015 3:04:17 Transportó a Saurus hacia Mapa1 X:70 Y:30
04/10/2015 3:04:17 Transportó a Saurus hacia Mapa1 X:70 Y:32
04/10/2015 3:04:20 Transportó a Saurus hacia Mapa1 X:70 Y:34
04/10/2015 3:04:21 Transportó a Saurus hacia Mapa1 X:70 Y:36
04/10/2015 3:04:21 Transportó a Saurus hacia Mapa1 X:70 Y:38
04/10/2015 3:04:22 Transportó a Saurus hacia Mapa1 X:70 Y:40
04/10/2015 3:04:23 Transportó a Saurus hacia Mapa1 X:70 Y:42
04/10/2015 3:04:24 Transportó a Saurus hacia Mapa1 X:70 Y:44
04/10/2015 3:04:24 Transportó a Saurus hacia Mapa1 X:73 Y:45
04/10/2015 3:04:25 Transportó a Saurus hacia Mapa1 X:77 Y:45
04/10/2015 3:04:25 Transportó a Saurus hacia Mapa1 X:82 Y:47
04/10/2015 3:04:26 Transportó a Saurus hacia Mapa1 X:87 Y:46
04/10/2015 3:04:27 Transportó a Saurus hacia Mapa1 X:86 Y:44
04/10/2015 3:04:28 Transportó a Saurus hacia Mapa1 X:86 Y:42
04/10/2015 3:04:28 Transportó a Saurus hacia Mapa1 X:86 Y:40
04/10/2015 3:04:29 Transportó a Saurus hacia Mapa1 X:86 Y:38
04/10/2015 3:04:29 Transportó a Saurus hacia Mapa1 X:86 Y:36
04/10/2015 3:04:29 Transportó a Saurus hacia Mapa1 X:86 Y:34
04/10/2015 3:04:30 Transportó a Saurus hacia Mapa1 X:86 Y:32
04/10/2015 3:04:30 Transportó a Saurus hacia Mapa1 X:86 Y:30
04/10/2015 3:04:30 Transportó a Saurus hacia Mapa1 X:86 Y:28
04/10/2015 3:04:31 Transportó a Saurus hacia Mapa1 X:86 Y:26
04/10/2015 3:04:33 Transportó a Saurus hacia Mapa1 X:86 Y:26
04/10/2015 3:04:34 Transportó a Saurus hacia Mapa1 X:86 Y:27
04/10/2015 3:04:35 Transportó a Saurus hacia Mapa1 X:88 Y:27
04/10/2015 3:04:36 Transportó a Saurus hacia Mapa1 X:87 Y:27
04/10/2015 3:04:40 Transportó a Saurus hacia Mapa1 X:87 Y:38
04/10/2015 3:04:41 Transportó a Saurus hacia Mapa1 X:87 Y:30
04/10/2015 3:04:41 Transportó a Saurus hacia Mapa1 X:87 Y:22
04/10/2015 3:04:42 Transportó a Saurus hacia Mapa1 X:87 Y:16
04/10/2015 3:04:43 Transportó a Saurus hacia Mapa1 X:85 Y:18
04/10/2015 3:04:44 Transportó a Saurus hacia Mapa1 X:82 Y:21
04/10/2015 3:05:55 Transportó a Saurus hacia Mapa1 X:60 Y:81
04/10/2015 3:05:58 Agarro:1 Objeto:Pendiente del Sacrificio
04/10/2015 3:06:02 Tiro cantidad:1 Objeto:Pendiente del Sacrificio
04/10/2015 3:07:03 Se conecto con ip:25.43.98.71
04/10/2015 3:07:06 Agarro:1 Objeto:Pendiente del Sacrificio
04/10/2015 14:20:55 Se conecto con ip:25.43.98.71
04/10/2015 14:23:03 Se conecto con ip:25.43.98.71
04/10/2015 14:27:39 Se conecto con ip:25.43.98.71
04/10/2015 14:27:56 Se conecto con ip:25.43.98.71
04/10/2015 14:29:19 Se conecto con ip:25.43.98.71
04/10/2015 14:30:28 Se conecto con ip:25.43.98.71
04/10/2015 14:39:32 Se conecto con ip:25.43.98.71
04/10/2015 14:51:59 Se conecto con ip:25.43.98.71
04/10/2015 14:53:07 Transportó a Saurus hacia Mapa1 X:53 Y:43
04/10/2015 14:53:07 Transportó a Saurus hacia Mapa1 X:56 Y:39
04/10/2015 14:53:12 Transportó a Saurus hacia Mapa1 X:58 Y:42
04/10/2015 14:53:44 Transportó a Saurus hacia Mapa1 X:50 Y:50
04/10/2015 14:54:01 Transportó a Saurus hacia Mapa3 X:50 Y:50
04/10/2015 14:54:02 Transportó a Saurus hacia Mapa3 X:47 Y:54
04/10/2015 14:54:09 Transportó a Saurus hacia Mapa3 X:40 Y:60
04/10/2015 14:59:40 Se conecto con ip:25.43.98.71
04/10/2015 14:59:48 Transportó a Saurus hacia Mapa1 X:50 Y:50
04/10/2015 15:00:44 Transportó a Saurus hacia Mapa1 X:53 Y:48
04/10/2015 15:02:55 Se conecto con ip:25.43.98.71
04/10/2015 15:03:01 Transportó a Saurus hacia Mapa1 X:40 Y:25
04/10/2015 15:03:02 Transportó a Saurus hacia Mapa1 X:30 Y:24
04/10/2015 15:03:08 Transportó a Saurus hacia Mapa1 X:32 Y:26
04/10/2015 15:03:15 Transportó a Saurus hacia Mapa1 X:31 Y:31
04/10/2015 15:03:28 Transportó a Saurus hacia Mapa2 X:50 Y:50
04/10/2015 15:03:44 Transportó a Saurus hacia Mapa2 X:18 Y:24
04/10/2015 15:04:39 Transportó a Saurus hacia Mapa2 X:45 Y:84
04/10/2015 15:05:35 Se conecto con ip:25.43.98.71
04/10/2015 15:29:36 Se conecto con ip:25.43.98.71
04/10/2015 15:29:53 Transportó a Saurus hacia Mapa2 X:17 Y:28
04/10/2015 19:43:55 Se conecto con ip:25.43.98.71
04/10/2015 19:43:57 Transportó a Saurus hacia Mapa2 X:20 Y:22
04/10/2015 19:44:04 Transportó a Saurus hacia Mapa3 X:50 Y:50
04/10/2015 19:44:05 Transportó a Saurus hacia Mapa3 X:49 Y:54
04/10/2015 19:54:13 Se conecto con ip:25.43.98.71
04/10/2015 19:54:15 Transportó a Saurus hacia Mapa3 X:52 Y:59
04/10/2015 19:54:16 Transportó a Saurus hacia Mapa3 X:51 Y:58
04/10/2015 19:54:17 Transportó a Saurus hacia Mapa3 X:52 Y:58
04/10/2015 19:54:17 Transportó a Saurus hacia Mapa3 X:50 Y:57
04/10/2015 19:54:18 Transportó a Saurus hacia Mapa3 X:51 Y:56
04/10/2015 19:54:19 Transportó a Saurus hacia Mapa3 X:49 Y:55
04/10/2015 19:54:19 Transportó a Saurus hacia Mapa3 X:49 Y:54
04/10/2015 19:54:20 Transportó a Saurus hacia Mapa3 X:48 Y:53
04/10/2015 19:54:20 Transportó a Saurus hacia Mapa3 X:50 Y:51
04/10/2015 19:54:20 Transportó a Saurus hacia Mapa3 X:51 Y:48
04/10/2015 19:54:20 Transportó a Saurus hacia Mapa3 X:49 Y:44
04/10/2015 19:54:20 Transportó a Saurus hacia Mapa3 X:49 Y:40
04/10/2015 19:54:20 Transportó a Saurus hacia Mapa3 X:52 Y:35
04/10/2015 19:54:20 Transportó a Saurus hacia Mapa3 X:50 Y:30
04/10/2015 19:54:21 Transportó a Saurus hacia Mapa3 X:55 Y:25
04/10/2015 19:54:21 Transportó a Saurus hacia Mapa3 X:50 Y:20
04/10/2015 19:54:21 Transportó a Saurus hacia Mapa3 X:54 Y:17
04/10/2015 19:54:21 Transportó a Saurus hacia Mapa3 X:53 Y:20
04/10/2015 19:54:21 Transportó a Saurus hacia Mapa3 X:55 Y:24
04/10/2015 19:54:21 Transportó a Saurus hacia Mapa3 X:56 Y:28
04/10/2015 19:54:22 Transportó a Saurus hacia Mapa3 X:52 Y:31
04/10/2015 19:54:22 Transportó a Saurus hacia Mapa3 X:49 Y:34
04/10/2015 19:54:22 Transportó a Saurus hacia Mapa3 X:46 Y:38
04/10/2015 19:54:22 Transportó a Saurus hacia Mapa3 X:44 Y:43
04/10/2015 19:54:22 Transportó a Saurus hacia Mapa3 X:42 Y:48
04/10/2015 19:54:22 Transportó a Saurus hacia Mapa3 X:40 Y:53
04/10/2015 19:54:23 Transportó a Saurus hacia Mapa3 X:43 Y:58
04/10/2015 19:54:26 Transportó a Saurus hacia Mapa1 X:13 Y:18
04/10/2015 19:54:26 Transportó a Saurus hacia Mapa1 X:16 Y:23
04/10/2015 19:54:27 Transportó a Saurus hacia Mapa1 X:19 Y:29
04/10/2015 19:54:27 Transportó a Saurus hacia Mapa1 X:22 Y:33
04/10/2015 21:22:20 Se conecto con ip:25.43.98.71
05/10/2015 20:29:38 Se conecto con ip:25.43.98.71
