SAURUS completó el nivel 1 en 10,405 segundos.
SAURUS completó el nivel 2 en 3,666 segundos.
SAURUS completó el nivel 3 en 4,088 segundos.
SAURUS completó el nivel 4 en 3,51 segundos.
SAURUS completó el nivel 5 en 3,354 segundos.
SAURUS completó el nivel 6 en 3,525 segundos.
SAURUS completó el nivel 7 en 3,51 segundos.
SAURUS completó el nivel 8 en 3,23 segundos.
SAURUS completó el nivel 9 en 3,151 segundos.
SAURUS completó el nivel 10 en 3,432 segundos.
SAURUS completó el nivel 11 en 97,017 segundos.
SAURUS completó el nivel 12 en 73,523 segundos.
SAURUS completó el nivel 13 en 13,291 segundos.
SAURUS completó el nivel 14 en 21,076 segundos.
SAURUS completó el nivel 15 en 58,017 segundos.
SAURUS completó el nivel 16 en 27,144 segundos.
SAURUS completó el nivel 17 en 32,838 segundos.
SAURUS completó el nivel 18 en 46,769 segundos.
SAURUS completó el nivel 19 en 17,285 segundos.
SAURUS completó el nivel 20 en 15,491 segundos.
SAURUS completó el nivel 21 en 0 segundos.
SAURUS completó el nivel 22 en 0 segundos.
SAURUS completó el nivel 23 en 0 segundos.
SAURUS completó el nivel 24 en 0 segundos.
SAURUS completó el nivel 25 en 0 segundos.
SAURUS completó el nivel 26 en 9,937 segundos.
SAURUS completó el nivel 27 en 0 segundos.
SAURUS completó el nivel 28 en 0 segundos.
SAURUS completó el nivel 29 en 0 segundos.
SAURUS completó el nivel 30 en 0 segundos.
SAURUS completó el nivel 31 en 0 segundos.
SAURUS completó el nivel 32 en 0 segundos.
SAURUS completó el nivel 33 en 0 segundos.
SAURUS completó el nivel 34 en 0 segundos.
SAURUS completó el nivel 35 en 10,109 segundos.
SAURUS completó el nivel 36 en 0 segundos.
SAURUS completó el nivel 37 en 0 segundos.
SAURUS completó el nivel 38 en 1,794 segundos.
SAURUS completó el nivel 39 en 0 segundos.
SAURUS completó el nivel 40 en 1,31 segundos.
SAURUS completó el nivel 41 en 1,326 segundos.
SAURUS completó el nivel 42 en 1,046 segundos.
SAURUS completó el nivel 43 en 0,811 segundos.
SAURUS completó el nivel 44 en 1,763 segundos.
SAURUS completó el nivel 45 en 3,962 segundos.
SAURUS completó el nivel 46 en 5,912 segundos.
SAURUS completó el nivel 47 en 3,495 segundos.
SAURUS completó el nivel 48 en 5,491 segundos.
SAURUS completó el nivel 49 en 19,953 segundos.
ZENITRAM completó el nivel 1 en 86,69 segundos.
ZENITRAM completó el nivel 2 en 0,016 segundos.
ZENITRAM completó el nivel 3 en 0 segundos.
ZENITRAM completó el nivel 4 en 0 segundos.
ZENITRAM completó el nivel 5 en 0 segundos.
ZENITRAM completó el nivel 6 en 0 segundos.
ZENITRAM completó el nivel 7 en 0 segundos.
ZENITRAM completó el nivel 8 en 0,016 segundos.
ZENITRAM completó el nivel 9 en 0 segundos.
ZENITRAM completó el nivel 10 en 0 segundos.
ZENITRAM completó el nivel 11 en 0 segundos.
ZENITRAM completó el nivel 12 en 0 segundos.
ZENITRAM completó el nivel 13 en 0 segundos.
ZENITRAM completó el nivel 14 en 0 segundos.
ZENITRAM completó el nivel 15 en 0 segundos.
ZENITRAM completó el nivel 16 en 0 segundos.
ZENITRAM completó el nivel 17 en 0 segundos.
ZENITRAM completó el nivel 18 en 0 segundos.
ZENITRAM completó el nivel 19 en 0 segundos.
ZENITRAM completó el nivel 20 en 0 segundos.
ZENITRAM completó el nivel 21 en 0 segundos.
ZENITRAM completó el nivel 22 en 0 segundos.
ZENITRAM completó el nivel 23 en 0 segundos.
ZENITRAM completó el nivel 24 en 0 segundos.
ZENITRAM completó el nivel 25 en 0 segundos.
ZENITRAM completó el nivel 26 en 0 segundos.
ZENITRAM completó el nivel 27 en 0 segundos.
ZENITRAM completó el nivel 28 en 0 segundos.
ZENITRAM completó el nivel 29 en 0 segundos.
ZENITRAM completó el nivel 30 en 0 segundos.
ZENITRAM completó el nivel 31 en 0 segundos.
ZENITRAM completó el nivel 32 en 0 segundos.
ZENITRAM completó el nivel 33 en 0 segundos.
ZENITRAM completó el nivel 34 en 0 segundos.
ZENITRAM completó el nivel 35 en 0 segundos.
ZENITRAM completó el nivel 36 en 0 segundos.
ZENITRAM completó el nivel 37 en 0 segundos.
ZENITRAM completó el nivel 38 en 0 segundos.
ZENITRAM completó el nivel 39 en 0 segundos.
ZENITRAM completó el nivel 40 en 0 segundos.
ZENITRAM completó el nivel 41 en 0,031 segundos.
ZENITRAM completó el nivel 42 en 0 segundos.
ZENITRAM completó el nivel 43 en 0 segundos.
ZENITRAM completó el nivel 44 en 0 segundos.
ZENITRAM completó el nivel 45 en 0 segundos.
ZENITRAM completó el nivel 46 en 25,303 segundos.
ZENITRAM completó el nivel 47 en 0 segundos.
ZENITRAM completó el nivel 48 en 0 segundos.
ZENITRAM completó el nivel 49 en 0 segundos.
NHERAQ completó el nivel 1 en 729,452 segundos.
NHERAQ completó el nivel 2 en 0 segundos.
NHERAQ completó el nivel 3 en 0 segundos.
NHERAQ completó el nivel 4 en 0 segundos.
NHERAQ completó el nivel 5 en 0 segundos.
NHERAQ completó el nivel 6 en 0 segundos.
NHERAQ completó el nivel 7 en 0 segundos.
NHERAQ completó el nivel 8 en 0,015 segundos.
NHERAQ completó el nivel 9 en 0 segundos.
NHERAQ completó el nivel 10 en 0 segundos.
NHERAQ completó el nivel 11 en 0 segundos.
NHERAQ completó el nivel 12 en 0 segundos.
NHERAQ completó el nivel 13 en 0 segundos.
NHERAQ completó el nivel 14 en 0 segundos.
NHERAQ completó el nivel 15 en 0 segundos.
NHERAQ completó el nivel 16 en 0,016 segundos.
NHERAQ completó el nivel 17 en 0 segundos.
NHERAQ completó el nivel 18 en 0 segundos.
NHERAQ completó el nivel 19 en 0 segundos.
NHERAQ completó el nivel 20 en 0 segundos.
NHERAQ completó el nivel 21 en 0,015 segundos.
NHERAQ completó el nivel 22 en 0 segundos.
NHERAQ completó el nivel 23 en 0 segundos.
NHERAQ completó el nivel 24 en 0 segundos.
NHERAQ completó el nivel 25 en 0 segundos.
NHERAQ completó el nivel 26 en 0 segundos.
NHERAQ completó el nivel 27 en 0 segundos.
NHERAQ completó el nivel 28 en 0 segundos.
NHERAQ completó el nivel 29 en 0 segundos.
NHERAQ completó el nivel 30 en 0 segundos.
NHERAQ completó el nivel 31 en 0,016 segundos.
NHERAQ completó el nivel 32 en 0 segundos.
NHERAQ completó el nivel 33 en 0 segundos.
NHERAQ completó el nivel 34 en 0 segundos.
NHERAQ completó el nivel 35 en 0 segundos.
NHERAQ completó el nivel 36 en 0 segundos.
NHERAQ completó el nivel 37 en 0 segundos.
NHERAQ completó el nivel 38 en 0 segundos.
NHERAQ completó el nivel 39 en 0 segundos.
NHERAQ completó el nivel 40 en 0 segundos.
NHERAQ completó el nivel 41 en 0 segundos.
NHERAQ completó el nivel 42 en 0,016 segundos.
NHERAQ completó el nivel 43 en 0 segundos.
NHERAQ completó el nivel 44 en 0 segundos.
NHERAQ completó el nivel 45 en 0 segundos.
NHERAQ completó el nivel 46 en 0 segundos.
NHERAQ completó el nivel 47 en 0 segundos.
NHERAQ completó el nivel 48 en 0,015 segundos.
NHERAQ completó el nivel 49 en 0 segundos.
LIAST completó el nivel 1 en 163,676 segundos.
LIAST completó el nivel 2 en 0,016 segundos.
LIAST completó el nivel 3 en 0 segundos.
LIAST completó el nivel 4 en 0 segundos.
LIAST completó el nivel 5 en 0 segundos.
LIAST completó el nivel 6 en 0 segundos.
LIAST completó el nivel 7 en 0 segundos.
LIAST completó el nivel 8 en 0 segundos.
LIAST completó el nivel 9 en 0,015 segundos.
LIAST completó el nivel 10 en 0 segundos.
LIAST completó el nivel 11 en 0 segundos.
LIAST completó el nivel 12 en 0 segundos.
LIAST completó el nivel 13 en 0 segundos.
LIAST completó el nivel 14 en 0 segundos.
LIAST completó el nivel 15 en 0 segundos.
LIAST completó el nivel 16 en 0 segundos.
LIAST completó el nivel 17 en 0 segundos.
LIAST completó el nivel 18 en 0 segundos.
LIAST completó el nivel 19 en 0 segundos.
LIAST completó el nivel 20 en 0,031 segundos.
LIAST completó el nivel 21 en 0 segundos.
LIAST completó el nivel 22 en 0 segundos.
LIAST completó el nivel 23 en 0 segundos.
LIAST completó el nivel 24 en 0 segundos.
LIAST completó el nivel 25 en 0 segundos.
LIAST completó el nivel 26 en 0 segundos.
LIAST completó el nivel 27 en 0,016 segundos.
LIAST completó el nivel 28 en 0 segundos.
LIAST completó el nivel 29 en 0 segundos.
LIAST completó el nivel 30 en 0 segundos.
LIAST completó el nivel 31 en 0 segundos.
LIAST completó el nivel 32 en 0,016 segundos.
LIAST completó el nivel 33 en 0 segundos.
LIAST completó el nivel 34 en 0 segundos.
LIAST completó el nivel 35 en 10,732 segundos.
LIAST completó el nivel 36 en 0 segundos.
LIAST completó el nivel 37 en 0 segundos.
LIAST completó el nivel 38 en 0 segundos.
LIAST completó el nivel 39 en 1,732 segundos.
LIAST completó el nivel 40 en 1,934 segundos.
LIAST completó el nivel 41 en 0 segundos.
LIAST completó el nivel 42 en 2,699 segundos.
LIAST completó el nivel 43 en 1,482 segundos.
LIAST completó el nivel 44 en 2,777 segundos.
LIAST completó el nivel 45 en 2,636 segundos.
SR WORFOOD completó el nivel 1 en 101,091 segundos.
SR WORFOOD completó el nivel 2 en 0 segundos.
SR WORFOOD completó el nivel 3 en 0 segundos.
SR WORFOOD completó el nivel 4 en 0 segundos.
SR WORFOOD completó el nivel 5 en 0 segundos.
SR WORFOOD completó el nivel 6 en 0 segundos.
SR WORFOOD completó el nivel 7 en 0,016 segundos.
SR WORFOOD completó el nivel 8 en 0 segundos.
SR WORFOOD completó el nivel 9 en 0 segundos.
SR WORFOOD completó el nivel 10 en 0 segundos.
SR WORFOOD completó el nivel 11 en 0 segundos.
SR WORFOOD completó el nivel 12 en 0 segundos.
SR WORFOOD completó el nivel 13 en 0 segundos.
SR WORFOOD completó el nivel 14 en 0 segundos.
SR WORFOOD completó el nivel 15 en 0 segundos.
SR WORFOOD completó el nivel 16 en 0 segundos.
SR WORFOOD completó el nivel 17 en 0 segundos.
SR WORFOOD completó el nivel 18 en 0 segundos.
SR WORFOOD completó el nivel 19 en 0 segundos.
SR WORFOOD completó el nivel 20 en 0 segundos.
SR WORFOOD completó el nivel 21 en 0 segundos.
SR WORFOOD completó el nivel 22 en 0 segundos.
SR WORFOOD completó el nivel 23 en 0 segundos.
SR WORFOOD completó el nivel 24 en 0,015 segundos.
SR WORFOOD completó el nivel 25 en 0 segundos.
SR WORFOOD completó el nivel 26 en 0 segundos.
SR WORFOOD completó el nivel 27 en 0 segundos.
SR WORFOOD completó el nivel 28 en 0 segundos.
SR WORFOOD completó el nivel 29 en 0 segundos.
SR WORFOOD completó el nivel 30 en 0 segundos.
SR WORFOOD completó el nivel 31 en 0 segundos.
SR WORFOOD completó el nivel 32 en 0 segundos.
SR WORFOOD completó el nivel 33 en 0 segundos.
SR WORFOOD completó el nivel 34 en 0 segundos.
SR WORFOOD completó el nivel 35 en 0 segundos.
SR WORFOOD completó el nivel 36 en 0 segundos.
SR WORFOOD completó el nivel 37 en 0 segundos.
SR WORFOOD completó el nivel 38 en 0,016 segundos.
SR WORFOOD completó el nivel 39 en 0 segundos.
SR WORFOOD completó el nivel 40 en 0 segundos.
SR WORFOOD completó el nivel 41 en 0 segundos.
SR WORFOOD completó el nivel 42 en 0 segundos.
SR WORFOOD completó el nivel 43 en 0 segundos.
SR WORFOOD completó el nivel 44 en 0 segundos.
SR WORFOOD completó el nivel 45 en 0 segundos.
SR WORFOOD completó el nivel 46 en 0 segundos.
SR WORFOOD completó el nivel 47 en 0 segundos.
SR WORFOOD completó el nivel 48 en 0 segundos.
SR WORFOOD completó el nivel 49 en 0 segundos.
TEST JAJA completó el nivel 1 en 341,241 segundos.
TEST JAJA completó el nivel 2 en 0 segundos.
TOLKIEN completó el nivel 1 en 523,602 segundos.
TOLKIEN completó el nivel 2 en 12,542 segundos.
TOLKIEN completó el nivel 3 en 6,443 segundos.
TOLKIEN completó el nivel 4 en 12,948 segundos.
TOLKIEN completó el nivel 5 en 0 segundos.
TOLKIEN completó el nivel 6 en 0 segundos.
TOLKIEN completó el nivel 7 en 0 segundos.
TOLKIEN completó el nivel 8 en 0 segundos.
TOLKIEN completó el nivel 9 en 0 segundos.
TOLKIEN completó el nivel 10 en 0 segundos.
TOLKIEN completó el nivel 11 en 0 segundos.
TOLKIEN completó el nivel 12 en 0 segundos.
TOLKIEN completó el nivel 13 en 0 segundos.
TOLKIEN completó el nivel 14 en 0 segundos.
TOLKIEN completó el nivel 15 en 0 segundos.
TOLKIEN completó el nivel 16 en 0 segundos.
TOLKIEN completó el nivel 17 en 0 segundos.
TOLKIEN completó el nivel 18 en 0 segundos.
TOLKIEN completó el nivel 19 en 0 segundos.
TOLKIEN completó el nivel 20 en 0,016 segundos.
TOLKIEN completó el nivel 21 en 0 segundos.
TOLKIEN completó el nivel 22 en 0 segundos.
TOLKIEN completó el nivel 23 en 0 segundos.
TOLKIEN completó el nivel 24 en 0 segundos.
TOLKIEN completó el nivel 25 en 0 segundos.
TOLKIEN completó el nivel 26 en 0 segundos.
TOLKIEN completó el nivel 27 en 0,015 segundos.
TOLKIEN completó el nivel 28 en 0 segundos.
TOLKIEN completó el nivel 29 en 0 segundos.
TOLKIEN completó el nivel 30 en 0 segundos.
TOLKIEN completó el nivel 31 en 0 segundos.
TOLKIEN completó el nivel 32 en 0 segundos.
TOLKIEN completó el nivel 33 en 0 segundos.
TOLKIEN completó el nivel 34 en 0 segundos.
TOLKIEN completó el nivel 35 en 4,852 segundos.
TOLKIEN completó el nivel 36 en 0 segundos.
TOLKIEN completó el nivel 37 en 0 segundos.
TOLKIEN completó el nivel 38 en 0 segundos.
TOLKIEN completó el nivel 39 en 0 segundos.
TOLKIEN completó el nivel 40 en 0 segundos.
TOLKIEN completó el nivel 41 en 0 segundos.
TOLKIEN completó el nivel 42 en 0,016 segundos.
TOLKIEN completó el nivel 43 en 0 segundos.
TOLKIEN completó el nivel 44 en 0 segundos.
TOLKIEN completó el nivel 45 en 0 segundos.
TOLKIEN completó el nivel 46 en 0 segundos.
TOLKIEN completó el nivel 47 en 0 segundos.
TOLKIEN completó el nivel 48 en 0 segundos.
TOLKIEN completó el nivel 49 en 0 segundos.
KRIXNHAR completó el nivel 40 en 113949,761 segundos.
LEAGUE OF LEGENDS completó el nivel 1 en 1153,013 segundos.
LEAGUE OF LEGENDS completó el nivel 2 en 0 segundos.
LEAGUE OF LEGENDS completó el nivel 3 en 0 segundos.
LEAGUE OF LEGENDS completó el nivel 4 en 0 segundos.
LEAGUE OF LEGENDS completó el nivel 5 en 0 segundos.
LEAGUE OF LEGENDS completó el nivel 6 en 0 segundos.
LEAGUE OF LEGENDS completó el nivel 7 en 0 segundos.
LEAGUE OF LEGENDS completó el nivel 8 en 0 segundos.
LEAGUE OF LEGENDS completó el nivel 9 en 0 segundos.
LEAGUE OF LEGENDS completó el nivel 10 en 0 segundos.
LEAGUE OF LEGENDS completó el nivel 11 en 0 segundos.
LEAGUE OF LEGENDS completó el nivel 12 en 0 segundos.
LEAGUE OF LEGENDS completó el nivel 13 en 0 segundos.
LEAGUE OF LEGENDS completó el nivel 14 en 0 segundos.
LEAGUE OF LEGENDS completó el nivel 15 en 0 segundos.
LEAGUE OF LEGENDS completó el nivel 16 en 0 segundos.
LEAGUE OF LEGENDS completó el nivel 17 en 0 segundos.
LEAGUE OF LEGENDS completó el nivel 18 en 0 segundos.
LEAGUE OF LEGENDS completó el nivel 19 en 0 segundos.
LEAGUE OF LEGENDS completó el nivel 20 en 0 segundos.
LEAGUE OF LEGENDS completó el nivel 21 en 0,015 segundos.
LEAGUE OF LEGENDS completó el nivel 22 en 0 segundos.
LEAGUE OF LEGENDS completó el nivel 23 en 0 segundos.
LEAGUE OF LEGENDS completó el nivel 24 en 0 segundos.
LEAGUE OF LEGENDS completó el nivel 25 en 0 segundos.
LEAGUE OF LEGENDS completó el nivel 26 en 0 segundos.
LEAGUE OF LEGENDS completó el nivel 27 en 0 segundos.
LEAGUE OF LEGENDS completó el nivel 28 en 0 segundos.
LEAGUE OF LEGENDS completó el nivel 29 en 0 segundos.
LEAGUE OF LEGENDS completó el nivel 30 en 0 segundos.
LEAGUE OF LEGENDS completó el nivel 31 en 0 segundos.
LEAGUE OF LEGENDS completó el nivel 32 en 0 segundos.
LEAGUE OF LEGENDS completó el nivel 33 en 0 segundos.
LEAGUE OF LEGENDS completó el nivel 34 en 0 segundos.
LEAGUE OF LEGENDS completó el nivel 35 en 0 segundos.
LEAGUE OF LEGENDS completó el nivel 36 en 0 segundos.
LEAGUE OF LEGENDS completó el nivel 37 en 0 segundos.
LEAGUE OF LEGENDS completó el nivel 38 en 0 segundos.
LEAGUE OF LEGENDS completó el nivel 39 en 0,016 segundos.
LEAGUE OF LEGENDS completó el nivel 40 en 0 segundos.
LEAGUE OF LEGENDS completó el nivel 41 en 0 segundos.
LEAGUE OF LEGENDS completó el nivel 42 en 0 segundos.
LEAGUE OF LEGENDS completó el nivel 43 en 0 segundos.
LEAGUE OF LEGENDS completó el nivel 44 en 0 segundos.
LEAGUE OF LEGENDS completó el nivel 45 en 0 segundos.
LEAGUE OF LEGENDS completó el nivel 46 en 0 segundos.
LEAGUE OF LEGENDS completó el nivel 47 en 0 segundos.
LEAGUE OF LEGENDS completó el nivel 48 en 0 segundos.
LEAGUE OF LEGENDS completó el nivel 49 en 0 segundos.
LEAGUE OF LEGENDS completó el nivel 1 en 1304,274 segundos.
LEAGUE OF LEGENDS completó el nivel 2 en 0 segundos.
LEAGUE OF LEGENDS completó el nivel 3 en 6,24 segundos.
CACAII completó el nivel 1 en 615,435 segundos.
CACAII completó el nivel 2 en 0 segundos.
CACAII completó el nivel 3 en 131,524 segundos.
