01/11/2016 1:55:09 Markitos paso a nivel 2 gano HP: 3
01/11/2016 1:55:09 Markitos paso a nivel 3 gano HP: 3
01/11/2016 1:55:11 Markitos paso a nivel 4 gano HP: 6
01/11/2016 1:55:20 Markitos paso a nivel 5 gano HP: 5
01/11/2016 1:55:20 Markitos paso a nivel 6 gano HP: 3
01/11/2016 1:55:32 Markitos paso a nivel 7 gano HP: 7
01/11/2016 1:55:43 Markitos paso a nivel 8 gano HP: 4
01/11/2016 1:56:03 Markitos paso a nivel 9 gano HP: 3
01/11/2016 1:56:30 Markitos paso a nivel 10 gano HP: 3
01/11/2016 1:57:15 Markitos paso a nivel 11 gano HP: 6
01/11/2016 1:57:53 Markitos paso a nivel 12 gano HP: 5
01/11/2016 1:58:01 Markitos paso a nivel 13 gano HP: 7
01/11/2016 2:04:19 boin paso a nivel 2 gano HP: 6
01/11/2016 2:04:19 boin paso a nivel 3 gano HP: 4
01/11/2016 2:04:19 boin paso a nivel 4 gano HP: 7
01/11/2016 2:04:19 boin paso a nivel 5 gano HP: 6
01/11/2016 2:04:19 boin paso a nivel 6 gano HP: 6
01/11/2016 2:04:19 boin paso a nivel 7 gano HP: 6
01/11/2016 2:04:19 boin paso a nivel 8 gano HP: 3
01/11/2016 2:04:19 boin paso a nivel 9 gano HP: 5
01/11/2016 2:04:19 boin paso a nivel 10 gano HP: 6
01/11/2016 2:04:19 boin paso a nivel 11 gano HP: 5
01/11/2016 2:04:19 boin paso a nivel 12 gano HP: 5
01/11/2016 2:04:19 boin paso a nivel 13 gano HP: 6
02/11/2016 1:25:24 Jak paso a nivel 2 gano HP: 6
02/11/2016 1:25:24 Jak paso a nivel 3 gano HP: 5
02/11/2016 1:25:24 Jak paso a nivel 4 gano HP: 8
02/11/2016 1:25:24 Jak paso a nivel 5 gano HP: 6
02/11/2016 1:25:24 Jak paso a nivel 6 gano HP: 4
02/11/2016 1:25:24 Jak paso a nivel 7 gano HP: 8
02/11/2016 1:25:24 Jak paso a nivel 8 gano HP: 8
02/11/2016 1:25:24 Jak paso a nivel 9 gano HP: 8
02/11/2016 1:25:26 Jak paso a nivel 10 gano HP: 4
02/11/2016 1:25:26 Jak paso a nivel 11 gano HP: 6
02/11/2016 1:25:28 Jak paso a nivel 12 gano HP: 4
02/11/2016 1:25:29 Jak paso a nivel 13 gano HP: 8
02/11/2016 2:49:28 aqwes paso a nivel 2 gano HP: 6
02/11/2016 2:49:28 aqwes paso a nivel 3 gano HP: 5
02/11/2016 2:49:28 aqwes paso a nivel 4 gano HP: 6
02/11/2016 2:49:28 aqwes paso a nivel 5 gano HP: 6
02/11/2016 2:49:28 aqwes paso a nivel 6 gano HP: 4
02/11/2016 2:49:28 aqwes paso a nivel 7 gano HP: 4
02/11/2016 2:49:28 aqwes paso a nivel 8 gano HP: 8
02/11/2016 2:49:28 aqwes paso a nivel 9 gano HP: 6
02/11/2016 2:49:33 aqwes paso a nivel 10 gano HP: 5
02/11/2016 2:49:33 aqwes paso a nivel 11 gano HP: 8
02/11/2016 2:49:41 aqwes paso a nivel 12 gano HP: 7
02/11/2016 2:49:51 aqwes paso a nivel 13 gano HP: 4
02/11/2016 2:56:10 orco paso a nivel 2 gano HP: 12
02/11/2016 2:56:43 orco paso a nivel 3 gano HP: 11
02/11/2016 2:56:48 orco paso a nivel 4 gano HP: 12
02/11/2016 2:56:48 orco paso a nivel 5 gano HP: 11
02/11/2016 2:56:48 orco paso a nivel 6 gano HP: 12
02/11/2016 2:56:48 orco paso a nivel 7 gano HP: 9
02/11/2016 2:56:48 orco paso a nivel 8 gano HP: 12
02/11/2016 2:56:58 orco paso a nivel 9 gano HP: 8
02/11/2016 2:56:58 orco paso a nivel 10 gano HP: 10
02/11/2016 2:56:58 orco paso a nivel 11 gano HP: 9
02/11/2016 2:57:03 orco paso a nivel 12 gano HP: 10
02/11/2016 2:57:08 orco paso a nivel 13 gano HP: 8
04/11/2016 2:48:55 aqwes compró del NPC 1000 Poción Amarilla
04/11/2016 2:48:56 aqwes compró del NPC 1000 Poción Azul
04/11/2016 2:48:56 aqwes compró del NPC 1000 Poción Azul
04/11/2016 2:48:57 aqwes compró del NPC 1000 Poción Azul
04/11/2016 2:48:57 aqwes compró del NPC 1000 Poción Azul
04/11/2016 2:48:58 aqwes compró del NPC 1000 Poción Roja
04/11/2016 2:48:58 aqwes compró del NPC 1000 Poción Roja
04/11/2016 2:48:59 aqwes compró del NPC 1000 Poción Roja
04/11/2016 2:48:59 aqwes compró del NPC 1000 Poción Roja
04/11/2016 2:49:00 aqwes compró del NPC 1000 Poción Roja
04/11/2016 2:49:01 aqwes compró del NPC 1000 Poción Azul
04/11/2016 2:49:02 aqwes compró del NPC 1000 Poción Verde
05/11/2016 1:05:38 carlos paso a nivel 2 gano HP: 11
05/11/2016 1:05:38 carlos paso a nivel 3 gano HP: 8
05/11/2016 1:05:38 carlos paso a nivel 4 gano HP: 9
05/11/2016 1:05:38 carlos paso a nivel 5 gano HP: 7
05/11/2016 1:05:38 carlos paso a nivel 6 gano HP: 11
05/11/2016 1:05:38 carlos paso a nivel 7 gano HP: 10
05/11/2016 1:05:38 carlos paso a nivel 8 gano HP: 9
05/11/2016 1:05:38 carlos paso a nivel 9 gano HP: 8
05/11/2016 1:05:39 carlos paso a nivel 10 gano HP: 9
05/11/2016 1:05:39 carlos paso a nivel 11 gano HP: 8
05/11/2016 1:05:43 carlos paso a nivel 12 gano HP: 8
05/11/2016 1:05:46 carlos paso a nivel 13 gano HP: 11
05/11/2016 1:08:56 La paso a nivel 2 gano HP: 9
05/11/2016 1:08:56 La paso a nivel 3 gano HP: 11
05/11/2016 1:08:56 La paso a nivel 4 gano HP: 11
05/11/2016 1:08:56 La paso a nivel 5 gano HP: 10
05/11/2016 1:08:56 La paso a nivel 6 gano HP: 9
05/11/2016 1:08:56 La paso a nivel 7 gano HP: 8
05/11/2016 1:08:56 La paso a nivel 8 gano HP: 10
05/11/2016 1:08:57 La paso a nivel 9 gano HP: 12
05/11/2016 1:08:57 La paso a nivel 10 gano HP: 11
05/11/2016 1:08:57 La paso a nivel 11 gano HP: 11
05/11/2016 1:08:59 La paso a nivel 12 gano HP: 12
05/11/2016 1:09:03 La paso a nivel 13 gano HP: 9
05/11/2016 1:12:44 lalad paso a nivel 2 gano HP: 4
05/11/2016 1:12:44 lalad paso a nivel 3 gano HP: 3
05/11/2016 1:12:44 lalad paso a nivel 4 gano HP: 6
05/11/2016 1:12:44 lalad paso a nivel 5 gano HP: 6
05/11/2016 1:12:44 lalad paso a nivel 6 gano HP: 7
05/11/2016 1:12:44 lalad paso a nivel 7 gano HP: 4
05/11/2016 1:12:44 lalad paso a nivel 8 gano HP: 7
05/11/2016 1:12:56 lalad paso a nivel 9 gano HP: 6
05/11/2016 1:12:56 lalad paso a nivel 10 gano HP: 5
05/11/2016 1:13:10 lalad paso a nivel 11 gano HP: 4
05/11/2016 1:13:17 lalad paso a nivel 12 gano HP: 5
05/11/2016 1:13:37 lalad paso a nivel 13 gano HP: 3
05/11/2016 1:13:37 lalad paso a nivel 14 gano HP: 6
05/11/2016 1:20:38 sagsa paso a nivel 2 gano HP: 11
05/11/2016 1:20:38 sagsa paso a nivel 3 gano HP: 11
05/11/2016 1:20:38 sagsa paso a nivel 4 gano HP: 10
05/11/2016 1:20:38 sagsa paso a nivel 5 gano HP: 9
05/11/2016 1:20:38 sagsa paso a nivel 6 gano HP: 7
05/11/2016 1:20:38 sagsa paso a nivel 7 gano HP: 7
05/11/2016 1:20:38 sagsa paso a nivel 8 gano HP: 11
05/11/2016 1:20:38 sagsa paso a nivel 9 gano HP: 7
05/11/2016 1:20:38 sagsa paso a nivel 10 gano HP: 8
05/11/2016 1:20:38 sagsa paso a nivel 11 gano HP: 9
05/11/2016 1:20:38 sagsa paso a nivel 12 gano HP: 8
05/11/2016 1:21:08 sagsa paso a nivel 13 gano HP: 9
05/11/2016 1:26:24 LGGALALA paso a nivel 2 gano HP: 10
05/11/2016 1:26:24 LGGALALA paso a nivel 3 gano HP: 11
05/11/2016 1:26:24 LGGALALA paso a nivel 4 gano HP: 12
05/11/2016 1:26:24 LGGALALA paso a nivel 5 gano HP: 10
05/11/2016 1:26:24 LGGALALA paso a nivel 6 gano HP: 10
05/11/2016 1:26:24 LGGALALA paso a nivel 7 gano HP: 9
05/11/2016 1:26:24 LGGALALA paso a nivel 8 gano HP: 10
05/11/2016 1:26:24 LGGALALA paso a nivel 9 gano HP: 12
05/11/2016 1:26:24 LGGALALA paso a nivel 10 gano HP: 12
05/11/2016 1:26:24 LGGALALA paso a nivel 11 gano HP: 12
05/11/2016 1:26:24 LGGALALA paso a nivel 12 gano HP: 10
05/11/2016 1:26:24 LGGALALA paso a nivel 13 gano HP: 9
05/11/2016 1:26:24 LGGALALA paso a nivel 14 gano HP: 10
05/11/2016 1:36:27 jaqw paso a nivel 2 gano HP: 8
05/11/2016 1:36:42 jaqw paso a nivel 3 gano HP: 5
05/11/2016 1:36:42 jaqw paso a nivel 4 gano HP: 4
05/11/2016 1:36:42 jaqw paso a nivel 5 gano HP: 7
05/11/2016 1:36:42 jaqw paso a nivel 6 gano HP: 5
05/11/2016 1:36:42 jaqw paso a nivel 7 gano HP: 8
05/11/2016 1:36:42 jaqw paso a nivel 8 gano HP: 5
05/11/2016 1:36:42 jaqw paso a nivel 9 gano HP: 6
05/11/2016 1:36:42 jaqw paso a nivel 10 gano HP: 6
05/11/2016 1:36:42 jaqw paso a nivel 11 gano HP: 8
05/11/2016 1:36:42 jaqw paso a nivel 12 gano HP: 6
05/11/2016 1:36:42 jaqw paso a nivel 13 gano HP: 5
05/11/2016 1:36:42 jaqw paso a nivel 14 gano HP: 5
05/11/2016 1:36:42 jaqw paso a nivel 15 gano HP: 8
05/11/2016 1:36:42 jaqw paso a nivel 16 gano HP: 5
08/11/2016 22:53:29 Ter paso a nivel 2 gano HP: 7
08/11/2016 22:53:30 Ter paso a nivel 3 gano HP: 5
08/11/2016 22:53:30 Ter paso a nivel 4 gano HP: 5
08/11/2016 22:53:43 Ter paso a nivel 5 gano HP: 8
08/11/2016 22:53:59 Ter paso a nivel 6 gano HP: 7
08/11/2016 22:54:34 Ter paso a nivel 7 gano HP: 6
08/11/2016 22:54:51 Ter paso a nivel 8 gano HP: 8
08/11/2016 22:55:19 Ter paso a nivel 9 gano HP: 7
08/11/2016 22:56:44 Ter paso a nivel 10 gano HP: 5
08/11/2016 22:59:28 Ter paso a nivel 11 gano HP: 4
08/11/2016 23:02:00 Ter paso a nivel 12 gano HP: 5
08/11/2016 23:05:13 Ter paso a nivel 13 gano HP: 6
08/11/2016 23:25:25 Test paso a nivel 2 gano HP: 9
08/11/2016 23:25:25 Test paso a nivel 3 gano HP: 9
08/11/2016 23:25:28 Test paso a nivel 4 gano HP: 10
08/11/2016 23:25:35 Test paso a nivel 5 gano HP: 10
08/11/2016 23:25:41 Test paso a nivel 6 gano HP: 8
08/11/2016 23:26:24 Test paso a nivel 7 gano HP: 11
08/11/2016 23:26:43 Test paso a nivel 8 gano HP: 11
08/11/2016 23:27:17 Test paso a nivel 9 gano HP: 11
08/11/2016 23:28:20 Test paso a nivel 10 gano HP: 8
08/11/2016 23:31:26 Test paso a nivel 11 gano HP: 8
08/11/2016 23:33:01 Test paso a nivel 12 gano HP: 9
08/11/2016 23:36:04 Test paso a nivel 13 gano HP: 9
09/11/2016 5:02:29 Crip paso a nivel 2 gano HP: 6
09/11/2016 5:02:38 Crip paso a nivel 3 gano HP: 5
09/11/2016 5:02:38 Crip paso a nivel 4 gano HP: 8
09/11/2016 5:06:06 crip paso a nivel 5 gano HP: 7
09/11/2016 5:06:06 crip paso a nivel 6 gano HP: 5
09/11/2016 5:06:06 crip paso a nivel 7 gano HP: 7
09/11/2016 5:06:06 crip paso a nivel 8 gano HP: 5
09/11/2016 5:06:06 crip paso a nivel 9 gano HP: 7
09/11/2016 5:06:06 crip paso a nivel 10 gano HP: 5
09/11/2016 5:06:06 crip paso a nivel 11 gano HP: 6
09/11/2016 5:06:06 crip paso a nivel 12 gano HP: 6
09/11/2016 5:06:06 crip paso a nivel 13 gano HP: 7
09/11/2016 5:06:06 crip paso a nivel 14 gano HP: 6
09/11/2016 5:06:06 crip paso a nivel 15 gano HP: 7
09/11/2016 5:06:06 crip paso a nivel 16 gano HP: 6
09/11/2016 5:06:06 crip paso a nivel 17 gano HP: 6
09/11/2016 5:06:06 crip paso a nivel 18 gano HP: 8
09/11/2016 5:06:06 crip paso a nivel 19 gano HP: 8
09/11/2016 5:06:06 crip paso a nivel 20 gano HP: 8
09/11/2016 5:06:06 crip paso a nivel 21 gano HP: 6
09/11/2016 5:06:06 crip paso a nivel 22 gano HP: 5
09/11/2016 5:06:06 crip paso a nivel 23 gano HP: 8
09/11/2016 5:06:06 crip paso a nivel 24 gano HP: 7
09/11/2016 5:06:06 crip paso a nivel 25 gano HP: 7
09/11/2016 5:06:06 crip paso a nivel 26 gano HP: 6
09/11/2016 5:06:06 crip paso a nivel 27 gano HP: 7
09/11/2016 5:06:06 crip paso a nivel 28 gano HP: 8
09/11/2016 5:06:06 crip paso a nivel 29 gano HP: 5
09/11/2016 5:06:06 crip paso a nivel 30 gano HP: 6
09/11/2016 5:06:06 crip paso a nivel 31 gano HP: 5
09/11/2016 5:06:07 crip paso a nivel 32 gano HP: 6
09/11/2016 5:06:07 crip paso a nivel 33 gano HP: 8
09/11/2016 5:06:07 crip paso a nivel 34 gano HP: 7
09/11/2016 5:06:07 crip paso a nivel 35 gano HP: 8
09/11/2016 5:06:07 crip paso a nivel 36 gano HP: 5
09/11/2016 5:06:07 crip paso a nivel 37 gano HP: 7
09/11/2016 5:06:07 crip paso a nivel 38 gano HP: 8
09/11/2016 5:06:07 crip paso a nivel 39 gano HP: 6
09/11/2016 5:06:07 crip paso a nivel 40 gano HP: 6
09/11/2016 5:06:08 crip paso a nivel 41 gano HP: 8
09/11/2016 5:06:08 crip paso a nivel 42 gano HP: 7
09/11/2016 5:06:09 crip paso a nivel 43 gano HP: 5
09/11/2016 5:06:09 crip paso a nivel 44 gano HP: 6
09/11/2016 5:06:10 crip paso a nivel 45 gano HP: 6
09/11/2016 5:06:11 crip paso a nivel 46 gano HP: 7
09/11/2016 5:06:12 crip paso a nivel 47 gano HP: 8
09/11/2016 5:06:14 crip paso a nivel 48 gano HP: 8
09/11/2016 5:06:16 crip paso a nivel 49 gano HP: 5
09/11/2016 5:06:19 crip paso a nivel 50 gano HP: 6
10/11/2016 1:52:20 qwe paso a nivel 2 gano HP: 5
10/11/2016 1:52:27 qwe paso a nivel 3 gano HP: 7
10/11/2016 1:52:41 qwe paso a nivel 4 gano HP: 5
10/11/2016 1:52:42 qwe paso a nivel 5 gano HP: 7
10/11/2016 1:56:57 qwe paso a nivel 6 gano HP: 4
12/11/2016 0:31:42 testando paso a nivel 2 gano HP: 7
12/11/2016 0:31:48 testando paso a nivel 3 gano HP: 5
12/11/2016 0:31:49 testando paso a nivel 4 gano HP: 8
12/11/2016 0:32:07 testando paso a nivel 5 gano HP: 7
12/11/2016 0:32:15 testando paso a nivel 6 gano HP: 5
12/11/2016 19:00:06 lalala paso a nivel 2 gano HP: 7
12/11/2016 19:00:06 lalala paso a nivel 3 gano HP: 6
12/11/2016 19:00:08 lalala paso a nivel 4 gano HP: 7
12/11/2016 19:00:11 lalala paso a nivel 5 gano HP: 7
12/11/2016 19:00:31 lalala paso a nivel 6 gano HP: 6
12/11/2016 19:00:54 lalala paso a nivel 7 gano HP: 7
12/11/2016 19:02:26 lalala paso a nivel 8 gano HP: 3
12/11/2016 23:19:05 columbus paso a nivel 2 gano HP: 7
12/11/2016 23:22:02 columbus paso a nivel 3 gano HP: 8
12/11/2016 23:22:05 columbus paso a nivel 4 gano HP: 5
13/11/2016 0:36:17 Cre paso a nivel 2 gano HP: 5
13/11/2016 0:36:26 Cre paso a nivel 3 gano HP: 7
13/11/2016 0:36:26 Cre paso a nivel 4 gano HP: 5
13/11/2016 0:36:34 Cre paso a nivel 5 gano HP: 3
13/11/2016 0:36:46 Cre paso a nivel 6 gano HP: 6
13/11/2016 0:37:07 Cre paso a nivel 7 gano HP: 7
13/11/2016 0:39:22 Cre paso a nivel 8 gano HP: 7
13/11/2016 23:01:36 CXa paso a nivel 2 gano HP: 4
13/11/2016 23:01:39 CXa paso a nivel 3 gano HP: 5
13/11/2016 23:01:39 CXa paso a nivel 4 gano HP: 4
13/11/2016 23:02:19 CXa paso a nivel 5 gano HP: 7
13/11/2016 23:02:26 CXa paso a nivel 6 gano HP: 5
13/11/2016 23:20:15 Tromboliko paso a nivel 2 gano HP: 8
13/11/2016 23:20:17 Tromboliko paso a nivel 3 gano HP: 7
13/11/2016 23:20:17 Tromboliko paso a nivel 4 gano HP: 5
13/11/2016 23:20:42 Tromboliko paso a nivel 5 gano HP: 5
13/11/2016 23:23:14 Tromboliko paso a nivel 6 gano HP: 8
13/11/2016 23:24:11 Tromboliko paso a nivel 7 gano HP: 6
13/11/2016 23:40:13 tromboliko paso a nivel 8 gano HP: 5
13/11/2016 23:40:52 tromboliko paso a nivel 9 gano HP: 6
14/11/2016 0:08:19 Aqwes paso a nivel 2 gano HP: 8
14/11/2016 0:08:19 Aqwes paso a nivel 3 gano HP: 8
14/11/2016 0:08:30 Aqwes paso a nivel 4 gano HP: 8
14/11/2016 0:08:35 Aqwes paso a nivel 5 gano HP: 12
14/11/2016 0:08:59 Aqwes paso a nivel 6 gano HP: 12
14/11/2016 0:09:16 Aqwes paso a nivel 7 gano HP: 11
14/11/2016 0:10:43 Aqwes paso a nivel 8 gano HP: 12
14/11/2016 0:11:34 Aqwes paso a nivel 9 gano HP: 9
14/11/2016 0:12:20 Aqwes paso a nivel 10 gano HP: 8
14/11/2016 0:12:52 Aqwes paso a nivel 11 gano HP: 11
14/11/2016 0:15:02 Aqwes paso a nivel 12 gano HP: 12
14/11/2016 0:16:53 Aqwes paso a nivel 13 gano HP: 9
14/11/2016 23:31:51 chek paso a nivel 2 gano HP: 5
14/11/2016 23:31:54 chek paso a nivel 3 gano HP: 6
14/11/2016 23:31:58 chek paso a nivel 4 gano HP: 3
14/11/2016 23:32:28 chek paso a nivel 5 gano HP: 5
14/11/2016 23:32:31 chek paso a nivel 6 gano HP: 6
14/11/2016 23:33:39 chek paso a nivel 7 gano HP: 6
14/11/2016 23:34:19 chek paso a nivel 8 gano HP: 3
14/11/2016 23:34:53 chek paso a nivel 9 gano HP: 5
14/11/2016 23:35:32 chek paso a nivel 10 gano HP: 7
14/11/2016 23:36:40 chek paso a nivel 11 gano HP: 5
14/11/2016 23:39:16 chek paso a nivel 12 gano HP: 7
14/11/2016 23:42:31 chek paso a nivel 13 gano HP: 5
15/11/2016 0:49:58 na paso a nivel 2 gano HP: 6
15/11/2016 0:49:58 na paso a nivel 3 gano HP: 5
15/11/2016 0:50:04 na paso a nivel 4 gano HP: 4
15/11/2016 0:50:05 na paso a nivel 5 gano HP: 4
15/11/2016 0:52:40 na paso a nivel 6 gano HP: 5
15/11/2016 1:31:32 rara paso a nivel 2 gano HP: 4
15/11/2016 1:31:38 rara paso a nivel 3 gano HP: 4
15/11/2016 1:31:38 rara paso a nivel 4 gano HP: 3
15/11/2016 1:31:58 rara paso a nivel 5 gano HP: 4
15/11/2016 1:32:41 rara paso a nivel 6 gano HP: 4
15/11/2016 1:33:43 rara paso a nivel 7 gano HP: 3
