MARKITOS completó el nivel 1 en 60,622 segundos.
MARKITOS completó el nivel 2 en 0 segundos.
MARKITOS completó el nivel 3 en 1,763 segundos.
MARKITOS completó el nivel 4 en 9,656 segundos.
MARKITOS completó el nivel 5 en 0 segundos.
MARKITOS completó el nivel 6 en 12,044 segundos.
MARKITOS completó el nivel 7 en 10,452 segundos.
MARKITOS completó el nivel 8 en 20,405 segundos.
MARKITOS completó el nivel 9 en 26,286 segundos.
MARKITOS completó el nivel 10 en 45,63 segundos.
MARKITOS completó el nivel 11 en 37,877 segundos.
MARKITOS completó el nivel 12 en 8,393 segundos.
BOIN completó el nivel 1 en 33,492 segundos.
BOIN completó el nivel 2 en 0 segundos.
BOIN completó el nivel 3 en 0 segundos.
BOIN completó el nivel 4 en 0 segundos.
BOIN completó el nivel 5 en 0 segundos.
BOIN completó el nivel 6 en 0 segundos.
BOIN completó el nivel 7 en 0 segundos.
BOIN completó el nivel 8 en 0 segundos.
BOIN completó el nivel 9 en 0,016 segundos.
BOIN completó el nivel 10 en 0 segundos.
BOIN completó el nivel 11 en 0 segundos.
BOIN completó el nivel 12 en 0 segundos.
JAK completó el nivel 1 en 29,89 segundos.
JAK completó el nivel 2 en 0,016 segundos.
JAK completó el nivel 3 en 0 segundos.
JAK completó el nivel 4 en 0 segundos.
JAK completó el nivel 5 en 0 segundos.
JAK completó el nivel 6 en 0 segundos.
JAK completó el nivel 7 en 0 segundos.
JAK completó el nivel 8 en 0 segundos.
JAK completó el nivel 9 en 1,857 segundos.
JAK completó el nivel 10 en 0 segundos.
JAK completó el nivel 11 en 1,607 segundos.
JAK completó el nivel 12 en 1,669 segundos.
AQWES completó el nivel 1 en 139,531 segundos.
AQWES completó el nivel 2 en 0,015 segundos.
AQWES completó el nivel 3 en 0 segundos.
AQWES completó el nivel 4 en 0 segundos.
AQWES completó el nivel 5 en 0 segundos.
AQWES completó el nivel 6 en 0 segundos.
AQWES completó el nivel 7 en 0 segundos.
AQWES completó el nivel 8 en 0 segundos.
AQWES completó el nivel 9 en 4,852 segundos.
AQWES completó el nivel 10 en 0 segundos.
AQWES completó el nivel 11 en 8,065 segundos.
AQWES completó el nivel 12 en 9,859 segundos.
ORCO completó el nivel 1 en 18,221 segundos.
ORCO completó el nivel 2 en 32,433 segundos.
ORCO completó el nivel 3 en 5,46 segundos.
ORCO completó el nivel 4 en 0 segundos.
ORCO completó el nivel 5 en 0 segundos.
ORCO completó el nivel 6 en 0 segundos.
ORCO completó el nivel 7 en 0 segundos.
ORCO completó el nivel 8 en 9,672 segundos.
ORCO completó el nivel 9 en 0 segundos.
ORCO completó el nivel 10 en 0 segundos.
ORCO completó el nivel 11 en 5,71 segundos.
ORCO completó el nivel 12 en 4,836 segundos.
CARLOS completó el nivel 1 en 25,725 segundos.
CARLOS completó el nivel 2 en 0,016 segundos.
CARLOS completó el nivel 3 en 0 segundos.
CARLOS completó el nivel 4 en 0 segundos.
CARLOS completó el nivel 5 en 0 segundos.
CARLOS completó el nivel 6 en 0 segundos.
CARLOS completó el nivel 7 en 0 segundos.
CARLOS completó el nivel 8 en 0 segundos.
CARLOS completó el nivel 9 en 1,466 segundos.
CARLOS completó el nivel 10 en 0 segundos.
CARLOS completó el nivel 11 en 3,417 segundos.
CARLOS completó el nivel 12 en 3,354 segundos.
LA completó el nivel 1 en 22,293 segundos.
LA completó el nivel 2 en 0 segundos.
LA completó el nivel 3 en 0 segundos.
LA completó el nivel 4 en 0 segundos.
LA completó el nivel 5 en 0 segundos.
LA completó el nivel 6 en 0 segundos.
LA completó el nivel 7 en 0 segundos.
LA completó el nivel 8 en 1,653 segundos.
LA completó el nivel 9 en 0 segundos.
LA completó el nivel 10 en 0 segundos.
LA completó el nivel 11 en 1,529 segundos.
LA completó el nivel 12 en 4,43 segundos.
LALAD completó el nivel 1 en 48,22 segundos.
LALAD completó el nivel 2 en 0 segundos.
LALAD completó el nivel 3 en 0 segundos.
LALAD completó el nivel 4 en 0 segundos.
LALAD completó el nivel 5 en 0 segundos.
LALAD completó el nivel 6 en 0 segundos.
LALAD completó el nivel 7 en 0 segundos.
LALAD completó el nivel 8 en 12,152 segundos.
LALAD completó el nivel 9 en 0 segundos.
LALAD completó el nivel 10 en 14,274 segundos.
LALAD completó el nivel 11 en 6,708 segundos.
LALAD completó el nivel 12 en 20,733 segundos.
LALAD completó el nivel 13 en 0,015 segundos.
SAGSA completó el nivel 1 en 115,518 segundos.
SAGSA completó el nivel 2 en 0 segundos.
SAGSA completó el nivel 3 en 0,016 segundos.
SAGSA completó el nivel 4 en 0 segundos.
SAGSA completó el nivel 5 en 0 segundos.
SAGSA completó el nivel 6 en 0 segundos.
SAGSA completó el nivel 7 en 0 segundos.
SAGSA completó el nivel 8 en 0 segundos.
SAGSA completó el nivel 9 en 0 segundos.
SAGSA completó el nivel 10 en 0 segundos.
SAGSA completó el nivel 11 en 0 segundos.
SAGSA completó el nivel 12 en 30,139 segundos.
LGGALALA completó el nivel 1 en 158,412 segundos.
LGGALALA completó el nivel 2 en 0 segundos.
LGGALALA completó el nivel 3 en 0 segundos.
LGGALALA completó el nivel 4 en 0 segundos.
LGGALALA completó el nivel 5 en 0 segundos.
LGGALALA completó el nivel 6 en 0 segundos.
LGGALALA completó el nivel 7 en 0 segundos.
LGGALALA completó el nivel 8 en 0 segundos.
LGGALALA completó el nivel 9 en 0 segundos.
LGGALALA completó el nivel 10 en 0 segundos.
LGGALALA completó el nivel 11 en 0 segundos.
LGGALALA completó el nivel 12 en 0 segundos.
LGGALALA completó el nivel 13 en 0 segundos.
JAQW completó el nivel 1 en 11,154 segundos.
JAQW completó el nivel 2 en 14,68 segundos.
JAQW completó el nivel 3 en 0 segundos.
JAQW completó el nivel 4 en 0 segundos.
JAQW completó el nivel 5 en 0 segundos.
JAQW completó el nivel 6 en 0 segundos.
JAQW completó el nivel 7 en 0 segundos.
JAQW completó el nivel 8 en 0 segundos.
JAQW completó el nivel 9 en 0,015 segundos.
JAQW completó el nivel 10 en 0 segundos.
JAQW completó el nivel 11 en 0 segundos.
JAQW completó el nivel 12 en 0 segundos.
JAQW completó el nivel 13 en 0 segundos.
JAQW completó el nivel 14 en 0 segundos.
JAQW completó el nivel 15 en 0 segundos.
TER completó el nivel 1 en 34,133 segundos.
TER completó el nivel 2 en 1,576 segundos.
TER completó el nivel 3 en 0 segundos.
TER completó el nivel 4 en 12,933 segundos.
TER completó el nivel 5 en 15,646 segundos.
TER completó el nivel 6 en 35,038 segundos.
TER completó el nivel 7 en 17,363 segundos.
TER completó el nivel 8 en 27,566 segundos.
TER completó el nivel 9 en 84,864 segundos.
TER completó el nivel 10 en 164,144 segundos.
TER completó el nivel 11 en 151,477 segundos.
TER completó el nivel 12 en 193,551 segundos.
TEST completó el nivel 1 en 18,018 segundos.
TEST completó el nivel 2 en 0 segundos.
TEST completó el nivel 3 en 3,245 segundos.
TEST completó el nivel 4 en 6,692 segundos.
TEST completó el nivel 5 en 6,443 segundos.
TEST completó el nivel 6 en 42,838 segundos.
TEST completó el nivel 7 en 19,219 segundos.
TEST completó el nivel 8 en 33,93 segundos.
TEST completó el nivel 9 en 62,229 segundos.
TEST completó el nivel 10 en 186,421 segundos.
TEST completó el nivel 11 en 95,488 segundos.
TEST completó el nivel 12 en 182,522 segundos.
CRIP completó el nivel 1 en 24,882 segundos.
CRIP completó el nivel 2 en 8,284 segundos.
CRIP completó el nivel 3 en 0 segundos.
CRIP completó el nivel 4 en 89,747 segundos.
CRIP completó el nivel 5 en 0 segundos.
CRIP completó el nivel 6 en 0 segundos.
CRIP completó el nivel 7 en 0 segundos.
CRIP completó el nivel 8 en 0 segundos.
CRIP completó el nivel 9 en 0 segundos.
CRIP completó el nivel 10 en 0 segundos.
CRIP completó el nivel 11 en 0 segundos.
CRIP completó el nivel 12 en 0 segundos.
CRIP completó el nivel 13 en 0,016 segundos.
CRIP completó el nivel 14 en 0 segundos.
CRIP completó el nivel 15 en 0 segundos.
CRIP completó el nivel 16 en 0 segundos.
CRIP completó el nivel 17 en 0 segundos.
CRIP completó el nivel 18 en 0 segundos.
CRIP completó el nivel 19 en 0 segundos.
CRIP completó el nivel 20 en 0 segundos.
CRIP completó el nivel 21 en 0 segundos.
CRIP completó el nivel 22 en 0 segundos.
CRIP completó el nivel 23 en 0 segundos.
CRIP completó el nivel 24 en 0 segundos.
CRIP completó el nivel 25 en 0 segundos.
CRIP completó el nivel 26 en 0 segundos.
CRIP completó el nivel 27 en 0 segundos.
CRIP completó el nivel 28 en 0 segundos.
CRIP completó el nivel 29 en 0 segundos.
CRIP completó el nivel 30 en 0 segundos.
CRIP completó el nivel 31 en 1,029 segundos.
CRIP completó el nivel 32 en 0 segundos.
CRIP completó el nivel 33 en 0 segundos.
CRIP completó el nivel 34 en 0 segundos.
CRIP completó el nivel 35 en 0 segundos.
CRIP completó el nivel 36 en 0,141 segundos.
CRIP completó el nivel 37 en 0,062 segundos.
CRIP completó el nivel 38 en 0,109 segundos.
CRIP completó el nivel 39 en 0,343 segundos.
CRIP completó el nivel 40 en 0,172 segundos.
CRIP completó el nivel 41 en 0,561 segundos.
CRIP completó el nivel 42 en 0,39 segundos.
CRIP completó el nivel 43 en 0,577 segundos.
CRIP completó el nivel 44 en 0,905 segundos.
CRIP completó el nivel 45 en 0,967 segundos.
CRIP completó el nivel 46 en 1,342 segundos.
CRIP completó el nivel 47 en 1,622 segundos.
CRIP completó el nivel 48 en 2,262 segundos.
CRIP completó el nivel 49 en 2,699 segundos.
QWE completó el nivel 1 en 12,714 segundos.
QWE completó el nivel 2 en 7,644 segundos.
QWE completó el nivel 3 en 13,229 segundos.
QWE completó el nivel 4 en 1,638 segundos.
QWE completó el nivel 5 en 254,422 segundos.
TESTANDO completó el nivel 1 en 15,132 segundos.
TESTANDO completó el nivel 2 en 6,162 segundos.
TESTANDO completó el nivel 3 en 0,858 segundos.
TESTANDO completó el nivel 4 en 18,845 segundos.
TESTANDO completó el nivel 5 en 7,254 segundos.
LALALA completó el nivel 1 en 40,139 segundos.
LALALA completó el nivel 2 en 0,031 segundos.
LALALA completó el nivel 3 en 1,576 segundos.
LALALA completó el nivel 4 en 3,229 segundos.
LALALA completó el nivel 5 en 20,514 segundos.
LALALA completó el nivel 6 en 22,839 segundos.
LALALA completó el nivel 7 en 91,65 segundos.
COLUMBUS completó el nivel 1 en 49,255 segundos.
COLUMBUS completó el nivel 2 en 94,528 segundos.
COLUMBUS completó el nivel 3 en 3,182 segundos.
CRE completó el nivel 1 en 24,164 segundos.
CRE completó el nivel 2 en 9,11 segundos.
CRE completó el nivel 3 en 0 segundos.
CRE completó el nivel 4 en 8,237 segundos.
CRE completó el nivel 5 en 11,107 segundos.
CRE completó el nivel 6 en 21,076 segundos.
CRE completó el nivel 7 en 135,83 segundos.
CXA completó el nivel 1 en 13,042 segundos.
CXA completó el nivel 2 en 3,089 segundos.
CXA completó el nivel 3 en 0,016 segundos.
CXA completó el nivel 4 en 39,655 segundos.
CXA completó el nivel 5 en 6,958 segundos.
TROMBOLIKO completó el nivel 1 en 64,466 segundos.
TROMBOLIKO completó el nivel 2 en 1,622 segundos.
TROMBOLIKO completó el nivel 3 en 0 segundos.
TROMBOLIKO completó el nivel 4 en 25,241 segundos.
TROMBOLIKO completó el nivel 5 en 152,055 segundos.
TROMBOLIKO completó el nivel 6 en 57,314 segundos.
TROMBOLIKO completó el nivel 7 en 57,613 segundos.
TROMBOLIKO completó el nivel 8 en 38,189 segundos.
AQWES completó el nivel 1 en 69,345 segundos.
AQWES completó el nivel 2 en 0,016 segundos.
AQWES completó el nivel 3 en 10,951 segundos.
AQWES completó el nivel 4 en 5,023 segundos.
AQWES completó el nivel 5 en 24,165 segundos.
AQWES completó el nivel 6 en 16,801 segundos.
AQWES completó el nivel 7 en 87,049 segundos.
AQWES completó el nivel 8 en 51,589 segundos.
AQWES completó el nivel 9 en 45,88 segundos.
AQWES completó el nivel 10 en 32,012 segundos.
AQWES completó el nivel 11 en 129,761 segundos.
AQWES completó el nivel 12 en 111,307 segundos.
CHEK completó el nivel 1 en 12,777 segundos.
CHEK completó el nivel 2 en 3,23 segundos.
CHEK completó el nivel 3 en 3,962 segundos.
CHEK completó el nivel 4 en 29,079 segundos.
CHEK completó el nivel 5 en 3,245 segundos.
CHEK completó el nivel 6 en 68,546 segundos.
CHEK completó el nivel 7 en 39,609 segundos.
CHEK completó el nivel 8 en 34,086 segundos.
CHEK completó el nivel 9 en 38,844 segundos.
CHEK completó el nivel 10 en 67,736 segundos.
CHEK completó el nivel 11 en 156,095 segundos.
CHEK completó el nivel 12 en 175,373 segundos.
NA completó el nivel 1 en 45,349 segundos.
NA completó el nivel 2 en 0,015 segundos.
NA completó el nivel 3 en 6,365 segundos.
NA completó el nivel 4 en 1,248 segundos.
NA completó el nivel 5 en 154,472 segundos.
RARA completó el nivel 1 en 58,937 segundos.
RARA completó el nivel 2 en 6,443 segundos.
RARA completó el nivel 3 en 0 segundos.
RARA completó el nivel 4 en 20,217 segundos.
RARA completó el nivel 5 en 42,667 segundos.
RARA completó el nivel 6 en 61,745 segundos.
